{"C:\\Users\\vance\\OneDrive\\Desktop\\College\\Fall 2020\\CSC 308\\Club-Hub\\client\\src\\App.tsx": {"path":"C:\\Users\\vance\\OneDrive\\Desktop\\College\\Fall 2020\\CSC 308\\Club-Hub\\client\\src\\App.tsx","statementMap":{"0":{"start":{"line":84,"column":0},"end":{"line":86,"column":3}},"1":{"start":{"line":99,"column":4},"end":{"line":99,"column":16}},"2":{"start":{"line":100,"column":4},"end":{"line":106,"column":5}},"3":{"start":{"line":111,"column":4},"end":{"line":115,"column":7}},"4":{"start":{"line":118,"column":4},"end":{"line":118,"column":60}},"5":{"start":{"line":127,"column":4},"end":{"line":127,"column":63}},"6":{"start":{"line":131,"column":4},"end":{"line":133,"column":6}},"7":{"start":{"line":132,"column":6},"end":{"line":132,"column":39}},"8":{"start":{"line":136,"column":17},"end":{"line":149,"column":3}},"9":{"start":{"line":137,"column":4},"end":{"line":144,"column":5}},"10":{"start":{"line":138,"column":6},"end":{"line":138,"column":52}},"11":{"start":{"line":139,"column":6},"end":{"line":139,"column":29}},"12":{"start":{"line":142,"column":6},"end":{"line":142,"column":78}},"13":{"start":{"line":143,"column":6},"end":{"line":143,"column":59}},"14":{"start":{"line":146,"column":4},"end":{"line":146,"column":21}},"15":{"start":{"line":148,"column":4},"end":{"line":148,"column":44}},"16":{"start":{"line":151,"column":12},"end":{"line":179,"column":3}},"17":{"start":{"line":152,"column":4},"end":{"line":152,"column":37}},"18":{"start":{"line":155,"column":4},"end":{"line":167,"column":6}},"19":{"start":{"line":156,"column":6},"end":{"line":166,"column":7}},"20":{"start":{"line":157,"column":8},"end":{"line":159,"column":9}},"21":{"start":{"line":162,"column":24},"end":{"line":162,"column":65}},"22":{"start":{"line":163,"column":8},"end":{"line":165,"column":9}},"23":{"start":{"line":169,"column":4},"end":{"line":178,"column":6}},"24":{"start":{"line":170,"column":6},"end":{"line":177,"column":7}},"25":{"start":{"line":171,"column":33},"end":{"line":171,"column":116}},"26":{"start":{"line":172,"column":8},"end":{"line":172,"column":41}},"27":{"start":{"line":173,"column":8},"end":{"line":173,"column":33}},"28":{"start":{"line":176,"column":8},"end":{"line":176,"column":34}},"29":{"start":{"line":181,"column":11},"end":{"line":184,"column":3}},"30":{"start":{"line":182,"column":4},"end":{"line":182,"column":82}},"31":{"start":{"line":183,"column":4},"end":{"line":183,"column":21}},"32":{"start":{"line":186,"column":12},"end":{"line":200,"column":3}},"33":{"start":{"line":187,"column":4},"end":{"line":199,"column":7}},"34":{"start":{"line":202,"column":13},"end":{"line":206,"column":3}},"35":{"start":{"line":203,"column":4},"end":{"line":205,"column":6}},"36":{"start":{"line":208,"column":15},"end":{"line":228,"column":3}},"37":{"start":{"line":210,"column":15},"end":{"line":210,"column":30}},"38":{"start":{"line":212,"column":4},"end":{"line":227,"column":6}},"39":{"start":{"line":233,"column":17},"end":{"line":233,"column":43}},"40":{"start":{"line":234,"column":24},"end":{"line":234,"column":86}},"41":{"start":{"line":234,"column":45},"end":{"line":234,"column":69}},"42":{"start":{"line":236,"column":4},"end":{"line":243,"column":5}},"43":{"start":{"line":237,"column":6},"end":{"line":242,"column":7}},"44":{"start":{"line":238,"column":8},"end":{"line":238,"column":85}},"45":{"start":{"line":238,"column":45},"end":{"line":238,"column":68}},"46":{"start":{"line":241,"column":8},"end":{"line":241,"column":93}},"47":{"start":{"line":241,"column":45},"end":{"line":241,"column":76}},"48":{"start":{"line":246,"column":30},"end":{"line":246,"column":105}},"49":{"start":{"line":248,"column":4},"end":{"line":304,"column":5}},"50":{"start":{"line":259,"column":61},"end":{"line":259,"column":149}},"51":{"start":{"line":260,"column":61},"end":{"line":260,"column":150}},"52":{"start":{"line":261,"column":61},"end":{"line":261,"column":153}},"53":{"start":{"line":262,"column":75},"end":{"line":262,"column":167}},"54":{"start":{"line":267,"column":109},"end":{"line":267,"column":158}},"55":{"start":{"line":271,"column":114},"end":{"line":271,"column":195}},"56":{"start":{"line":272,"column":105},"end":{"line":272,"column":165}},"57":{"start":{"line":308,"column":10},"end":{"line":313,"column":3}},"58":{"start":{"line":309,"column":4},"end":{"line":311,"column":5}},"59":{"start":{"line":310,"column":6},"end":{"line":310,"column":12}},"60":{"start":{"line":312,"column":4},"end":{"line":312,"column":136}},"61":{"start":{"line":312,"column":85},"end":{"line":312,"column":108}},"62":{"start":{"line":312,"column":125},"end":{"line":312,"column":135}}},"fnMap":{"0":{"name":"(anonymous_0)","decl":{"start":{"line":98,"column":2},"end":{"line":98,"column":3}},"loc":{"start":{"line":98,"column":26},"end":{"line":107,"column":3}},"line":98},"1":{"name":"(anonymous_1)","decl":{"start":{"line":110,"column":2},"end":{"line":110,"column":3}},"loc":{"start":{"line":110,"column":23},"end":{"line":119,"column":3}},"line":110},"2":{"name":"(anonymous_2)","decl":{"start":{"line":122,"column":2},"end":{"line":122,"column":3}},"loc":{"start":{"line":122,"column":22},"end":{"line":123,"column":3}},"line":122},"3":{"name":"(anonymous_3)","decl":{"start":{"line":125,"column":2},"end":{"line":125,"column":3}},"loc":{"start":{"line":125,"column":24},"end":{"line":128,"column":3}},"line":125},"4":{"name":"(anonymous_4)","decl":{"start":{"line":130,"column":2},"end":{"line":130,"column":3}},"loc":{"start":{"line":130,"column":20},"end":{"line":134,"column":3}},"line":130},"5":{"name":"(anonymous_5)","decl":{"start":{"line":131,"column":20},"end":{"line":131,"column":21}},"loc":{"start":{"line":132,"column":6},"end":{"line":132,"column":39}},"line":132},"6":{"name":"(anonymous_6)","decl":{"start":{"line":136,"column":17},"end":{"line":136,"column":18}},"loc":{"start":{"line":136,"column":33},"end":{"line":149,"column":3}},"line":136},"7":{"name":"(anonymous_7)","decl":{"start":{"line":151,"column":12},"end":{"line":151,"column":13}},"loc":{"start":{"line":151,"column":30},"end":{"line":179,"column":3}},"line":151},"8":{"name":"(anonymous_8)","decl":{"start":{"line":155,"column":18},"end":{"line":155,"column":19}},"loc":{"start":{"line":155,"column":31},"end":{"line":167,"column":5}},"line":155},"9":{"name":"(anonymous_9)","decl":{"start":{"line":169,"column":18},"end":{"line":169,"column":19}},"loc":{"start":{"line":169,"column":31},"end":{"line":178,"column":5}},"line":169},"10":{"name":"(anonymous_10)","decl":{"start":{"line":181,"column":11},"end":{"line":181,"column":12}},"loc":{"start":{"line":181,"column":17},"end":{"line":184,"column":3}},"line":181},"11":{"name":"(anonymous_11)","decl":{"start":{"line":186,"column":12},"end":{"line":186,"column":13}},"loc":{"start":{"line":186,"column":25},"end":{"line":200,"column":3}},"line":186},"12":{"name":"(anonymous_12)","decl":{"start":{"line":202,"column":13},"end":{"line":202,"column":14}},"loc":{"start":{"line":202,"column":19},"end":{"line":206,"column":3}},"line":202},"13":{"name":"(anonymous_13)","decl":{"start":{"line":208,"column":15},"end":{"line":208,"column":16}},"loc":{"start":{"line":208,"column":93},"end":{"line":228,"column":3}},"line":208},"14":{"name":"(anonymous_14)","decl":{"start":{"line":231,"column":2},"end":{"line":231,"column":3}},"loc":{"start":{"line":231,"column":11},"end":{"line":305,"column":3}},"line":231},"15":{"name":"(anonymous_15)","decl":{"start":{"line":234,"column":39},"end":{"line":234,"column":40}},"loc":{"start":{"line":234,"column":45},"end":{"line":234,"column":69}},"line":234},"16":{"name":"(anonymous_16)","decl":{"start":{"line":238,"column":39},"end":{"line":238,"column":40}},"loc":{"start":{"line":238,"column":45},"end":{"line":238,"column":68}},"line":238},"17":{"name":"(anonymous_17)","decl":{"start":{"line":241,"column":39},"end":{"line":241,"column":40}},"loc":{"start":{"line":241,"column":45},"end":{"line":241,"column":76}},"line":241},"18":{"name":"(anonymous_18)","decl":{"start":{"line":259,"column":50},"end":{"line":259,"column":51}},"loc":{"start":{"line":259,"column":61},"end":{"line":259,"column":149}},"line":259},"19":{"name":"(anonymous_19)","decl":{"start":{"line":260,"column":50},"end":{"line":260,"column":51}},"loc":{"start":{"line":260,"column":61},"end":{"line":260,"column":150}},"line":260},"20":{"name":"(anonymous_20)","decl":{"start":{"line":261,"column":50},"end":{"line":261,"column":51}},"loc":{"start":{"line":261,"column":61},"end":{"line":261,"column":153}},"line":261},"21":{"name":"(anonymous_21)","decl":{"start":{"line":262,"column":64},"end":{"line":262,"column":65}},"loc":{"start":{"line":262,"column":75},"end":{"line":262,"column":167}},"line":262},"22":{"name":"(anonymous_22)","decl":{"start":{"line":267,"column":98},"end":{"line":267,"column":99}},"loc":{"start":{"line":267,"column":109},"end":{"line":267,"column":158}},"line":267},"23":{"name":"(anonymous_23)","decl":{"start":{"line":271,"column":103},"end":{"line":271,"column":104}},"loc":{"start":{"line":271,"column":114},"end":{"line":271,"column":195}},"line":271},"24":{"name":"(anonymous_24)","decl":{"start":{"line":272,"column":94},"end":{"line":272,"column":95}},"loc":{"start":{"line":272,"column":105},"end":{"line":272,"column":165}},"line":272},"25":{"name":"(anonymous_25)","decl":{"start":{"line":308,"column":10},"end":{"line":308,"column":11}},"loc":{"start":{"line":308,"column":43},"end":{"line":313,"column":3}},"line":308},"26":{"name":"(anonymous_26)","decl":{"start":{"line":312,"column":66},"end":{"line":312,"column":67}},"loc":{"start":{"line":312,"column":85},"end":{"line":312,"column":108}},"line":312},"27":{"name":"(anonymous_27)","decl":{"start":{"line":312,"column":110},"end":{"line":312,"column":111}},"loc":{"start":{"line":312,"column":125},"end":{"line":312,"column":135}},"line":312}},"branchMap":{"0":{"loc":{"start":{"line":137,"column":4},"end":{"line":144,"column":5}},"type":"if","locations":[{"start":{"line":137,"column":4},"end":{"line":144,"column":5}},{"start":{"line":137,"column":4},"end":{"line":144,"column":5}}],"line":137},"1":{"loc":{"start":{"line":156,"column":6},"end":{"line":166,"column":7}},"type":"if","locations":[{"start":{"line":156,"column":6},"end":{"line":166,"column":7}},{"start":{"line":156,"column":6},"end":{"line":166,"column":7}}],"line":156},"2":{"loc":{"start":{"line":170,"column":6},"end":{"line":177,"column":7}},"type":"if","locations":[{"start":{"line":170,"column":6},"end":{"line":177,"column":7}},{"start":{"line":170,"column":6},"end":{"line":177,"column":7}}],"line":170},"3":{"loc":{"start":{"line":236,"column":4},"end":{"line":243,"column":5}},"type":"if","locations":[{"start":{"line":236,"column":4},"end":{"line":243,"column":5}},{"start":{"line":236,"column":4},"end":{"line":243,"column":5}}],"line":236},"4":{"loc":{"start":{"line":237,"column":6},"end":{"line":242,"column":7}},"type":"if","locations":[{"start":{"line":237,"column":6},"end":{"line":242,"column":7}},{"start":{"line":237,"column":6},"end":{"line":242,"column":7}}],"line":237},"5":{"loc":{"start":{"line":252,"column":13},"end":{"line":253,"column":31}},"type":"binary-expr","locations":[{"start":{"line":252,"column":14},"end":{"line":252,"column":20}},{"start":{"line":252,"column":24},"end":{"line":252,"column":45}},{"start":{"line":253,"column":14},"end":{"line":253,"column":31}}],"line":252},"6":{"loc":{"start":{"line":259,"column":61},"end":{"line":259,"column":149}},"type":"cond-expr","locations":[{"start":{"line":259,"column":72},"end":{"line":259,"column":93}},{"start":{"line":259,"column":96},"end":{"line":259,"column":149}}],"line":259},"7":{"loc":{"start":{"line":260,"column":61},"end":{"line":260,"column":150}},"type":"cond-expr","locations":[{"start":{"line":260,"column":72},"end":{"line":260,"column":93}},{"start":{"line":260,"column":96},"end":{"line":260,"column":150}}],"line":260},"8":{"loc":{"start":{"line":261,"column":61},"end":{"line":261,"column":153}},"type":"cond-expr","locations":[{"start":{"line":261,"column":72},"end":{"line":261,"column":93}},{"start":{"line":261,"column":96},"end":{"line":261,"column":153}}],"line":261},"9":{"loc":{"start":{"line":262,"column":75},"end":{"line":262,"column":167}},"type":"cond-expr","locations":[{"start":{"line":262,"column":86},"end":{"line":262,"column":107}},{"start":{"line":262,"column":110},"end":{"line":262,"column":167}}],"line":262},"10":{"loc":{"start":{"line":276,"column":17},"end":{"line":296,"column":30}},"type":"cond-expr","locations":[{"start":{"line":277,"column":18},"end":{"line":294,"column":30}},{"start":{"line":296,"column":18},"end":{"line":296,"column":30}}],"line":276},"11":{"loc":{"start":{"line":309,"column":4},"end":{"line":311,"column":5}},"type":"if","locations":[{"start":{"line":309,"column":4},"end":{"line":311,"column":5}},{"start":{"line":309,"column":4},"end":{"line":311,"column":5}}],"line":309}},"s":{"0":1,"1":1,"2":1,"3":1,"4":1,"5":1,"6":0,"7":0,"8":1,"9":0,"10":0,"11":0,"12":0,"13":0,"14":0,"15":0,"16":1,"17":0,"18":0,"19":0,"20":0,"21":0,"22":0,"23":0,"24":0,"25":0,"26":0,"27":0,"28":0,"29":1,"30":0,"31":0,"32":1,"33":0,"34":1,"35":0,"36":1,"37":0,"38":0,"39":1,"40":1,"41":0,"42":1,"43":0,"44":0,"45":0,"46":0,"47":0,"48":1,"49":1,"50":0,"51":0,"52":0,"53":0,"54":0,"55":0,"56":0,"57":1,"58":0,"59":0,"60":0,"61":0,"62":0},"f":{"0":1,"1":1,"2":1,"3":1,"4":0,"5":0,"6":0,"7":0,"8":0,"9":0,"10":0,"11":0,"12":0,"13":0,"14":1,"15":0,"16":0,"17":0,"18":0,"19":0,"20":0,"21":0,"22":0,"23":0,"24":0,"25":0,"26":0,"27":0},"b":{"0":[0,0],"1":[0,0],"2":[0,0],"3":[0,1],"4":[0,0],"5":[1,0,0],"6":[0,0],"7":[0,0],"8":[0,0],"9":[0,0],"10":[0,1],"11":[0,0]},"_coverageSchema":"43e27e138ebf9cfc5966b082cf9a028302ed4184","hash":"b2603dcb3f2779daf14ddc2b3c2e34023ed17e1c"}
,"C:\\Users\\vance\\OneDrive\\Desktop\\College\\Fall 2020\\CSC 308\\Club-Hub\\client\\src\\ClubContext.tsx": {"path":"C:\\Users\\vance\\OneDrive\\Desktop\\College\\Fall 2020\\CSC 308\\Club-Hub\\client\\src\\ClubContext.tsx","statementMap":{"0":{"start":{"line":4,"column":27},"end":{"line":4,"column":88}}},"fnMap":{},"branchMap":{},"s":{"0":1},"f":{},"b":{},"_coverageSchema":"43e27e138ebf9cfc5966b082cf9a028302ed4184","hash":"afa06e4c97abd4a1ae70b4e687afde3aab5a8083"}
,"C:\\Users\\vance\\OneDrive\\Desktop\\College\\Fall 2020\\CSC 308\\Club-Hub\\client\\src\\DummyData.tsx": {"path":"C:\\Users\\vance\\OneDrive\\Desktop\\College\\Fall 2020\\CSC 308\\Club-Hub\\client\\src\\DummyData.tsx","statementMap":{"0":{"start":{"line":9,"column":27},"end":{"line":9,"column":50}},"1":{"start":{"line":12,"column":17},"end":{"line":12,"column":177}},"2":{"start":{"line":13,"column":0},"end":{"line":13,"column":191}},"3":{"start":{"line":15,"column":17},"end":{"line":15,"column":153}},"4":{"start":{"line":16,"column":0},"end":{"line":16,"column":158}},"5":{"start":{"line":18,"column":17},"end":{"line":18,"column":177}},"6":{"start":{"line":19,"column":0},"end":{"line":19,"column":160}},"7":{"start":{"line":20,"column":0},"end":{"line":20,"column":149}},"8":{"start":{"line":22,"column":17},"end":{"line":22,"column":187}},"9":{"start":{"line":24,"column":0},"end":{"line":24,"column":36}},"10":{"start":{"line":25,"column":0},"end":{"line":25,"column":36}},"11":{"start":{"line":26,"column":0},"end":{"line":26,"column":36}},"12":{"start":{"line":27,"column":0},"end":{"line":27,"column":36}},"13":{"start":{"line":29,"column":29},"end":{"line":29,"column":101}}},"fnMap":{},"branchMap":{},"s":{"0":1,"1":1,"2":1,"3":1,"4":1,"5":1,"6":1,"7":1,"8":1,"9":1,"10":1,"11":1,"12":1,"13":1},"f":{},"b":{},"_coverageSchema":"43e27e138ebf9cfc5966b082cf9a028302ed4184","hash":"e0b9ae50da087320bed3f0b744c7e8950591aaec"}
,"C:\\Users\\vance\\OneDrive\\Desktop\\College\\Fall 2020\\CSC 308\\Club-Hub\\client\\src\\UserContext.tsx": {"path":"C:\\Users\\vance\\OneDrive\\Desktop\\College\\Fall 2020\\CSC 308\\Club-Hub\\client\\src\\UserContext.tsx","statementMap":{"0":{"start":{"line":19,"column":27},"end":{"line":19,"column":78}}},"fnMap":{},"branchMap":{},"s":{"0":1},"f":{},"b":{},"_coverageSchema":"43e27e138ebf9cfc5966b082cf9a028302ed4184","hash":"9652b37b6254c198858bc43d0d93f73ec35a936a"}
,"C:\\Users\\vance\\OneDrive\\Desktop\\College\\Fall 2020\\CSC 308\\Club-Hub\\client\\src\\constants.js": {"path":"C:\\Users\\vance\\OneDrive\\Desktop\\College\\Fall 2020\\CSC 308\\Club-Hub\\client\\src\\constants.js","statementMap":{"0":{"start":{"line":2,"column":13},"end":{"line":2,"column":47}},"1":{"start":{"line":4,"column":12},"end":{"line":4,"column":35}},"2":{"start":{"line":6,"column":27},"end":{"line":6,"column":78}}},"fnMap":{},"branchMap":{"0":{"loc":{"start":{"line":6,"column":27},"end":{"line":6,"column":78}},"type":"cond-expr","locations":[{"start":{"line":6,"column":68},"end":{"line":6,"column":71}},{"start":{"line":6,"column":74},"end":{"line":6,"column":78}}],"line":6}},"s":{"0":1,"1":1,"2":1},"f":{},"b":{"0":[0,1]},"_coverageSchema":"43e27e138ebf9cfc5966b082cf9a028302ed4184","hash":"aff050d07dabe4c2d50adbc0fe17d03176cec85b"}
,"C:\\Users\\vance\\OneDrive\\Desktop\\College\\Fall 2020\\CSC 308\\Club-Hub\\client\\src\\history.tsx": {"path":"C:\\Users\\vance\\OneDrive\\Desktop\\College\\Fall 2020\\CSC 308\\Club-Hub\\client\\src\\history.tsx","statementMap":{},"fnMap":{},"branchMap":{},"s":{},"f":{},"b":{},"_coverageSchema":"43e27e138ebf9cfc5966b082cf9a028302ed4184","hash":"1cad1c5be3135504712130b79593db7e416b1256"}
,"C:\\Users\\vance\\OneDrive\\Desktop\\College\\Fall 2020\\CSC 308\\Club-Hub\\client\\src\\index.tsx": {"path":"C:\\Users\\vance\\OneDrive\\Desktop\\College\\Fall 2020\\CSC 308\\Club-Hub\\client\\src\\index.tsx","statementMap":{"0":{"start":{"line":9,"column":0},"end":{"line":9,"column":29}},"1":{"start":{"line":11,"column":0},"end":{"line":11,"column":58}},"2":{"start":{"line":16,"column":0},"end":{"line":16,"column":27}}},"fnMap":{},"branchMap":{},"s":{"0":0,"1":0,"2":0},"f":{},"b":{},"hash":"f179b506f51852c934aadcc73167eed974061c40"}
,"C:\\Users\\vance\\OneDrive\\Desktop\\College\\Fall 2020\\CSC 308\\Club-Hub\\client\\src\\serviceWorker.ts": {"path":"C:\\Users\\vance\\OneDrive\\Desktop\\College\\Fall 2020\\CSC 308\\Club-Hub\\client\\src\\serviceWorker.ts","statementMap":{"0":{"start":{"line":13,"column":20},"end":{"line":21,"column":1}},"1":{"start":{"line":29,"column":2},"end":{"line":62,"column":3}},"2":{"start":{"line":31,"column":22},"end":{"line":34,"column":5}},"3":{"start":{"line":35,"column":4},"end":{"line":40,"column":5}},"4":{"start":{"line":39,"column":6},"end":{"line":39,"column":13}},"5":{"start":{"line":42,"column":4},"end":{"line":61,"column":7}},"6":{"start":{"line":43,"column":20},"end":{"line":43,"column":65}},"7":{"start":{"line":45,"column":6},"end":{"line":60,"column":7}},"8":{"start":{"line":47,"column":8},"end":{"line":47,"column":47}},"9":{"start":{"line":51,"column":8},"end":{"line":56,"column":11}},"10":{"start":{"line":52,"column":10},"end":{"line":55,"column":12}},"11":{"start":{"line":59,"column":8},"end":{"line":59,"column":39}},"12":{"start":{"line":66,"column":2},"end":{"line":106,"column":7}},"13":{"start":{"line":69,"column":6},"end":{"line":102,"column":8}},"14":{"start":{"line":70,"column":33},"end":{"line":70,"column":56}},"15":{"start":{"line":71,"column":8},"end":{"line":73,"column":9}},"16":{"start":{"line":72,"column":10},"end":{"line":72,"column":17}},"17":{"start":{"line":74,"column":8},"end":{"line":101,"column":10}},"18":{"start":{"line":75,"column":10},"end":{"line":100,"column":11}},"19":{"start":{"line":76,"column":12},"end":{"line":99,"column":13}},"20":{"start":{"line":80,"column":14},"end":{"line":83,"column":16}},"21":{"start":{"line":86,"column":14},"end":{"line":88,"column":15}},"22":{"start":{"line":87,"column":16},"end":{"line":87,"column":46}},"23":{"start":{"line":93,"column":14},"end":{"line":93,"column":64}},"24":{"start":{"line":96,"column":14},"end":{"line":98,"column":15}},"25":{"start":{"line":97,"column":16},"end":{"line":97,"column":47}},"26":{"start":{"line":105,"column":6},"end":{"line":105,"column":72}},"27":{"start":{"line":111,"column":2},"end":{"line":136,"column":7}},"28":{"start":{"line":116,"column":26},"end":{"line":116,"column":62}},"29":{"start":{"line":117,"column":6},"end":{"line":130,"column":7}},"30":{"start":{"line":122,"column":8},"end":{"line":126,"column":11}},"31":{"start":{"line":123,"column":10},"end":{"line":125,"column":13}},"32":{"start":{"line":124,"column":12},"end":{"line":124,"column":37}},"33":{"start":{"line":129,"column":8},"end":{"line":129,"column":39}},"34":{"start":{"line":133,"column":6},"end":{"line":135,"column":8}},"35":{"start":{"line":140,"column":2},"end":{"line":144,"column":3}},"36":{"start":{"line":141,"column":4},"end":{"line":143,"column":7}},"37":{"start":{"line":142,"column":6},"end":{"line":142,"column":32}}},"fnMap":{"0":{"name":"register","decl":{"start":{"line":28,"column":16},"end":{"line":28,"column":24}},"loc":{"start":{"line":28,"column":42},"end":{"line":63,"column":1}},"line":28},"1":{"name":"(anonymous_1)","decl":{"start":{"line":42,"column":36},"end":{"line":42,"column":37}},"loc":{"start":{"line":42,"column":42},"end":{"line":61,"column":5}},"line":42},"2":{"name":"(anonymous_2)","decl":{"start":{"line":51,"column":43},"end":{"line":51,"column":44}},"loc":{"start":{"line":51,"column":49},"end":{"line":56,"column":9}},"line":51},"3":{"name":"registerValidSW","decl":{"start":{"line":65,"column":9},"end":{"line":65,"column":24}},"loc":{"start":{"line":65,"column":57},"end":{"line":107,"column":1}},"line":65},"4":{"name":"(anonymous_4)","decl":{"start":{"line":68,"column":10},"end":{"line":68,"column":11}},"loc":{"start":{"line":68,"column":26},"end":{"line":103,"column":5}},"line":68},"5":{"name":"(anonymous_5)","decl":{"start":{"line":69,"column":35},"end":{"line":69,"column":36}},"loc":{"start":{"line":69,"column":41},"end":{"line":102,"column":7}},"line":69},"6":{"name":"(anonymous_6)","decl":{"start":{"line":74,"column":41},"end":{"line":74,"column":42}},"loc":{"start":{"line":74,"column":47},"end":{"line":101,"column":9}},"line":74},"7":{"name":"(anonymous_7)","decl":{"start":{"line":104,"column":11},"end":{"line":104,"column":12}},"loc":{"start":{"line":104,"column":20},"end":{"line":106,"column":5}},"line":104},"8":{"name":"checkValidServiceWorker","decl":{"start":{"line":109,"column":9},"end":{"line":109,"column":32}},"loc":{"start":{"line":109,"column":65},"end":{"line":137,"column":1}},"line":109},"9":{"name":"(anonymous_9)","decl":{"start":{"line":114,"column":10},"end":{"line":114,"column":11}},"loc":{"start":{"line":114,"column":22},"end":{"line":131,"column":5}},"line":114},"10":{"name":"(anonymous_10)","decl":{"start":{"line":122,"column":43},"end":{"line":122,"column":44}},"loc":{"start":{"line":122,"column":59},"end":{"line":126,"column":9}},"line":122},"11":{"name":"(anonymous_11)","decl":{"start":{"line":123,"column":41},"end":{"line":123,"column":42}},"loc":{"start":{"line":123,"column":47},"end":{"line":125,"column":11}},"line":123},"12":{"name":"(anonymous_12)","decl":{"start":{"line":132,"column":11},"end":{"line":132,"column":12}},"loc":{"start":{"line":132,"column":17},"end":{"line":136,"column":5}},"line":132},"13":{"name":"unregister","decl":{"start":{"line":139,"column":16},"end":{"line":139,"column":26}},"loc":{"start":{"line":139,"column":29},"end":{"line":145,"column":1}},"line":139},"14":{"name":"(anonymous_14)","decl":{"start":{"line":141,"column":39},"end":{"line":141,"column":40}},"loc":{"start":{"line":141,"column":55},"end":{"line":143,"column":5}},"line":141}},"branchMap":{"0":{"loc":{"start":{"line":14,"column":2},"end":{"line":20,"column":5}},"type":"binary-expr","locations":[{"start":{"line":14,"column":2},"end":{"line":14,"column":42}},{"start":{"line":16,"column":4},"end":{"line":16,"column":40}},{"start":{"line":18,"column":4},"end":{"line":20,"column":5}}],"line":14},"1":{"loc":{"start":{"line":29,"column":2},"end":{"line":62,"column":3}},"type":"if","locations":[{"start":{"line":29,"column":2},"end":{"line":62,"column":3}},{"start":{"line":29,"column":2},"end":{"line":62,"column":3}}],"line":29},"2":{"loc":{"start":{"line":29,"column":6},"end":{"line":29,"column":75}},"type":"binary-expr","locations":[{"start":{"line":29,"column":6},"end":{"line":29,"column":43}},{"start":{"line":29,"column":47},"end":{"line":29,"column":75}}],"line":29},"3":{"loc":{"start":{"line":35,"column":4},"end":{"line":40,"column":5}},"type":"if","locations":[{"start":{"line":35,"column":4},"end":{"line":40,"column":5}},{"start":{"line":35,"column":4},"end":{"line":40,"column":5}}],"line":35},"4":{"loc":{"start":{"line":45,"column":6},"end":{"line":60,"column":7}},"type":"if","locations":[{"start":{"line":45,"column":6},"end":{"line":60,"column":7}},{"start":{"line":45,"column":6},"end":{"line":60,"column":7}}],"line":45},"5":{"loc":{"start":{"line":71,"column":8},"end":{"line":73,"column":9}},"type":"if","locations":[{"start":{"line":71,"column":8},"end":{"line":73,"column":9}},{"start":{"line":71,"column":8},"end":{"line":73,"column":9}}],"line":71},"6":{"loc":{"start":{"line":75,"column":10},"end":{"line":100,"column":11}},"type":"if","locations":[{"start":{"line":75,"column":10},"end":{"line":100,"column":11}},{"start":{"line":75,"column":10},"end":{"line":100,"column":11}}],"line":75},"7":{"loc":{"start":{"line":76,"column":12},"end":{"line":99,"column":13}},"type":"if","locations":[{"start":{"line":76,"column":12},"end":{"line":99,"column":13}},{"start":{"line":76,"column":12},"end":{"line":99,"column":13}}],"line":76},"8":{"loc":{"start":{"line":86,"column":14},"end":{"line":88,"column":15}},"type":"if","locations":[{"start":{"line":86,"column":14},"end":{"line":88,"column":15}},{"start":{"line":86,"column":14},"end":{"line":88,"column":15}}],"line":86},"9":{"loc":{"start":{"line":86,"column":18},"end":{"line":86,"column":43}},"type":"binary-expr","locations":[{"start":{"line":86,"column":18},"end":{"line":86,"column":24}},{"start":{"line":86,"column":28},"end":{"line":86,"column":43}}],"line":86},"10":{"loc":{"start":{"line":96,"column":14},"end":{"line":98,"column":15}},"type":"if","locations":[{"start":{"line":96,"column":14},"end":{"line":98,"column":15}},{"start":{"line":96,"column":14},"end":{"line":98,"column":15}}],"line":96},"11":{"loc":{"start":{"line":96,"column":18},"end":{"line":96,"column":44}},"type":"binary-expr","locations":[{"start":{"line":96,"column":18},"end":{"line":96,"column":24}},{"start":{"line":96,"column":28},"end":{"line":96,"column":44}}],"line":96},"12":{"loc":{"start":{"line":117,"column":6},"end":{"line":130,"column":7}},"type":"if","locations":[{"start":{"line":117,"column":6},"end":{"line":130,"column":7}},{"start":{"line":117,"column":6},"end":{"line":130,"column":7}}],"line":117},"13":{"loc":{"start":{"line":118,"column":8},"end":{"line":119,"column":73}},"type":"binary-expr","locations":[{"start":{"line":118,"column":8},"end":{"line":118,"column":31}},{"start":{"line":119,"column":9},"end":{"line":119,"column":28}},{"start":{"line":119,"column":32},"end":{"line":119,"column":72}}],"line":118},"14":{"loc":{"start":{"line":140,"column":2},"end":{"line":144,"column":3}},"type":"if","locations":[{"start":{"line":140,"column":2},"end":{"line":144,"column":3}},{"start":{"line":140,"column":2},"end":{"line":144,"column":3}}],"line":140}},"s":{"0":0,"1":0,"2":0,"3":0,"4":0,"5":0,"6":0,"7":0,"8":0,"9":0,"10":0,"11":0,"12":0,"13":0,"14":0,"15":0,"16":0,"17":0,"18":0,"19":0,"20":0,"21":0,"22":0,"23":0,"24":0,"25":0,"26":0,"27":0,"28":0,"29":0,"30":0,"31":0,"32":0,"33":0,"34":0,"35":0,"36":0,"37":0},"f":{"0":0,"1":0,"2":0,"3":0,"4":0,"5":0,"6":0,"7":0,"8":0,"9":0,"10":0,"11":0,"12":0,"13":0,"14":0},"b":{"0":[0,0,0],"1":[0,0],"2":[0,0],"3":[0,0],"4":[0,0],"5":[0,0],"6":[0,0],"7":[0,0],"8":[0,0],"9":[0,0],"10":[0,0],"11":[0,0],"12":[0,0],"13":[0,0,0],"14":[0,0]},"hash":"d181e6305d8f96846d7dc365c617c8fe3500ce34"}
,"C:\\Users\\vance\\OneDrive\\Desktop\\College\\Fall 2020\\CSC 308\\Club-Hub\\client\\src\\components\\Club.tsx": {"path":"C:\\Users\\vance\\OneDrive\\Desktop\\College\\Fall 2020\\CSC 308\\Club-Hub\\client\\src\\components\\Club.tsx","statementMap":{"0":{"start":{"line":20,"column":4},"end":{"line":20,"column":21}},"1":{"start":{"line":21,"column":4},"end":{"line":21,"column":17}},"2":{"start":{"line":22,"column":4},"end":{"line":22,"column":35}},"3":{"start":{"line":23,"column":4},"end":{"line":23,"column":37}},"4":{"start":{"line":24,"column":4},"end":{"line":24,"column":35}},"5":{"start":{"line":25,"column":4},"end":{"line":25,"column":35}},"6":{"start":{"line":26,"column":4},"end":{"line":26,"column":25}},"7":{"start":{"line":27,"column":4},"end":{"line":27,"column":21}},"8":{"start":{"line":28,"column":4},"end":{"line":28,"column":29}},"9":{"start":{"line":29,"column":4},"end":{"line":29,"column":35}},"10":{"start":{"line":30,"column":4},"end":{"line":30,"column":25}},"11":{"start":{"line":36,"column":4},"end":{"line":36,"column":19}},"12":{"start":{"line":41,"column":12},"end":{"line":41,"column":96}},"13":{"start":{"line":42,"column":4},"end":{"line":42,"column":24}}},"fnMap":{"0":{"name":"(anonymous_0)","decl":{"start":{"line":18,"column":2},"end":{"line":18,"column":3}},"loc":{"start":{"line":19,"column":127},"end":{"line":32,"column":3}},"line":19},"1":{"name":"(anonymous_1)","decl":{"start":{"line":35,"column":2},"end":{"line":35,"column":3}},"loc":{"start":{"line":35,"column":10},"end":{"line":37,"column":3}},"line":35},"2":{"name":"(anonymous_2)","decl":{"start":{"line":39,"column":2},"end":{"line":39,"column":3}},"loc":{"start":{"line":40,"column":75},"end":{"line":43,"column":3}},"line":40}},"branchMap":{},"s":{"0":4,"1":4,"2":4,"3":4,"4":4,"5":4,"6":4,"7":4,"8":4,"9":4,"10":4,"11":0,"12":4,"13":4},"f":{"0":4,"1":0,"2":4},"b":{},"_coverageSchema":"43e27e138ebf9cfc5966b082cf9a028302ed4184","hash":"8244e8d13d049d2f78732415584fa7e372bfeddd"}
,"C:\\Users\\vance\\OneDrive\\Desktop\\College\\Fall 2020\\CSC 308\\Club-Hub\\client\\src\\components\\Event.tsx": {"path":"C:\\Users\\vance\\OneDrive\\Desktop\\College\\Fall 2020\\CSC 308\\Club-Hub\\client\\src\\components\\Event.tsx","statementMap":{"0":{"start":{"line":10,"column":16},"end":{"line":10,"column":74}},"1":{"start":{"line":12,"column":17},"end":{"line":12,"column":35}},"2":{"start":{"line":14,"column":2},"end":{"line":16,"column":3}},"3":{"start":{"line":15,"column":4},"end":{"line":15,"column":47}},"4":{"start":{"line":17,"column":2},"end":{"line":17,"column":31}},"5":{"start":{"line":18,"column":2},"end":{"line":20,"column":3}},"6":{"start":{"line":19,"column":4},"end":{"line":19,"column":48}},"7":{"start":{"line":21,"column":2},"end":{"line":21,"column":29}},"8":{"start":{"line":22,"column":2},"end":{"line":24,"column":3}},"9":{"start":{"line":23,"column":4},"end":{"line":23,"column":46}},"10":{"start":{"line":25,"column":2},"end":{"line":25,"column":28}},"11":{"start":{"line":26,"column":2},"end":{"line":28,"column":3}},"12":{"start":{"line":27,"column":4},"end":{"line":27,"column":47}},"13":{"start":{"line":29,"column":2},"end":{"line":29,"column":26}},"14":{"start":{"line":30,"column":2},"end":{"line":32,"column":3}},"15":{"start":{"line":31,"column":4},"end":{"line":31,"column":49}},"16":{"start":{"line":33,"column":2},"end":{"line":33,"column":46}},"17":{"start":{"line":38,"column":4},"end":{"line":38,"column":16}},"18":{"start":{"line":39,"column":4},"end":{"line":41,"column":5}},"19":{"start":{"line":47,"column":12},"end":{"line":47,"column":24}},"20":{"start":{"line":49,"column":4},"end":{"line":89,"column":5}},"21":{"start":{"line":52,"column":57},"end":{"line":52,"column":76}},"22":{"start":{"line":76,"column":130},"end":{"line":76,"column":171}},"23":{"start":{"line":98,"column":19},"end":{"line":98,"column":24}},"24":{"start":{"line":102,"column":4},"end":{"line":102,"column":46}},"25":{"start":{"line":103,"column":4},"end":{"line":103,"column":23}},"26":{"start":{"line":104,"column":4},"end":{"line":104,"column":31}},"27":{"start":{"line":105,"column":4},"end":{"line":105,"column":31}},"28":{"start":{"line":106,"column":4},"end":{"line":106,"column":29}},"29":{"start":{"line":110,"column":4},"end":{"line":112,"column":5}}},"fnMap":{"0":{"name":"timeSince","decl":{"start":{"line":8,"column":9},"end":{"line":8,"column":18}},"loc":{"start":{"line":8,"column":32},"end":{"line":34,"column":1}},"line":8},"1":{"name":"(anonymous_1)","decl":{"start":{"line":37,"column":2},"end":{"line":37,"column":3}},"loc":{"start":{"line":37,"column":26},"end":{"line":42,"column":3}},"line":37},"2":{"name":"(anonymous_2)","decl":{"start":{"line":46,"column":2},"end":{"line":46,"column":3}},"loc":{"start":{"line":46,"column":11},"end":{"line":90,"column":3}},"line":46},"3":{"name":"(anonymous_3)","decl":{"start":{"line":52,"column":51},"end":{"line":52,"column":52}},"loc":{"start":{"line":52,"column":57},"end":{"line":52,"column":76}},"line":52},"4":{"name":"(anonymous_4)","decl":{"start":{"line":76,"column":124},"end":{"line":76,"column":125}},"loc":{"start":{"line":76,"column":130},"end":{"line":76,"column":171}},"line":76},"5":{"name":"(anonymous_5)","decl":{"start":{"line":100,"column":2},"end":{"line":100,"column":3}},"loc":{"start":{"line":101,"column":75},"end":{"line":107,"column":3}},"line":101},"6":{"name":"(anonymous_6)","decl":{"start":{"line":109,"column":2},"end":{"line":109,"column":3}},"loc":{"start":{"line":109,"column":63},"end":{"line":113,"column":3}},"line":109}},"branchMap":{"0":{"loc":{"start":{"line":14,"column":2},"end":{"line":16,"column":3}},"type":"if","locations":[{"start":{"line":14,"column":2},"end":{"line":16,"column":3}},{"start":{"line":14,"column":2},"end":{"line":16,"column":3}}],"line":14},"1":{"loc":{"start":{"line":18,"column":2},"end":{"line":20,"column":3}},"type":"if","locations":[{"start":{"line":18,"column":2},"end":{"line":20,"column":3}},{"start":{"line":18,"column":2},"end":{"line":20,"column":3}}],"line":18},"2":{"loc":{"start":{"line":22,"column":2},"end":{"line":24,"column":3}},"type":"if","locations":[{"start":{"line":22,"column":2},"end":{"line":24,"column":3}},{"start":{"line":22,"column":2},"end":{"line":24,"column":3}}],"line":22},"3":{"loc":{"start":{"line":26,"column":2},"end":{"line":28,"column":3}},"type":"if","locations":[{"start":{"line":26,"column":2},"end":{"line":28,"column":3}},{"start":{"line":26,"column":2},"end":{"line":28,"column":3}}],"line":26},"4":{"loc":{"start":{"line":30,"column":2},"end":{"line":32,"column":3}},"type":"if","locations":[{"start":{"line":30,"column":2},"end":{"line":32,"column":3}},{"start":{"line":30,"column":2},"end":{"line":32,"column":3}}],"line":30},"5":{"loc":{"start":{"line":51,"column":9},"end":{"line":57,"column":19}},"type":"binary-expr","locations":[{"start":{"line":51,"column":9},"end":{"line":51,"column":29}},{"start":{"line":52,"column":10},"end":{"line":57,"column":19}}],"line":51},"6":{"loc":{"start":{"line":76,"column":32},"end":{"line":76,"column":65}},"type":"cond-expr","locations":[{"start":{"line":76,"column":53},"end":{"line":76,"column":60}},{"start":{"line":76,"column":63},"end":{"line":76,"column":65}}],"line":76},"7":{"loc":{"start":{"line":76,"column":72},"end":{"line":76,"column":113}},"type":"cond-expr","locations":[{"start":{"line":76,"column":93},"end":{"line":76,"column":98}},{"start":{"line":76,"column":101},"end":{"line":76,"column":113}}],"line":76}},"s":{"0":5,"1":5,"2":5,"3":0,"4":5,"5":5,"6":0,"7":5,"8":5,"9":0,"10":5,"11":5,"12":0,"13":5,"14":5,"15":0,"16":5,"17":5,"18":5,"19":5,"20":5,"21":0,"22":0,"23":4,"24":4,"25":4,"26":4,"27":4,"28":4,"29":5},"f":{"0":5,"1":5,"2":5,"3":0,"4":0,"5":4,"6":5},"b":{"0":[0,5],"1":[0,5],"2":[0,5],"3":[0,5],"4":[0,5],"5":[5,4],"6":[0,5],"7":[0,5]},"_coverageSchema":"43e27e138ebf9cfc5966b082cf9a028302ed4184","hash":"3ebde064ead63dd58d0a9366a260f7de335ea504"}
,"C:\\Users\\vance\\OneDrive\\Desktop\\College\\Fall 2020\\CSC 308\\Club-Hub\\client\\src\\components\\ExploreContainer.tsx": {"path":"C:\\Users\\vance\\OneDrive\\Desktop\\College\\Fall 2020\\CSC 308\\Club-Hub\\client\\src\\components\\ExploreContainer.tsx","statementMap":{"0":{"start":{"line":8,"column":51},"end":{"line":15,"column":1}},"1":{"start":{"line":9,"column":2},"end":{"line":14,"column":4}}},"fnMap":{"0":{"name":"(anonymous_0)","decl":{"start":{"line":8,"column":51},"end":{"line":8,"column":52}},"loc":{"start":{"line":8,"column":65},"end":{"line":15,"column":1}},"line":8}},"branchMap":{},"s":{"0":0,"1":0},"f":{"0":0},"b":{},"hash":"f4c1b23300688fc7b10302f3425df44569036c86"}
,"C:\\Users\\vance\\OneDrive\\Desktop\\College\\Fall 2020\\CSC 308\\Club-Hub\\client\\src\\components\\Post.tsx": {"path":"C:\\Users\\vance\\OneDrive\\Desktop\\College\\Fall 2020\\CSC 308\\Club-Hub\\client\\src\\components\\Post.tsx","statementMap":{"0":{"start":{"line":16,"column":4},"end":{"line":16,"column":21}},"1":{"start":{"line":17,"column":4},"end":{"line":17,"column":17}},"2":{"start":{"line":18,"column":4},"end":{"line":18,"column":35}},"3":{"start":{"line":19,"column":4},"end":{"line":19,"column":21}},"4":{"start":{"line":20,"column":4},"end":{"line":20,"column":23}},"5":{"start":{"line":24,"column":4},"end":{"line":44,"column":5}}},"fnMap":{"0":{"name":"(anonymous_0)","decl":{"start":{"line":15,"column":2},"end":{"line":15,"column":3}},"loc":{"start":{"line":15,"column":87},"end":{"line":21,"column":3}},"line":15},"1":{"name":"(anonymous_1)","decl":{"start":{"line":23,"column":2},"end":{"line":23,"column":3}},"loc":{"start":{"line":23,"column":63},"end":{"line":45,"column":3}},"line":23}},"branchMap":{},"s":{"0":4,"1":4,"2":4,"3":4,"4":4,"5":0},"f":{"0":4,"1":0},"b":{},"_coverageSchema":"43e27e138ebf9cfc5966b082cf9a028302ed4184","hash":"b03f297c3038659e4f11f17a39b00241d41dd7c9"}
,"C:\\Users\\vance\\OneDrive\\Desktop\\College\\Fall 2020\\CSC 308\\Club-Hub\\client\\src\\components\\ProtectedRoute.tsx": {"path":"C:\\Users\\vance\\OneDrive\\Desktop\\College\\Fall 2020\\CSC 308\\Club-Hub\\client\\src\\components\\ProtectedRoute.tsx","statementMap":{"0":{"start":{"line":11,"column":61},"end":{"line":24,"column":1}},"1":{"start":{"line":12,"column":21},"end":{"line":12,"column":23}},"2":{"start":{"line":13,"column":2},"end":{"line":15,"column":3}},"3":{"start":{"line":14,"column":4},"end":{"line":14,"column":44}},"4":{"start":{"line":17,"column":2},"end":{"line":23,"column":3}},"5":{"start":{"line":18,"column":28},"end":{"line":18,"column":78}},"6":{"start":{"line":18,"column":34},"end":{"line":18,"column":78}},"7":{"start":{"line":19,"column":4},"end":{"line":19,"column":79}},"8":{"start":{"line":22,"column":4},"end":{"line":22,"column":32}}},"fnMap":{"0":{"name":"(anonymous_0)","decl":{"start":{"line":11,"column":61},"end":{"line":11,"column":62}},"loc":{"start":{"line":11,"column":70},"end":{"line":24,"column":1}},"line":11},"1":{"name":"(anonymous_1)","decl":{"start":{"line":18,"column":28},"end":{"line":18,"column":29}},"loc":{"start":{"line":18,"column":34},"end":{"line":18,"column":78}},"line":18}},"branchMap":{"0":{"loc":{"start":{"line":13,"column":2},"end":{"line":15,"column":3}},"type":"if","locations":[{"start":{"line":13,"column":2},"end":{"line":15,"column":3}},{"start":{"line":13,"column":2},"end":{"line":15,"column":3}}],"line":13},"1":{"loc":{"start":{"line":17,"column":2},"end":{"line":23,"column":3}},"type":"if","locations":[{"start":{"line":17,"column":2},"end":{"line":23,"column":3}},{"start":{"line":17,"column":2},"end":{"line":23,"column":3}}],"line":17}},"s":{"0":1,"1":0,"2":0,"3":0,"4":0,"5":0,"6":0,"7":0,"8":0},"f":{"0":0,"1":0},"b":{"0":[0,0],"1":[0,0]},"_coverageSchema":"43e27e138ebf9cfc5966b082cf9a028302ed4184","hash":"ec5c888999961e3db7419c3a1e210a038561b086"}
,"C:\\Users\\vance\\OneDrive\\Desktop\\College\\Fall 2020\\CSC 308\\Club-Hub\\client\\src\\components\\Student.tsx": {"path":"C:\\Users\\vance\\OneDrive\\Desktop\\College\\Fall 2020\\CSC 308\\Club-Hub\\client\\src\\components\\Student.tsx","statementMap":{"0":{"start":{"line":16,"column":4},"end":{"line":16,"column":17}},"1":{"start":{"line":17,"column":4},"end":{"line":17,"column":17}},"2":{"start":{"line":18,"column":4},"end":{"line":18,"column":17}},"3":{"start":{"line":19,"column":4},"end":{"line":19,"column":25}},"4":{"start":{"line":20,"column":4},"end":{"line":20,"column":23}},"5":{"start":{"line":21,"column":4},"end":{"line":21,"column":31}},"6":{"start":{"line":22,"column":4},"end":{"line":22,"column":30}},"7":{"start":{"line":23,"column":4},"end":{"line":23,"column":33}},"8":{"start":{"line":24,"column":4},"end":{"line":24,"column":23}},"9":{"start":{"line":25,"column":4},"end":{"line":25,"column":31}},"10":{"start":{"line":26,"column":4},"end":{"line":26,"column":45}},"11":{"start":{"line":31,"column":4},"end":{"line":31,"column":19}},"12":{"start":{"line":35,"column":4},"end":{"line":35,"column":32}}},"fnMap":{"0":{"name":"(anonymous_0)","decl":{"start":{"line":14,"column":2},"end":{"line":14,"column":3}},"loc":{"start":{"line":15,"column":94},"end":{"line":27,"column":3}},"line":15},"1":{"name":"(anonymous_1)","decl":{"start":{"line":30,"column":2},"end":{"line":30,"column":3}},"loc":{"start":{"line":30,"column":10},"end":{"line":32,"column":3}},"line":30},"2":{"name":"(anonymous_2)","decl":{"start":{"line":34,"column":2},"end":{"line":34,"column":3}},"loc":{"start":{"line":34,"column":30},"end":{"line":36,"column":3}},"line":34}},"branchMap":{},"s":{"0":2,"1":2,"2":2,"3":2,"4":2,"5":2,"6":2,"7":2,"8":2,"9":2,"10":2,"11":0,"12":0},"f":{"0":2,"1":0,"2":0},"b":{},"_coverageSchema":"43e27e138ebf9cfc5966b082cf9a028302ed4184","hash":"dc9a3a4bee11492c8a7e8c2f890b6f2e437b4086"}
,"C:\\Users\\vance\\OneDrive\\Desktop\\College\\Fall 2020\\CSC 308\\Club-Hub\\client\\src\\components\\backendDataConversion.tsx": {"path":"C:\\Users\\vance\\OneDrive\\Desktop\\College\\Fall 2020\\CSC 308\\Club-Hub\\client\\src\\components\\backendDataConversion.tsx","statementMap":{"0":{"start":{"line":6,"column":21},"end":{"line":6,"column":35}},"1":{"start":{"line":7,"column":2},"end":{"line":9,"column":3}},"2":{"start":{"line":8,"column":4},"end":{"line":8,"column":55}},"3":{"start":{"line":8,"column":49},"end":{"line":8,"column":54}},"4":{"start":{"line":10,"column":19},"end":{"line":10,"column":31}},"5":{"start":{"line":11,"column":2},"end":{"line":13,"column":3}},"6":{"start":{"line":12,"column":4},"end":{"line":12,"column":51}},"7":{"start":{"line":12,"column":45},"end":{"line":12,"column":50}},"8":{"start":{"line":15,"column":2},"end":{"line":27,"column":3}},"9":{"start":{"line":32,"column":13},"end":{"line":44,"column":3}},"10":{"start":{"line":46,"column":2},"end":{"line":50,"column":3}},"11":{"start":{"line":47,"column":4},"end":{"line":49,"column":5}},"12":{"start":{"line":48,"column":6},"end":{"line":48,"column":34}},"13":{"start":{"line":51,"column":2},"end":{"line":51,"column":13}},"14":{"start":{"line":56,"column":2},"end":{"line":65,"column":3}}},"fnMap":{"0":{"name":"backendToStudent","decl":{"start":{"line":5,"column":16},"end":{"line":5,"column":32}},"loc":{"start":{"line":5,"column":52},"end":{"line":28,"column":1}},"line":5},"1":{"name":"(anonymous_1)","decl":{"start":{"line":8,"column":36},"end":{"line":8,"column":37}},"loc":{"start":{"line":8,"column":49},"end":{"line":8,"column":54}},"line":8},"2":{"name":"(anonymous_2)","decl":{"start":{"line":12,"column":32},"end":{"line":12,"column":33}},"loc":{"start":{"line":12,"column":45},"end":{"line":12,"column":50}},"line":12},"3":{"name":"backendToClub","decl":{"start":{"line":31,"column":16},"end":{"line":31,"column":29}},"loc":{"start":{"line":31,"column":47},"end":{"line":52,"column":1}},"line":31},"4":{"name":"backendAddEvent","decl":{"start":{"line":55,"column":16},"end":{"line":55,"column":31}},"loc":{"start":{"line":55,"column":55},"end":{"line":66,"column":1}},"line":55}},"branchMap":{"0":{"loc":{"start":{"line":7,"column":2},"end":{"line":9,"column":3}},"type":"if","locations":[{"start":{"line":7,"column":2},"end":{"line":9,"column":3}},{"start":{"line":7,"column":2},"end":{"line":9,"column":3}}],"line":7},"1":{"loc":{"start":{"line":7,"column":6},"end":{"line":7,"column":65}},"type":"binary-expr","locations":[{"start":{"line":7,"column":6},"end":{"line":7,"column":25}},{"start":{"line":7,"column":29},"end":{"line":7,"column":65}}],"line":7},"2":{"loc":{"start":{"line":11,"column":2},"end":{"line":13,"column":3}},"type":"if","locations":[{"start":{"line":11,"column":2},"end":{"line":13,"column":3}},{"start":{"line":11,"column":2},"end":{"line":13,"column":3}}],"line":11},"3":{"loc":{"start":{"line":11,"column":6},"end":{"line":11,"column":61}},"type":"binary-expr","locations":[{"start":{"line":11,"column":6},"end":{"line":11,"column":23}},{"start":{"line":11,"column":27},"end":{"line":11,"column":61}}],"line":11},"4":{"loc":{"start":{"line":46,"column":2},"end":{"line":50,"column":3}},"type":"if","locations":[{"start":{"line":46,"column":2},"end":{"line":50,"column":3}},{"start":{"line":46,"column":2},"end":{"line":50,"column":3}}],"line":46}},"s":{"0":0,"1":0,"2":0,"3":0,"4":0,"5":0,"6":0,"7":0,"8":0,"9":0,"10":0,"11":0,"12":0,"13":0,"14":0},"f":{"0":0,"1":0,"2":0,"3":0,"4":0},"b":{"0":[0,0],"1":[0,0],"2":[0,0],"3":[0,0],"4":[0,0]},"_coverageSchema":"43e27e138ebf9cfc5966b082cf9a028302ed4184","hash":"c97ef8542aa37411b191de96607e3d501611df0a"}
,"C:\\Users\\vance\\OneDrive\\Desktop\\College\\Fall 2020\\CSC 308\\Club-Hub\\client\\src\\components\\Loader\\loader.js": {"path":"C:\\Users\\vance\\OneDrive\\Desktop\\College\\Fall 2020\\CSC 308\\Club-Hub\\client\\src\\components\\Loader\\loader.js","statementMap":{"0":{"start":{"line":7,"column":8},"end":{"line":7,"column":21}},"1":{"start":{"line":11,"column":8},"end":{"line":15,"column":9}}},"fnMap":{"0":{"name":"(anonymous_0)","decl":{"start":{"line":6,"column":4},"end":{"line":6,"column":5}},"loc":{"start":{"line":6,"column":23},"end":{"line":8,"column":5}},"line":6},"1":{"name":"(anonymous_1)","decl":{"start":{"line":10,"column":4},"end":{"line":10,"column":5}},"loc":{"start":{"line":10,"column":13},"end":{"line":16,"column":5}},"line":10}},"branchMap":{},"s":{"0":0,"1":0},"f":{"0":0,"1":0},"b":{},"_coverageSchema":"43e27e138ebf9cfc5966b082cf9a028302ed4184","hash":"9e917e0cc41a12493652ad999c2ee4418d13327f"}
,"C:\\Users\\vance\\OneDrive\\Desktop\\College\\Fall 2020\\CSC 308\\Club-Hub\\client\\src\\pages\\AddEvent.tsx": {"path":"C:\\Users\\vance\\OneDrive\\Desktop\\College\\Fall 2020\\CSC 308\\Club-Hub\\client\\src\\pages\\AddEvent.tsx","statementMap":{"0":{"start":{"line":13,"column":42},"end":{"line":123,"column":1}},"1":{"start":{"line":14,"column":38},"end":{"line":14,"column":53}},"2":{"start":{"line":16,"column":46},"end":{"line":16,"column":69}},"3":{"start":{"line":17,"column":4},"end":{"line":19,"column":5}},"4":{"start":{"line":18,"column":6},"end":{"line":18,"column":47}},"5":{"start":{"line":22,"column":21},"end":{"line":73,"column":3}},"6":{"start":{"line":23,"column":17},"end":{"line":23,"column":91}},"7":{"start":{"line":24,"column":17},"end":{"line":24,"column":91}},"8":{"start":{"line":25,"column":16},"end":{"line":25,"column":89}},"9":{"start":{"line":26,"column":17},"end":{"line":26,"column":19}},"10":{"start":{"line":27,"column":6},"end":{"line":29,"column":7}},"11":{"start":{"line":28,"column":8},"end":{"line":28,"column":90}},"12":{"start":{"line":30,"column":18},"end":{"line":30,"column":20}},"13":{"start":{"line":31,"column":6},"end":{"line":32,"column":95}},"14":{"start":{"line":32,"column":18},"end":{"line":32,"column":93}},"15":{"start":{"line":35,"column":6},"end":{"line":46,"column":7}},"16":{"start":{"line":36,"column":8},"end":{"line":36,"column":27}},"17":{"start":{"line":37,"column":8},"end":{"line":45,"column":11}},"18":{"start":{"line":40,"column":30},"end":{"line":40,"column":50}},"19":{"start":{"line":51,"column":13},"end":{"line":51,"column":34}},"20":{"start":{"line":52,"column":22},"end":{"line":52,"column":36}},"21":{"start":{"line":53,"column":4},"end":{"line":55,"column":5}},"22":{"start":{"line":54,"column":6},"end":{"line":54,"column":60}},"23":{"start":{"line":61,"column":14},"end":{"line":61,"column":22}},"24":{"start":{"line":62,"column":4},"end":{"line":62,"column":128}},"25":{"start":{"line":65,"column":4},"end":{"line":65,"column":32}},"26":{"start":{"line":67,"column":4},"end":{"line":67,"column":27}},"27":{"start":{"line":68,"column":20},"end":{"line":68,"column":62}},"28":{"start":{"line":69,"column":19},"end":{"line":69,"column":33}},"29":{"start":{"line":70,"column":16},"end":{"line":70,"column":53}},"30":{"start":{"line":72,"column":4},"end":{"line":72,"column":139}},"31":{"start":{"line":72,"column":83},"end":{"line":72,"column":105}},"32":{"start":{"line":72,"column":122},"end":{"line":72,"column":138}},"33":{"start":{"line":75,"column":4},"end":{"line":122,"column":6}},"34":{"start":{"line":79,"column":30},"end":{"line":79,"column":50}},"35":{"start":{"line":118,"column":42},"end":{"line":118,"column":52}},"36":{"start":{"line":119,"column":56},"end":{"line":119,"column":78}}},"fnMap":{"0":{"name":"(anonymous_0)","decl":{"start":{"line":13,"column":42},"end":{"line":13,"column":43}},"loc":{"start":{"line":13,"column":53},"end":{"line":123,"column":1}},"line":13},"1":{"name":"(anonymous_1)","decl":{"start":{"line":22,"column":21},"end":{"line":22,"column":22}},"loc":{"start":{"line":22,"column":27},"end":{"line":73,"column":3}},"line":22},"2":{"name":"(anonymous_2)","decl":{"start":{"line":40,"column":24},"end":{"line":40,"column":25}},"loc":{"start":{"line":40,"column":30},"end":{"line":40,"column":50}},"line":40},"3":{"name":"(anonymous_3)","decl":{"start":{"line":72,"column":77},"end":{"line":72,"column":78}},"loc":{"start":{"line":72,"column":83},"end":{"line":72,"column":105}},"line":72},"4":{"name":"(anonymous_4)","decl":{"start":{"line":72,"column":107},"end":{"line":72,"column":108}},"loc":{"start":{"line":72,"column":122},"end":{"line":72,"column":138}},"line":72},"5":{"name":"(anonymous_5)","decl":{"start":{"line":79,"column":24},"end":{"line":79,"column":25}},"loc":{"start":{"line":79,"column":30},"end":{"line":79,"column":50}},"line":79},"6":{"name":"(anonymous_6)","decl":{"start":{"line":118,"column":36},"end":{"line":118,"column":37}},"loc":{"start":{"line":118,"column":42},"end":{"line":118,"column":52}},"line":118},"7":{"name":"(anonymous_7)","decl":{"start":{"line":119,"column":50},"end":{"line":119,"column":51}},"loc":{"start":{"line":119,"column":56},"end":{"line":119,"column":78}},"line":119}},"branchMap":{"0":{"loc":{"start":{"line":17,"column":4},"end":{"line":19,"column":5}},"type":"if","locations":[{"start":{"line":17,"column":4},"end":{"line":19,"column":5}},{"start":{"line":17,"column":4},"end":{"line":19,"column":5}}],"line":17},"1":{"loc":{"start":{"line":27,"column":6},"end":{"line":29,"column":7}},"type":"if","locations":[{"start":{"line":27,"column":6},"end":{"line":29,"column":7}},{"start":{"line":27,"column":6},"end":{"line":29,"column":7}}],"line":27},"2":{"loc":{"start":{"line":31,"column":6},"end":{"line":32,"column":95}},"type":"if","locations":[{"start":{"line":31,"column":6},"end":{"line":32,"column":95}},{"start":{"line":31,"column":6},"end":{"line":32,"column":95}}],"line":31},"3":{"loc":{"start":{"line":35,"column":6},"end":{"line":46,"column":7}},"type":"if","locations":[{"start":{"line":35,"column":6},"end":{"line":46,"column":7}},{"start":{"line":35,"column":6},"end":{"line":46,"column":7}}],"line":35},"4":{"loc":{"start":{"line":35,"column":9},"end":{"line":35,"column":60}},"type":"binary-expr","locations":[{"start":{"line":35,"column":9},"end":{"line":35,"column":19}},{"start":{"line":35,"column":23},"end":{"line":35,"column":33}},{"start":{"line":35,"column":37},"end":{"line":35,"column":46}},{"start":{"line":35,"column":50},"end":{"line":35,"column":60}}],"line":35},"5":{"loc":{"start":{"line":53,"column":4},"end":{"line":55,"column":5}},"type":"if","locations":[{"start":{"line":53,"column":4},"end":{"line":55,"column":5}},{"start":{"line":53,"column":4},"end":{"line":55,"column":5}}],"line":53}},"s":{"0":1,"1":3,"2":3,"3":3,"4":0,"5":3,"6":1,"7":1,"8":1,"9":1,"10":1,"11":0,"12":1,"13":1,"14":0,"15":1,"16":1,"17":1,"18":0,"19":0,"20":0,"21":0,"22":0,"23":0,"24":0,"25":0,"26":0,"27":0,"28":0,"29":0,"30":0,"31":0,"32":0,"33":3,"34":0,"35":1,"36":0},"f":{"0":3,"1":1,"2":0,"3":0,"4":0,"5":0,"6":1,"7":0},"b":{"0":[0,3],"1":[0,1],"2":[0,1],"3":[1,0],"4":[1,1,1,1],"5":[0,0]},"_coverageSchema":"43e27e138ebf9cfc5966b082cf9a028302ed4184","hash":"cf01d3ee695fbe17104eff741453a62841732a37"}
,"C:\\Users\\vance\\OneDrive\\Desktop\\College\\Fall 2020\\CSC 308\\Club-Hub\\client\\src\\pages\\ClubProfile.tsx": {"path":"C:\\Users\\vance\\OneDrive\\Desktop\\College\\Fall 2020\\CSC 308\\Club-Hub\\client\\src\\pages\\ClubProfile.tsx","statementMap":{"0":{"start":{"line":13,"column":66},"end":{"line":119,"column":1}},"1":{"start":{"line":15,"column":34},"end":{"line":15,"column":57}},"2":{"start":{"line":16,"column":2},"end":{"line":18,"column":3}},"3":{"start":{"line":17,"column":4},"end":{"line":17,"column":44}},"4":{"start":{"line":19,"column":47},"end":{"line":19,"column":70}},"5":{"start":{"line":20,"column":2},"end":{"line":22,"column":3}},"6":{"start":{"line":21,"column":4},"end":{"line":21,"column":45}},"7":{"start":{"line":24,"column":13},"end":{"line":24,"column":34}},"8":{"start":{"line":25,"column":15},"end":{"line":25,"column":28}},"9":{"start":{"line":26,"column":2},"end":{"line":28,"column":3}},"10":{"start":{"line":27,"column":4},"end":{"line":27,"column":58}},"11":{"start":{"line":30,"column":18},"end":{"line":30,"column":51}},"12":{"start":{"line":31,"column":17},"end":{"line":31,"column":52}},"13":{"start":{"line":32,"column":36},"end":{"line":32,"column":52}},"14":{"start":{"line":35,"column":4},"end":{"line":47,"column":5}},"15":{"start":{"line":36,"column":6},"end":{"line":46,"column":7}},"16":{"start":{"line":37,"column":8},"end":{"line":37,"column":42}},"17":{"start":{"line":38,"column":8},"end":{"line":38,"column":98}},"18":{"start":{"line":38,"column":69},"end":{"line":38,"column":97}},"19":{"start":{"line":39,"column":8},"end":{"line":39,"column":27}},"20":{"start":{"line":43,"column":8},"end":{"line":43,"column":41}},"21":{"start":{"line":44,"column":8},"end":{"line":44,"column":42}},"22":{"start":{"line":45,"column":8},"end":{"line":45,"column":26}},"23":{"start":{"line":50,"column":15},"end":{"line":50,"column":77}},"24":{"start":{"line":50,"column":45},"end":{"line":50,"column":76}},"25":{"start":{"line":51,"column":15},"end":{"line":51,"column":86}},"26":{"start":{"line":51,"column":34},"end":{"line":51,"column":85}},"27":{"start":{"line":53,"column":2},"end":{"line":118,"column":4}},"28":{"start":{"line":63,"column":58},"end":{"line":63,"column":97}},"29":{"start":{"line":87,"column":69},"end":{"line":87,"column":91}}},"fnMap":{"0":{"name":"(anonymous_0)","decl":{"start":{"line":13,"column":66},"end":{"line":13,"column":67}},"loc":{"start":{"line":13,"column":77},"end":{"line":119,"column":1}},"line":13},"1":{"name":"joinButton","decl":{"start":{"line":34,"column":11},"end":{"line":34,"column":21}},"loc":{"start":{"line":34,"column":75},"end":{"line":48,"column":3}},"line":34},"2":{"name":"(anonymous_2)","decl":{"start":{"line":38,"column":59},"end":{"line":38,"column":60}},"loc":{"start":{"line":38,"column":69},"end":{"line":38,"column":97}},"line":38},"3":{"name":"(anonymous_3)","decl":{"start":{"line":50,"column":31},"end":{"line":50,"column":32}},"loc":{"start":{"line":50,"column":45},"end":{"line":50,"column":76}},"line":50},"4":{"name":"(anonymous_4)","decl":{"start":{"line":51,"column":29},"end":{"line":51,"column":30}},"loc":{"start":{"line":51,"column":34},"end":{"line":51,"column":85}},"line":51},"5":{"name":"(anonymous_5)","decl":{"start":{"line":63,"column":52},"end":{"line":63,"column":53}},"loc":{"start":{"line":63,"column":58},"end":{"line":63,"column":97}},"line":63},"6":{"name":"(anonymous_6)","decl":{"start":{"line":87,"column":63},"end":{"line":87,"column":64}},"loc":{"start":{"line":87,"column":69},"end":{"line":87,"column":91}},"line":87}},"branchMap":{"0":{"loc":{"start":{"line":16,"column":2},"end":{"line":18,"column":3}},"type":"if","locations":[{"start":{"line":16,"column":2},"end":{"line":18,"column":3}},{"start":{"line":16,"column":2},"end":{"line":18,"column":3}}],"line":16},"1":{"loc":{"start":{"line":20,"column":2},"end":{"line":22,"column":3}},"type":"if","locations":[{"start":{"line":20,"column":2},"end":{"line":22,"column":3}},{"start":{"line":20,"column":2},"end":{"line":22,"column":3}}],"line":20},"2":{"loc":{"start":{"line":26,"column":2},"end":{"line":28,"column":3}},"type":"if","locations":[{"start":{"line":26,"column":2},"end":{"line":28,"column":3}},{"start":{"line":26,"column":2},"end":{"line":28,"column":3}}],"line":26},"3":{"loc":{"start":{"line":35,"column":4},"end":{"line":47,"column":5}},"type":"if","locations":[{"start":{"line":35,"column":4},"end":{"line":47,"column":5}},{"start":{"line":35,"column":4},"end":{"line":47,"column":5}}],"line":35},"4":{"loc":{"start":{"line":35,"column":7},"end":{"line":35,"column":47}},"type":"binary-expr","locations":[{"start":{"line":35,"column":7},"end":{"line":35,"column":27}},{"start":{"line":35,"column":31},"end":{"line":35,"column":47}}],"line":35},"5":{"loc":{"start":{"line":36,"column":6},"end":{"line":46,"column":7}},"type":"if","locations":[{"start":{"line":36,"column":6},"end":{"line":46,"column":7}},{"start":{"line":36,"column":6},"end":{"line":46,"column":7}}],"line":36},"6":{"loc":{"start":{"line":38,"column":69},"end":{"line":38,"column":97}},"type":"cond-expr","locations":[{"start":{"line":38,"column":86},"end":{"line":38,"column":90}},{"start":{"line":38,"column":93},"end":{"line":38,"column":97}}],"line":38},"7":{"loc":{"start":{"line":62,"column":14},"end":{"line":66,"column":26}},"type":"binary-expr","locations":[{"start":{"line":62,"column":15},"end":{"line":62,"column":48}},{"start":{"line":63,"column":14},"end":{"line":66,"column":26}}],"line":62},"8":{"loc":{"start":{"line":87,"column":13},"end":{"line":88,"column":62}},"type":"cond-expr","locations":[{"start":{"line":87,"column":24},"end":{"line":87,"column":138}},{"start":{"line":88,"column":16},"end":{"line":88,"column":62}}],"line":87},"9":{"loc":{"start":{"line":87,"column":95},"end":{"line":87,"column":127}},"type":"cond-expr","locations":[{"start":{"line":87,"column":107},"end":{"line":87,"column":118}},{"start":{"line":87,"column":121},"end":{"line":87,"column":127}}],"line":87}},"s":{"0":1,"1":1,"2":1,"3":0,"4":1,"5":1,"6":0,"7":1,"8":1,"9":1,"10":0,"11":1,"12":1,"13":1,"14":0,"15":0,"16":0,"17":0,"18":0,"19":0,"20":0,"21":0,"22":0,"23":1,"24":1,"25":1,"26":2,"27":1,"28":1,"29":0},"f":{"0":1,"1":0,"2":0,"3":1,"4":2,"5":1,"6":0},"b":{"0":[0,1],"1":[0,1],"2":[0,1],"3":[0,0],"4":[0,0],"5":[0,0],"6":[0,0],"7":[1,1],"8":[0,1],"9":[0,0]},"_coverageSchema":"43e27e138ebf9cfc5966b082cf9a028302ed4184","hash":"44a727a5e7999228a0a1ef219110cbeb1d6922f3"}
,"C:\\Users\\vance\\OneDrive\\Desktop\\College\\Fall 2020\\CSC 308\\Club-Hub\\client\\src\\pages\\Explore.tsx": {"path":"C:\\Users\\vance\\OneDrive\\Desktop\\College\\Fall 2020\\CSC 308\\Club-Hub\\client\\src\\pages\\Explore.tsx","statementMap":{"0":{"start":{"line":15,"column":42},"end":{"line":27,"column":1}},"1":{"start":{"line":17,"column":13},"end":{"line":17,"column":103}},"2":{"start":{"line":17,"column":38},"end":{"line":17,"column":102}},"3":{"start":{"line":18,"column":2},"end":{"line":26,"column":3}},"4":{"start":{"line":19,"column":55},"end":{"line":19,"column":98}},"5":{"start":{"line":29,"column":47},"end":{"line":108,"column":1}},"6":{"start":{"line":30,"column":34},"end":{"line":30,"column":57}},"7":{"start":{"line":31,"column":2},"end":{"line":33,"column":3}},"8":{"start":{"line":32,"column":4},"end":{"line":32,"column":44}},"9":{"start":{"line":34,"column":46},"end":{"line":34,"column":69}},"10":{"start":{"line":35,"column":2},"end":{"line":37,"column":3}},"11":{"start":{"line":36,"column":4},"end":{"line":36,"column":45}},"12":{"start":{"line":38,"column":18},"end":{"line":38,"column":118}},"13":{"start":{"line":38,"column":49},"end":{"line":38,"column":117}},"14":{"start":{"line":41,"column":19},"end":{"line":41,"column":100}},"15":{"start":{"line":41,"column":55},"end":{"line":41,"column":99}},"16":{"start":{"line":43,"column":30},"end":{"line":43,"column":48}},"17":{"start":{"line":44,"column":28},"end":{"line":44,"column":46}},"18":{"start":{"line":46,"column":19},"end":{"line":49,"column":3}},"19":{"start":{"line":47,"column":4},"end":{"line":47,"column":21}},"20":{"start":{"line":48,"column":4},"end":{"line":48,"column":20}},"21":{"start":{"line":51,"column":22},"end":{"line":63,"column":3}},"22":{"start":{"line":52,"column":4},"end":{"line":62,"column":5}},"23":{"start":{"line":65,"column":23},"end":{"line":77,"column":3}},"24":{"start":{"line":67,"column":4},"end":{"line":76,"column":5}},"25":{"start":{"line":68,"column":43},"end":{"line":68,"column":86}},"26":{"start":{"line":79,"column":21},"end":{"line":90,"column":3}},"27":{"start":{"line":80,"column":20},"end":{"line":80,"column":47}},"28":{"start":{"line":81,"column":4},"end":{"line":81,"column":94}},"29":{"start":{"line":81,"column":38},"end":{"line":81,"column":93}},"30":{"start":{"line":83,"column":19},"end":{"line":83,"column":92}},"31":{"start":{"line":83,"column":40},"end":{"line":83,"column":91}},"32":{"start":{"line":85,"column":4},"end":{"line":89,"column":5}},"33":{"start":{"line":91,"column":16},"end":{"line":91,"column":101}},"34":{"start":{"line":91,"column":24},"end":{"line":91,"column":99}},"35":{"start":{"line":93,"column":2},"end":{"line":107,"column":4}},"36":{"start":{"line":102,"column":98},"end":{"line":102,"column":123}}},"fnMap":{"0":{"name":"(anonymous_0)","decl":{"start":{"line":15,"column":42},"end":{"line":15,"column":43}},"loc":{"start":{"line":15,"column":53},"end":{"line":27,"column":1}},"line":15},"1":{"name":"(anonymous_1)","decl":{"start":{"line":17,"column":33},"end":{"line":17,"column":34}},"loc":{"start":{"line":17,"column":38},"end":{"line":17,"column":102}},"line":17},"2":{"name":"(anonymous_2)","decl":{"start":{"line":19,"column":49},"end":{"line":19,"column":50}},"loc":{"start":{"line":19,"column":55},"end":{"line":19,"column":98}},"line":19},"3":{"name":"(anonymous_3)","decl":{"start":{"line":29,"column":47},"end":{"line":29,"column":48}},"loc":{"start":{"line":29,"column":58},"end":{"line":108,"column":1}},"line":29},"4":{"name":"(anonymous_4)","decl":{"start":{"line":38,"column":37},"end":{"line":38,"column":38}},"loc":{"start":{"line":38,"column":49},"end":{"line":38,"column":117}},"line":38},"5":{"name":"(anonymous_5)","decl":{"start":{"line":41,"column":50},"end":{"line":41,"column":51}},"loc":{"start":{"line":41,"column":55},"end":{"line":41,"column":99}},"line":41},"6":{"name":"(anonymous_6)","decl":{"start":{"line":46,"column":19},"end":{"line":46,"column":20}},"loc":{"start":{"line":46,"column":38},"end":{"line":49,"column":3}},"line":46},"7":{"name":"(anonymous_7)","decl":{"start":{"line":51,"column":22},"end":{"line":51,"column":23}},"loc":{"start":{"line":51,"column":28},"end":{"line":63,"column":3}},"line":51},"8":{"name":"(anonymous_8)","decl":{"start":{"line":65,"column":23},"end":{"line":65,"column":24}},"loc":{"start":{"line":65,"column":50},"end":{"line":77,"column":3}},"line":65},"9":{"name":"(anonymous_9)","decl":{"start":{"line":68,"column":37},"end":{"line":68,"column":38}},"loc":{"start":{"line":68,"column":43},"end":{"line":68,"column":86}},"line":68},"10":{"name":"(anonymous_10)","decl":{"start":{"line":79,"column":21},"end":{"line":79,"column":22}},"loc":{"start":{"line":79,"column":27},"end":{"line":90,"column":3}},"line":79},"11":{"name":"(anonymous_11)","decl":{"start":{"line":81,"column":33},"end":{"line":81,"column":34}},"loc":{"start":{"line":81,"column":38},"end":{"line":81,"column":93}},"line":81},"12":{"name":"(anonymous_12)","decl":{"start":{"line":83,"column":33},"end":{"line":83,"column":34}},"loc":{"start":{"line":83,"column":40},"end":{"line":83,"column":91}},"line":83},"13":{"name":"(anonymous_13)","decl":{"start":{"line":91,"column":16},"end":{"line":91,"column":17}},"loc":{"start":{"line":91,"column":22},"end":{"line":91,"column":101}},"line":91},"14":{"name":"(anonymous_14)","decl":{"start":{"line":102,"column":93},"end":{"line":102,"column":94}},"loc":{"start":{"line":102,"column":98},"end":{"line":102,"column":123}},"line":102}},"branchMap":{"0":{"loc":{"start":{"line":31,"column":2},"end":{"line":33,"column":3}},"type":"if","locations":[{"start":{"line":31,"column":2},"end":{"line":33,"column":3}},{"start":{"line":31,"column":2},"end":{"line":33,"column":3}}],"line":31},"1":{"loc":{"start":{"line":35,"column":2},"end":{"line":37,"column":3}},"type":"if","locations":[{"start":{"line":35,"column":2},"end":{"line":37,"column":3}},{"start":{"line":35,"column":2},"end":{"line":37,"column":3}}],"line":35},"2":{"loc":{"start":{"line":91,"column":31},"end":{"line":91,"column":99}},"type":"cond-expr","locations":[{"start":{"line":91,"column":69},"end":{"line":91,"column":83}},{"start":{"line":91,"column":86},"end":{"line":91,"column":99}}],"line":91},"3":{"loc":{"start":{"line":91,"column":32},"end":{"line":91,"column":65}},"type":"binary-expr","locations":[{"start":{"line":91,"column":32},"end":{"line":91,"column":50}},{"start":{"line":91,"column":54},"end":{"line":91,"column":65}}],"line":91}},"s":{"0":1,"1":4,"2":15,"3":4,"4":0,"5":1,"6":1,"7":1,"8":0,"9":1,"10":1,"11":0,"12":1,"13":0,"14":1,"15":4,"16":1,"17":1,"18":1,"19":0,"20":0,"21":1,"22":1,"23":1,"24":0,"25":0,"26":1,"27":0,"28":0,"29":0,"30":0,"31":0,"32":0,"33":1,"34":1,"35":1,"36":0},"f":{"0":4,"1":15,"2":0,"3":1,"4":0,"5":4,"6":0,"7":1,"8":0,"9":0,"10":0,"11":0,"12":0,"13":1,"14":0},"b":{"0":[0,1],"1":[0,1],"2":[1,0],"3":[1,0]},"_coverageSchema":"43e27e138ebf9cfc5966b082cf9a028302ed4184","hash":"a428e462c4b9a22a907b5fd4db06988bfc0e643b"}
,"C:\\Users\\vance\\OneDrive\\Desktop\\College\\Fall 2020\\CSC 308\\Club-Hub\\client\\src\\pages\\Feed.tsx": {"path":"C:\\Users\\vance\\OneDrive\\Desktop\\College\\Fall 2020\\CSC 308\\Club-Hub\\client\\src\\pages\\Feed.tsx","statementMap":{"0":{"start":{"line":13,"column":44},"end":{"line":75,"column":1}},"1":{"start":{"line":15,"column":36},"end":{"line":15,"column":59}},"2":{"start":{"line":16,"column":2},"end":{"line":18,"column":3}},"3":{"start":{"line":17,"column":4},"end":{"line":17,"column":44}},"4":{"start":{"line":19,"column":47},"end":{"line":19,"column":70}},"5":{"start":{"line":20,"column":2},"end":{"line":22,"column":3}},"6":{"start":{"line":21,"column":4},"end":{"line":21,"column":45}},"7":{"start":{"line":25,"column":32},"end":{"line":25,"column":34}},"8":{"start":{"line":27,"column":4},"end":{"line":28,"column":13}},"9":{"start":{"line":28,"column":6},"end":{"line":28,"column":13}},"10":{"start":{"line":31,"column":4},"end":{"line":39,"column":5}},"11":{"start":{"line":32,"column":19},"end":{"line":32,"column":32}},"12":{"start":{"line":33,"column":6},"end":{"line":38,"column":7}},"13":{"start":{"line":34,"column":8},"end":{"line":34,"column":68}},"14":{"start":{"line":37,"column":8},"end":{"line":37,"column":57}},"15":{"start":{"line":37,"column":42},"end":{"line":37,"column":55}},"16":{"start":{"line":41,"column":4},"end":{"line":49,"column":5}},"17":{"start":{"line":42,"column":19},"end":{"line":42,"column":32}},"18":{"start":{"line":43,"column":6},"end":{"line":48,"column":7}},"19":{"start":{"line":44,"column":8},"end":{"line":44,"column":68}},"20":{"start":{"line":47,"column":8},"end":{"line":47,"column":57}},"21":{"start":{"line":47,"column":42},"end":{"line":47,"column":55}},"22":{"start":{"line":51,"column":37},"end":{"line":51,"column":39}},"23":{"start":{"line":52,"column":4},"end":{"line":54,"column":6}},"24":{"start":{"line":53,"column":6},"end":{"line":53,"column":89}},"25":{"start":{"line":53,"column":45},"end":{"line":53,"column":87}},"26":{"start":{"line":55,"column":4},"end":{"line":55,"column":16}},"27":{"start":{"line":58,"column":2},"end":{"line":74,"column":4}}},"fnMap":{"0":{"name":"(anonymous_0)","decl":{"start":{"line":13,"column":44},"end":{"line":13,"column":45}},"loc":{"start":{"line":13,"column":55},"end":{"line":75,"column":1}},"line":13},"1":{"name":"fetch_posts","decl":{"start":{"line":24,"column":11},"end":{"line":24,"column":22}},"loc":{"start":{"line":24,"column":25},"end":{"line":56,"column":3}},"line":24},"2":{"name":"(anonymous_2)","decl":{"start":{"line":37,"column":28},"end":{"line":37,"column":29}},"loc":{"start":{"line":37,"column":42},"end":{"line":37,"column":55}},"line":37},"3":{"name":"(anonymous_3)","decl":{"start":{"line":47,"column":28},"end":{"line":47,"column":29}},"loc":{"start":{"line":47,"column":42},"end":{"line":47,"column":55}},"line":47},"4":{"name":"(anonymous_4)","decl":{"start":{"line":52,"column":18},"end":{"line":52,"column":19}},"loc":{"start":{"line":53,"column":6},"end":{"line":53,"column":89}},"line":53},"5":{"name":"(anonymous_5)","decl":{"start":{"line":53,"column":39},"end":{"line":53,"column":40}},"loc":{"start":{"line":53,"column":45},"end":{"line":53,"column":87}},"line":53}},"branchMap":{"0":{"loc":{"start":{"line":16,"column":2},"end":{"line":18,"column":3}},"type":"if","locations":[{"start":{"line":16,"column":2},"end":{"line":18,"column":3}},{"start":{"line":16,"column":2},"end":{"line":18,"column":3}}],"line":16},"1":{"loc":{"start":{"line":20,"column":2},"end":{"line":22,"column":3}},"type":"if","locations":[{"start":{"line":20,"column":2},"end":{"line":22,"column":3}},{"start":{"line":20,"column":2},"end":{"line":22,"column":3}}],"line":20},"2":{"loc":{"start":{"line":27,"column":4},"end":{"line":28,"column":13}},"type":"if","locations":[{"start":{"line":27,"column":4},"end":{"line":28,"column":13}},{"start":{"line":27,"column":4},"end":{"line":28,"column":13}}],"line":27},"3":{"loc":{"start":{"line":27,"column":8},"end":{"line":27,"column":23}},"type":"binary-expr","locations":[{"start":{"line":27,"column":8},"end":{"line":27,"column":13}},{"start":{"line":27,"column":17},"end":{"line":27,"column":23}}],"line":27},"4":{"loc":{"start":{"line":33,"column":6},"end":{"line":38,"column":7}},"type":"if","locations":[{"start":{"line":33,"column":6},"end":{"line":38,"column":7}},{"start":{"line":33,"column":6},"end":{"line":38,"column":7}}],"line":33},"5":{"loc":{"start":{"line":43,"column":6},"end":{"line":48,"column":7}},"type":"if","locations":[{"start":{"line":43,"column":6},"end":{"line":48,"column":7}},{"start":{"line":43,"column":6},"end":{"line":48,"column":7}}],"line":43}},"s":{"0":1,"1":1,"2":1,"3":0,"4":1,"5":1,"6":0,"7":1,"8":1,"9":0,"10":1,"11":2,"12":2,"13":0,"14":2,"15":2,"16":1,"17":2,"18":2,"19":0,"20":2,"21":2,"22":1,"23":1,"24":4,"25":0,"26":1,"27":1},"f":{"0":1,"1":1,"2":2,"3":2,"4":4,"5":0},"b":{"0":[0,1],"1":[0,1],"2":[0,1],"3":[1,1],"4":[0,2],"5":[0,2]},"_coverageSchema":"43e27e138ebf9cfc5966b082cf9a028302ed4184","hash":"f1e7e64a9efb546f6f9b5c9be8c94a8aa613dc9d"}
,"C:\\Users\\vance\\OneDrive\\Desktop\\College\\Fall 2020\\CSC 308\\Club-Hub\\client\\src\\pages\\MyClubs.tsx": {"path":"C:\\Users\\vance\\OneDrive\\Desktop\\College\\Fall 2020\\CSC 308\\Club-Hub\\client\\src\\pages\\MyClubs.tsx","statementMap":{"0":{"start":{"line":11,"column":18},"end":{"line":22,"column":1}},"1":{"start":{"line":12,"column":2},"end":{"line":21,"column":4}},"2":{"start":{"line":13,"column":48},"end":{"line":13,"column":86}},"3":{"start":{"line":24,"column":47},"end":{"line":103,"column":1}},"4":{"start":{"line":25,"column":36},"end":{"line":25,"column":59}},"5":{"start":{"line":26,"column":2},"end":{"line":28,"column":3}},"6":{"start":{"line":27,"column":4},"end":{"line":27,"column":44}},"7":{"start":{"line":29,"column":47},"end":{"line":29,"column":70}},"8":{"start":{"line":30,"column":2},"end":{"line":32,"column":3}},"9":{"start":{"line":31,"column":4},"end":{"line":31,"column":45}},"10":{"start":{"line":34,"column":19},"end":{"line":45,"column":3}},"11":{"start":{"line":35,"column":4},"end":{"line":44,"column":6}},"12":{"start":{"line":36,"column":52},"end":{"line":36,"column":95}},"13":{"start":{"line":47,"column":46},"end":{"line":47,"column":48}},"14":{"start":{"line":48,"column":41},"end":{"line":48,"column":43}},"15":{"start":{"line":51,"column":2},"end":{"line":59,"column":3}},"16":{"start":{"line":52,"column":17},"end":{"line":52,"column":30}},"17":{"start":{"line":53,"column":4},"end":{"line":58,"column":5}},"18":{"start":{"line":54,"column":6},"end":{"line":54,"column":66}},"19":{"start":{"line":57,"column":6},"end":{"line":57,"column":64}},"20":{"start":{"line":62,"column":2},"end":{"line":70,"column":3}},"21":{"start":{"line":63,"column":17},"end":{"line":63,"column":30}},"22":{"start":{"line":64,"column":4},"end":{"line":69,"column":5}},"23":{"start":{"line":65,"column":6},"end":{"line":65,"column":71}},"24":{"start":{"line":68,"column":6},"end":{"line":68,"column":69}},"25":{"start":{"line":72,"column":2},"end":{"line":102,"column":4}}},"fnMap":{"0":{"name":"(anonymous_0)","decl":{"start":{"line":11,"column":18},"end":{"line":11,"column":19}},"loc":{"start":{"line":11,"column":50},"end":{"line":22,"column":1}},"line":11},"1":{"name":"(anonymous_1)","decl":{"start":{"line":13,"column":42},"end":{"line":13,"column":43}},"loc":{"start":{"line":13,"column":48},"end":{"line":13,"column":86}},"line":13},"2":{"name":"(anonymous_2)","decl":{"start":{"line":24,"column":47},"end":{"line":24,"column":48}},"loc":{"start":{"line":24,"column":58},"end":{"line":103,"column":1}},"line":24},"3":{"name":"(anonymous_3)","decl":{"start":{"line":34,"column":19},"end":{"line":34,"column":20}},"loc":{"start":{"line":34,"column":46},"end":{"line":45,"column":3}},"line":34},"4":{"name":"(anonymous_4)","decl":{"start":{"line":36,"column":44},"end":{"line":36,"column":45}},"loc":{"start":{"line":36,"column":50},"end":{"line":36,"column":97}},"line":36}},"branchMap":{"0":{"loc":{"start":{"line":26,"column":2},"end":{"line":28,"column":3}},"type":"if","locations":[{"start":{"line":26,"column":2},"end":{"line":28,"column":3}},{"start":{"line":26,"column":2},"end":{"line":28,"column":3}}],"line":26},"1":{"loc":{"start":{"line":30,"column":2},"end":{"line":32,"column":3}},"type":"if","locations":[{"start":{"line":30,"column":2},"end":{"line":32,"column":3}},{"start":{"line":30,"column":2},"end":{"line":32,"column":3}}],"line":30},"2":{"loc":{"start":{"line":53,"column":4},"end":{"line":58,"column":5}},"type":"if","locations":[{"start":{"line":53,"column":4},"end":{"line":58,"column":5}},{"start":{"line":53,"column":4},"end":{"line":58,"column":5}}],"line":53},"3":{"loc":{"start":{"line":64,"column":4},"end":{"line":69,"column":5}},"type":"if","locations":[{"start":{"line":64,"column":4},"end":{"line":69,"column":5}},{"start":{"line":64,"column":4},"end":{"line":69,"column":5}}],"line":64},"4":{"loc":{"start":{"line":87,"column":11},"end":{"line":87,"column":46}},"type":"binary-expr","locations":[{"start":{"line":87,"column":11},"end":{"line":87,"column":18}},{"start":{"line":87,"column":22},"end":{"line":87,"column":46}}],"line":87}},"s":{"0":1,"1":1,"2":1,"3":1,"4":2,"5":2,"6":0,"7":2,"8":2,"9":0,"10":2,"11":8,"12":0,"13":2,"14":2,"15":2,"16":4,"17":4,"18":0,"19":4,"20":2,"21":4,"22":4,"23":0,"24":4,"25":2},"f":{"0":1,"1":1,"2":2,"3":8,"4":0},"b":{"0":[0,2],"1":[0,2],"2":[0,4],"3":[0,4],"4":[2,1]},"_coverageSchema":"43e27e138ebf9cfc5966b082cf9a028302ed4184","hash":"3d0278c746dfa9b995024e1059ed9f3c6ed7cc84"}
,"C:\\Users\\vance\\OneDrive\\Desktop\\College\\Fall 2020\\CSC 308\\Club-Hub\\client\\src\\pages\\UserProfile.tsx": {"path":"C:\\Users\\vance\\OneDrive\\Desktop\\College\\Fall 2020\\CSC 308\\Club-Hub\\client\\src\\pages\\UserProfile.tsx","statementMap":{"0":{"start":{"line":12,"column":46},"end":{"line":87,"column":1}},"1":{"start":{"line":13,"column":36},"end":{"line":13,"column":59}},"2":{"start":{"line":14,"column":2},"end":{"line":16,"column":3}},"3":{"start":{"line":15,"column":4},"end":{"line":15,"column":44}},"4":{"start":{"line":18,"column":20},"end":{"line":18,"column":112}},"5":{"start":{"line":18,"column":51},"end":{"line":18,"column":111}},"6":{"start":{"line":20,"column":2},"end":{"line":86,"column":4}},"7":{"start":{"line":57,"column":40},"end":{"line":57,"column":54}},"8":{"start":{"line":78,"column":40},"end":{"line":78,"column":75}}},"fnMap":{"0":{"name":"(anonymous_0)","decl":{"start":{"line":12,"column":46},"end":{"line":12,"column":47}},"loc":{"start":{"line":12,"column":57},"end":{"line":87,"column":1}},"line":12},"1":{"name":"(anonymous_1)","decl":{"start":{"line":18,"column":39},"end":{"line":18,"column":40}},"loc":{"start":{"line":18,"column":51},"end":{"line":18,"column":111}},"line":18},"2":{"name":"(anonymous_2)","decl":{"start":{"line":57,"column":34},"end":{"line":57,"column":35}},"loc":{"start":{"line":57,"column":40},"end":{"line":57,"column":54}},"line":57},"3":{"name":"(anonymous_3)","decl":{"start":{"line":78,"column":34},"end":{"line":78,"column":35}},"loc":{"start":{"line":78,"column":40},"end":{"line":78,"column":75}},"line":78}},"branchMap":{"0":{"loc":{"start":{"line":14,"column":2},"end":{"line":16,"column":3}},"type":"if","locations":[{"start":{"line":14,"column":2},"end":{"line":16,"column":3}},{"start":{"line":14,"column":2},"end":{"line":16,"column":3}}],"line":14}},"s":{"0":1,"1":1,"2":1,"3":0,"4":1,"5":2,"6":1,"7":0,"8":0},"f":{"0":1,"1":2,"2":0,"3":0},"b":{"0":[0,1]},"_coverageSchema":"43e27e138ebf9cfc5966b082cf9a028302ed4184","hash":"bbbb63aa18831840ece96a03f8cec1b92809c32b"}
,"C:\\Users\\vance\\OneDrive\\Desktop\\College\\Fall 2020\\CSC 308\\Club-Hub\\client\\src\\pages\\club-registration\\ClubColleges.tsx": {"path":"C:\\Users\\vance\\OneDrive\\Desktop\\College\\Fall 2020\\CSC 308\\Club-Hub\\client\\src\\pages\\club-registration\\ClubColleges.tsx","statementMap":{"0":{"start":{"line":4,"column":31},"end":{"line":47,"column":1}},"1":{"start":{"line":5,"column":4},"end":{"line":46,"column":6}}},"fnMap":{"0":{"name":"(anonymous_0)","decl":{"start":{"line":4,"column":31},"end":{"line":4,"column":32}},"loc":{"start":{"line":4,"column":37},"end":{"line":47,"column":1}},"line":4}},"branchMap":{},"s":{"0":1,"1":0},"f":{"0":0},"b":{},"_coverageSchema":"43e27e138ebf9cfc5966b082cf9a028302ed4184","hash":"a7dffc84bfb51cb47e8fde314bdf3c3535b73252"}
[...]
"line":12,"column":24},"end":{"line":52,"column":1}},"1":{"start":{"line":13,"column":32},"end":{"line":13,"column":61}},"2":{"start":{"line":14,"column":28},"end":{"line":14,"column":57}},"3":{"start":{"line":16,"column":4},"end":{"line":18,"column":68}},"4":{"start":{"line":19,"column":17},"end":{"line":19,"column":26}},"5":{"start":{"line":21,"column":23},"end":{"line":21,"column":64}},"6":{"start":{"line":21,"column":42},"end":{"line":21,"column":62}},"7":{"start":{"line":22,"column":21},"end":{"line":22,"column":60}},"8":{"start":{"line":22,"column":38},"end":{"line":22,"column":58}},"9":{"start":{"line":24,"column":2},"end":{"line":51,"column":4}},"10":{"start":{"line":33,"column":59},"end":{"line":33,"column":78}},"11":{"start":{"line":40,"column":59},"end":{"line":40,"column":76}},"12":{"start":{"line":46,"column":89},"end":{"line":46,"column":128}},"13":{"start":{"line":46,"column":129},"end":{"line":46,"column":146}}},"fnMap":{"0":{"name":"(anonymous_0)","decl":{"start":{"line":12,"column":24},"end":{"line":12,"column":25}},"loc":{"start":{"line":12,"column":68},"end":{"line":52,"column":1}},"line":12},"1":{"name":"(anonymous_1)","decl":{"start":{"line":21,"column":36},"end":{"line":21,"column":37}},"loc":{"start":{"line":21,"column":42},"end":{"line":21,"column":62}},"line":21},"2":{"name":"(anonymous_2)","decl":{"start":{"line":22,"column":32},"end":{"line":22,"column":33}},"loc":{"start":{"line":22,"column":38},"end":{"line":22,"column":58}},"line":22},"3":{"name":"(anonymous_3)","decl":{"start":{"line":33,"column":20},"end":{"line":33,"column":21}},"loc":{"start":{"line":33,"column":59},"end":{"line":33,"column":78}},"line":33},"4":{"name":"(anonymous_4)","decl":{"start":{"line":40,"column":20},"end":{"line":40,"column":21}},"loc":{"start":{"line":40,"column":59},"end":{"line":40,"column":76}},"line":40},"5":{"name":"(anonymous_5)","decl":{"start":{"line":46,"column":81},"end":{"line":46,"column":82}},"loc":{"start":{"line":46,"column":87},"end":{"line":46,"column":148}},"line":46}},"branchMap":{},"s":{"0":1,"1":1,"2":1,"3":1,"4":1,"5":1,"6":6,"7":1,"8":56,"9":1,"10":0,"11":0,"12":1,"13":1},"f":{"0":1,"1":6,"2":56,"3":0,"4":0,"5":1},"b":{},"_coverageSchema":"43e27e138ebf9cfc5966b082cf9a028302ed4184","hash":"5e31f57e9704ec8b53469d4d9005e77fc05dfa1e"}
,"C:\\Users\\vance\\OneDrive\\Desktop\\College\\Fall 2020\\CSC 308\\Club-Hub\\client\\src\\pages\\interest-quiz\\InterestQuizPg2.tsx": {"path":"C:\\Users\\vance\\OneDrive\\Desktop\\College\\Fall 2020\\CSC 308\\Club-Hub\\client\\src\\pages\\interest-quiz\\InterestQuizPg2.tsx","statementMap":{"0":{"start":{"line":11,"column":24},"end":{"line":42,"column":1}},"1":{"start":{"line":13,"column":4},"end":{"line":18,"column":57}},"2":{"start":{"line":21,"column":2},"end":{"line":41,"column":4}},"3":{"start":{"line":28,"column":12},"end":{"line":31,"column":22}},"4":{"start":{"line":30,"column":91},"end":{"line":30,"column":142}},"5":{"start":{"line":35,"column":87},"end":{"line":35,"column":103}}},"fnMap":{"0":{"name":"(anonymous_0)","decl":{"start":{"line":11,"column":24},"end":{"line":11,"column":25}},"loc":{"start":{"line":11,"column":54},"end":{"line":42,"column":1}},"line":11},"1":{"name":"(anonymous_1)","decl":{"start":{"line":27,"column":26},"end":{"line":27,"column":27}},"loc":{"start":{"line":28,"column":12},"end":{"line":31,"column":22}},"line":28},"2":{"name":"(anonymous_2)","decl":{"start":{"line":30,"column":86},"end":{"line":30,"column":87}},"loc":{"start":{"line":30,"column":91},"end":{"line":30,"column":142}},"line":30},"3":{"name":"(anonymous_3)","decl":{"start":{"line":35,"column":81},"end":{"line":35,"column":82}},"loc":{"start":{"line":35,"column":87},"end":{"line":35,"column":103}},"line":35}},"branchMap":{},"s":{"0":1,"1":1,"2":1,"3":6,"4":0,"5":1},"f":{"0":1,"1":6,"2":0,"3":1},"b":{},"_coverageSchema":"43e27e138ebf9cfc5966b082cf9a028302ed4184","hash":"b5a3ae8f751fc2a052d4e766012ccdee566b3259"}
,"C:\\Users\\vance\\OneDrive\\Desktop\\College\\Fall 2020\\CSC 308\\Club-Hub\\client\\src\\pages\\interest-quiz\\InterestQuizPg3.tsx": {"path":"C:\\Users\\vance\\OneDrive\\Desktop\\College\\Fall 2020\\CSC 308\\Club-Hub\\client\\src\\pages\\interest-quiz\\InterestQuizPg3.tsx","statementMap":{"0":{"start":{"line":10,"column":24},"end":{"line":41,"column":1}},"1":{"start":{"line":12,"column":4},"end":{"line":17,"column":68}},"2":{"start":{"line":20,"column":2},"end":{"line":40,"column":4}},"3":{"start":{"line":27,"column":12},"end":{"line":30,"column":22}},"4":{"start":{"line":29,"column":91},"end":{"line":29,"column":142}},"5":{"start":{"line":34,"column":87},"end":{"line":34,"column":103}}},"fnMap":{"0":{"name":"(anonymous_0)","decl":{"start":{"line":10,"column":24},"end":{"line":10,"column":25}},"loc":{"start":{"line":10,"column":54},"end":{"line":41,"column":1}},"line":10},"1":{"name":"(anonymous_1)","decl":{"start":{"line":26,"column":26},"end":{"line":26,"column":27}},"loc":{"start":{"line":27,"column":12},"end":{"line":30,"column":22}},"line":27},"2":{"name":"(anonymous_2)","decl":{"start":{"line":29,"column":86},"end":{"line":29,"column":87}},"loc":{"start":{"line":29,"column":91},"end":{"line":29,"column":142}},"line":29},"3":{"name":"(anonymous_3)","decl":{"start":{"line":34,"column":81},"end":{"line":34,"column":82}},"loc":{"start":{"line":34,"column":87},"end":{"line":34,"column":103}},"line":34}},"branchMap":{},"s":{"0":1,"1":1,"2":1,"3":6,"4":0,"5":1},"f":{"0":1,"1":6,"2":0,"3":1},"b":{},"_coverageSchema":"43e27e138ebf9cfc5966b082cf9a028302ed4184","hash":"b37acd9d303da329eae5a85c75575dc22bb55d9c"}
,"C:\\Users\\vance\\OneDrive\\Desktop\\College\\Fall 2020\\CSC 308\\Club-Hub\\client\\src\\pages\\interest-quiz\\InterestQuizPg4.tsx": {"path":"C:\\Users\\vance\\OneDrive\\Desktop\\College\\Fall 2020\\CSC 308\\Club-Hub\\client\\src\\pages\\interest-quiz\\InterestQuizPg4.tsx","statementMap":{"0":{"start":{"line":10,"column":24},"end":{"line":39,"column":1}},"1":{"start":{"line":12,"column":4},"end":{"line":16,"column":47}},"2":{"start":{"line":18,"column":2},"end":{"line":38,"column":4}},"3":{"start":{"line":25,"column":12},"end":{"line":28,"column":22}},"4":{"start":{"line":27,"column":91},"end":{"line":27,"column":142}},"5":{"start":{"line":32,"column":87},"end":{"line":32,"column":103}}},"fnMap":{"0":{"name":"(anonymous_0)","decl":{"start":{"line":10,"column":24},"end":{"line":10,"column":25}},"loc":{"start":{"line":10,"column":54},"end":{"line":39,"column":1}},"line":10},"1":{"name":"(anonymous_1)","decl":{"start":{"line":24,"column":26},"end":{"line":24,"column":27}},"loc":{"start":{"line":25,"column":12},"end":{"line":28,"column":22}},"line":25},"2":{"name":"(anonymous_2)","decl":{"start":{"line":27,"column":86},"end":{"line":27,"column":87}},"loc":{"start":{"line":27,"column":91},"end":{"line":27,"column":142}},"line":27},"3":{"name":"(anonymous_3)","decl":{"start":{"line":32,"column":81},"end":{"line":32,"column":82}},"loc":{"start":{"line":32,"column":87},"end":{"line":32,"column":103}},"line":32}},"branchMap":{},"s":{"0":1,"1":1,"2":1,"3":5,"4":0,"5":1},"f":{"0":1,"1":5,"2":0,"3":1},"b":{},"_coverageSchema":"43e27e138ebf9cfc5966b082cf9a028302ed4184","hash":"913da50d68eb6160d7cd12a05d926419e25e3061"}
,"C:\\Users\\vance\\OneDrive\\Desktop\\College\\Fall 2020\\CSC 308\\Club-Hub\\client\\src\\pages\\interest-quiz\\listOfMajors.tsx": {"path":"C:\\Users\\vance\\OneDrive\\Desktop\\College\\Fall 2020\\CSC 308\\Club-Hub\\client\\src\\pages\\interest-quiz\\listOfMajors.tsx","statementMap":{"0":{"start":{"line":1,"column":18},"end":{"line":57,"column":10}}},"fnMap":{},"branchMap":{},"s":{"0":1},"f":{},"b":{},"_coverageSchema":"43e27e138ebf9cfc5966b082cf9a028302ed4184","hash":"84057f0396fb20b912a379dc0748f43ba6d4907c"}
,"C:\\Users\\vance\\OneDrive\\Desktop\\College\\Fall 2020\\CSC 308\\Club-Hub\\client\\src\\services\\VerificationPage.tsx": {"path":"C:\\Users\\vance\\OneDrive\\Desktop\\College\\Fall 2020\\CSC 308\\Club-Hub\\client\\src\\services\\VerificationPage.tsx","statementMap":{"0":{"start":{"line":4,"column":56},"end":{"line":8,"column":1}},"1":{"start":{"line":5,"column":4},"end":{"line":7,"column":5}}},"fnMap":{"0":{"name":"(anonymous_0)","decl":{"start":{"line":4,"column":56},"end":{"line":4,"column":57}},"loc":{"start":{"line":4,"column":67},"end":{"line":8,"column":1}},"line":4}},"branchMap":{},"s":{"0":0,"1":0},"f":{"0":0},"b":{},"hash":"24735ce336e9db882013196a1baa1b53fbeb9e45"}
,"C:\\Users\\vance\\OneDrive\\Desktop\\College\\Fall 2020\\CSC 308\\Club-Hub\\client\\src\\services\\api.tsx": {"path":"C:\\Users\\vance\\OneDrive\\Desktop\\College\\Fall 2020\\CSC 308\\Club-Hub\\client\\src\\services\\api.tsx","statementMap":{"0":{"start":{"line":8,"column":8},"end":{"line":29,"column":11}},"1":{"start":{"line":11,"column":16},"end":{"line":15,"column":42}},"2":{"start":{"line":12,"column":20},"end":{"line":12,"column":38}},"3":{"start":{"line":15,"column":20},"end":{"line":15,"column":42}},"4":{"start":{"line":19,"column":16},"end":{"line":25,"column":17}},"5":{"start":{"line":21,"column":20},"end":{"line":21,"column":54}},"6":{"start":{"line":23,"column":20},"end":{"line":23,"column":37}},"7":{"start":{"line":24,"column":20},"end":{"line":24,"column":37}},"8":{"start":{"line":33,"column":8},"end":{"line":45,"column":14}},"9":{"start":{"line":36,"column":16},"end":{"line":36,"column":34}},"10":{"start":{"line":39,"column":16},"end":{"line":44,"column":17}},"11":{"start":{"line":41,"column":20},"end":{"line":41,"column":54}},"12":{"start":{"line":43,"column":20},"end":{"line":43,"column":45}},"13":{"start":{"line":49,"column":8},"end":{"line":49,"column":34}},"14":{"start":{"line":50,"column":8},"end":{"line":72,"column":11}},"15":{"start":{"line":53,"column":12},"end":{"line":53,"column":29}},"16":{"start":{"line":54,"column":12},"end":{"line":59,"column":13}},"17":{"start":{"line":55,"column":16},"end":{"line":55,"column":26}},"18":{"start":{"line":58,"column":16},"end":{"line":58,"column":55}},"19":{"start":{"line":63,"column":12},"end":{"line":68,"column":13}},"20":{"start":{"line":65,"column":16},"end":{"line":65,"column":50}},"21":{"start":{"line":67,"column":16},"end":{"line":67,"column":33}},"22":{"start":{"line":76,"column":25},"end":{"line":119,"column":5}},"23":{"start":{"line":77,"column":8},"end":{"line":118,"column":14}},"24":{"start":{"line":80,"column":28},"end":{"line":80,"column":51}},"25":{"start":{"line":83,"column":16},"end":{"line":113,"column":18}},"26":{"start":{"line":84,"column":20},"end":{"line":84,"column":39}},"27":{"start":{"line":85,"column":31},"end":{"line":97,"column":21}},"28":{"start":{"line":99,"column":20},"end":{"line":110,"column":21}},"29":{"start":{"line":100,"column":24},"end":{"line":109,"column":25}},"30":{"start":{"line":112,"column":20},"end":{"line":112,"column":44}},"31":{"start":{"line":114,"column":16},"end":{"line":114,"column":31}},"32":{"start":{"line":117,"column":16},"end":{"line":117,"column":32}},"33":{"start":{"line":121,"column":27},"end":{"line":131,"column":5}},"34":{"start":{"line":122,"column":8},"end":{"line":122,"column":27}},"35":{"start":{"line":123,"column":8},"end":{"line":130,"column":14}},"36":{"start":{"line":125,"column":16},"end":{"line":125,"column":37}},"37":{"start":{"line":126,"column":16},"end":{"line":126,"column":34}},"38":{"start":{"line":129,"column":16},"end":{"line":129,"column":32}},"39":{"start":{"line":134,"column":38},"end":{"line":143,"column":11}},"40":{"start":{"line":145,"column":10},"end":{"line":147,"column":41}},"41":{"start":{"line":146,"column":23},"end":{"line":146,"column":39}},"42":{"start":{"line":147,"column":24},"end":{"line":147,"column":40}},"43":{"start":{"line":151,"column":8},"end":{"line":151,"column":33}},"44":{"start":{"line":152,"column":8},"end":{"line":154,"column":35}},"45":{"start":{"line":153,"column":23},"end":{"line":153,"column":41}},"46":{"start":{"line":154,"column":24},"end":{"line":154,"column":34}},"47":{"start":{"line":158,"column":8},"end":{"line":160,"column":39}},"48":{"start":{"line":159,"column":21},"end":{"line":159,"column":37}},"49":{"start":{"line":160,"column":22},"end":{"line":160,"column":38}},"50":{"start":{"line":164,"column":8},"end":{"line":166,"column":39}},"51":{"start":{"line":165,"column":21},"end":{"line":165,"column":37}},"52":{"start":{"line":166,"column":22},"end":{"line":166,"column":38}}},"fnMap":{"0":{"name":"(anonymous_0)","decl":{"start":{"line":7,"column":4},"end":{"line":7,"column":5}},"loc":{"start":{"line":7,"column":103},"end":{"line":30,"column":5}},"line":7},"1":{"name":"(anonymous_1)","decl":{"start":{"line":9,"column":18},"end":{"line":9,"column":19}},"loc":{"start":{"line":9,"column":45},"end":{"line":16,"column":17}},"line":9},"2":{"name":"(anonymous_2)","decl":{"start":{"line":17,"column":19},"end":{"line":17,"column":20}},"loc":{"start":{"line":17,"column":34},"end":{"line":26,"column":13}},"line":17},"3":{"name":"(anonymous_3)","decl":{"start":{"line":27,"column":18},"end":{"line":27,"column":19}},"loc":{"start":{"line":27,"column":30},"end":{"line":29,"column":9}},"line":27},"4":{"name":"(anonymous_4)","decl":{"start":{"line":32,"column":4},"end":{"line":32,"column":5}},"loc":{"start":{"line":32,"column":170},"end":{"line":46,"column":5}},"line":32},"5":{"name":"(anonymous_5)","decl":{"start":{"line":34,"column":18},"end":{"line":34,"column":19}},"loc":{"start":{"line":34,"column":33},"end":{"line":37,"column":13}},"line":34},"6":{"name":"(anonymous_6)","decl":{"start":{"line":38,"column":19},"end":{"line":38,"column":20}},"loc":{"start":{"line":38,"column":34},"end":{"line":45,"column":13}},"line":38},"7":{"name":"(anonymous_7)","decl":{"start":{"line":48,"column":4},"end":{"line":48,"column":5}},"loc":{"start":{"line":48,"column":165},"end":{"line":74,"column":5}},"line":48},"8":{"name":"(anonymous_8)","decl":{"start":{"line":51,"column":14},"end":{"line":51,"column":15}},"loc":{"start":{"line":51,"column":42},"end":{"line":60,"column":9}},"line":51},"9":{"name":"(anonymous_9)","decl":{"start":{"line":61,"column":15},"end":{"line":61,"column":16}},"loc":{"start":{"line":61,"column":30},"end":{"line":69,"column":11}},"line":61},"10":{"name":"(anonymous_10)","decl":{"start":{"line":70,"column":14},"end":{"line":70,"column":15}},"loc":{"start":{"line":70,"column":26},"end":{"line":72,"column":9}},"line":70},"11":{"name":"(anonymous_11)","decl":{"start":{"line":76,"column":25},"end":{"line":76,"column":26}},"loc":{"start":{"line":76,"column":49},"end":{"line":119,"column":5}},"line":76},"12":{"name":"(anonymous_12)","decl":{"start":{"line":78,"column":18},"end":{"line":78,"column":19}},"loc":{"start":{"line":78,"column":47},"end":{"line":115,"column":13}},"line":78},"13":{"name":"(anonymous_13)","decl":{"start":{"line":83,"column":33},"end":{"line":83,"column":34}},"loc":{"start":{"line":83,"column":38},"end":{"line":113,"column":17}},"line":83},"14":{"name":"(anonymous_14)","decl":{"start":{"line":99,"column":37},"end":{"line":99,"column":38}},"loc":{"start":{"line":100,"column":24},"end":{"line":109,"column":25}},"line":100},"15":{"name":"(anonymous_15)","decl":{"start":{"line":116,"column":19},"end":{"line":116,"column":20}},"loc":{"start":{"line":116,"column":34},"end":{"line":118,"column":13}},"line":116},"16":{"name":"(anonymous_16)","decl":{"start":{"line":121,"column":27},"end":{"line":121,"column":28}},"loc":{"start":{"line":121,"column":63},"end":{"line":131,"column":5}},"line":121},"17":{"name":"(anonymous_17)","decl":{"start":{"line":124,"column":18},"end":{"line":124,"column":19}},"loc":{"start":{"line":124,"column":43},"end":{"line":127,"column":13}},"line":124},"18":{"name":"(anonymous_18)","decl":{"start":{"line":128,"column":19},"end":{"line":128,"column":20}},"loc":{"start":{"line":128,"column":34},"end":{"line":130,"column":13}},"line":128},"19":{"name":"(anonymous_19)","decl":{"start":{"line":133,"column":4},"end":{"line":133,"column":5}},"loc":{"start":{"line":133,"column":189},"end":{"line":148,"column":5}},"line":133},"20":{"name":"(anonymous_20)","decl":{"start":{"line":146,"column":16},"end":{"line":146,"column":17}},"loc":{"start":{"line":146,"column":23},"end":{"line":146,"column":39}},"line":146},"21":{"name":"(anonymous_21)","decl":{"start":{"line":147,"column":17},"end":{"line":147,"column":18}},"loc":{"start":{"line":147,"column":24},"end":{"line":147,"column":40}},"line":147},"22":{"name":"(anonymous_22)","decl":{"start":{"line":150,"column":4},"end":{"line":150,"column":5}},"loc":{"start":{"line":150,"column":236},"end":{"line":155,"column":5}},"line":150},"23":{"name":"(anonymous_23)","decl":{"start":{"line":153,"column":14},"end":{"line":153,"column":15}},"loc":{"start":{"line":153,"column":23},"end":{"line":153,"column":41}},"line":153},"24":{"name":"(anonymous_24)","decl":{"start":{"line":154,"column":15},"end":{"line":154,"column":16}},"loc":{"start":{"line":154,"column":24},"end":{"line":154,"column":34}},"line":154},"25":{"name":"(anonymous_25)","decl":{"start":{"line":157,"column":4},"end":{"line":157,"column":5}},"loc":{"start":{"line":157,"column":55},"end":{"line":161,"column":5}},"line":157},"26":{"name":"(anonymous_26)","decl":{"start":{"line":159,"column":14},"end":{"line":159,"column":15}},"loc":{"start":{"line":159,"column":21},"end":{"line":159,"column":37}},"line":159},"27":{"name":"(anonymous_27)","decl":{"start":{"line":160,"column":15},"end":{"line":160,"column":16}},"loc":{"start":{"line":160,"column":22},"end":{"line":160,"column":38}},"line":160},"28":{"name":"(anonymous_28)","decl":{"start":{"line":163,"column":4},"end":{"line":163,"column":5}},"loc":{"start":{"line":163,"column":56},"end":{"line":167,"column":5}},"line":163},"29":{"name":"(anonymous_29)","decl":{"start":{"line":165,"column":14},"end":{"line":165,"column":15}},"loc":{"start":{"line":165,"column":21},"end":{"line":165,"column":37}},"line":165},"30":{"name":"(anonymous_30)","decl":{"start":{"line":166,"column":15},"end":{"line":166,"column":16}},"loc":{"start":{"line":166,"column":22},"end":{"line":166,"column":38}},"line":166}},"branchMap":{"0":{"loc":{"start":{"line":11,"column":16},"end":{"line":15,"column":42}},"type":"if","locations":[{"start":{"line":11,"column":16},"end":{"line":15,"column":42}},{"start":{"line":11,"column":16},"end":{"line":15,"column":42}}],"line":11},"1":{"loc":{"start":{"line":19,"column":16},"end":{"line":25,"column":17}},"type":"if","locations":[{"start":{"line":19,"column":16},"end":{"line":25,"column":17}},{"start":{"line":19,"column":16},"end":{"line":25,"column":17}}],"line":19},"2":{"loc":{"start":{"line":39,"column":16},"end":{"line":44,"column":17}},"type":"if","locations":[{"start":{"line":39,"column":16},"end":{"line":44,"column":17}},{"start":{"line":39,"column":16},"end":{"line":44,"column":17}}],"line":39},"3":{"loc":{"start":{"line":54,"column":12},"end":{"line":59,"column":13}},"type":"if","locations":[{"start":{"line":54,"column":12},"end":{"line":59,"column":13}},{"start":{"line":54,"column":12},"end":{"line":59,"column":13}}],"line":54},"4":{"loc":{"start":{"line":63,"column":12},"end":{"line":68,"column":13}},"type":"if","locations":[{"start":{"line":63,"column":12},"end":{"line":68,"column":13}},{"start":{"line":63,"column":12},"end":{"line":68,"column":13}}],"line":63}},"s":{"0":0,"1":0,"2":0,"3":0,"4":0,"5":0,"6":0,"7":0,"8":0,"9":0,"10":0,"11":0,"12":0,"13":0,"14":0,"15":0,"16":0,"17":0,"18":0,"19":0,"20":0,"21":0,"22":1,"23":0,"24":0,"25":0,"26":0,"27":0,"28":0,"29":0,"30":0,"31":0,"32":0,"33":1,"34":0,"35":0,"36":0,"37":0,"38":0,"39":0,"40":0,"41":0,"42":0,"43":0,"44":0,"45":0,"46":0,"47":0,"48":0,"49":0,"50":0,"51":0,"52":0},"f":{"0":0,"1":0,"2":0,"3":0,"4":0,"5":0,"6":0,"7":0,"8":0,"9":0,"10":0,"11":0,"12":0,"13":0,"14":0,"15":0,"16":0,"17":0,"18":0,"19":0,"20":0,"21":0,"22":0,"23":0,"24":0,"25":0,"26":0,"27":0,"28":0,"29":0,"30":0},"b":{"0":[0,0],"1":[0,0],"2":[0,0],"3":[0,0],"4":[0,0]},"_coverageSchema":"43e27e138ebf9cfc5966b082cf9a028302ed4184","hash":"5700a4ad826a2b22513287caa94a4aa783a74266"}
}
