{"C:\\Users\\vance\\OneDrive\\Desktop\\College\\Fall 2020\\CSC 308\\Club-Hub\\client\\src\\App.tsx": {"path":"C:\\Users\\vance\\OneDrive\\Desktop\\College\\Fall 2020\\CSC 308\\Club-Hub\\client\\src\\App.tsx","statementMap":{"0":{"start":{"line":89,"column":0},"end":{"line":91,"column":3}},"1":{"start":{"line":106,"column":4},"end":{"line":106,"column":16}},"2":{"start":{"line":107,"column":4},"end":{"line":113,"column":5}},"3":{"start":{"line":115,"column":4},"end":{"line":115,"column":42}},"4":{"start":{"line":120,"column":4},"end":{"line":124,"column":7}},"5":{"start":{"line":127,"column":4},"end":{"line":127,"column":60}},"6":{"start":{"line":136,"column":4},"end":{"line":136,"column":63}},"7":{"start":{"line":140,"column":16},"end":{"line":140,"column":39}},"8":{"start":{"line":142,"column":4},"end":{"line":144,"column":5}},"9":{"start":{"line":143,"column":6},"end":{"line":143,"column":46}},"10":{"start":{"line":146,"column":4},"end":{"line":146,"column":68}},"11":{"start":{"line":146,"column":24},"end":{"line":146,"column":58}},"12":{"start":{"line":150,"column":4},"end":{"line":150,"column":37}},"13":{"start":{"line":152,"column":4},"end":{"line":164,"column":6}},"14":{"start":{"line":153,"column":6},"end":{"line":163,"column":7}},"15":{"start":{"line":154,"column":8},"end":{"line":156,"column":9}},"16":{"start":{"line":159,"column":24},"end":{"line":159,"column":65}},"17":{"start":{"line":160,"column":8},"end":{"line":162,"column":9}},"18":{"start":{"line":166,"column":4},"end":{"line":175,"column":6}},"19":{"start":{"line":167,"column":6},"end":{"line":174,"column":7}},"20":{"start":{"line":168,"column":33},"end":{"line":168,"column":116}},"21":{"start":{"line":169,"column":8},"end":{"line":169,"column":41}},"22":{"start":{"line":170,"column":8},"end":{"line":170,"column":33}},"23":{"start":{"line":173,"column":8},"end":{"line":173,"column":34}},"24":{"start":{"line":178,"column":17},"end":{"line":191,"column":3}},"25":{"start":{"line":179,"column":4},"end":{"line":186,"column":5}},"26":{"start":{"line":180,"column":6},"end":{"line":180,"column":52}},"27":{"start":{"line":181,"column":6},"end":{"line":181,"column":71}},"28":{"start":{"line":184,"column":6},"end":{"line":184,"column":43}},"29":{"start":{"line":185,"column":6},"end":{"line":185,"column":59}},"30":{"start":{"line":188,"column":4},"end":{"line":188,"column":21}},"31":{"start":{"line":190,"column":4},"end":{"line":190,"column":44}},"32":{"start":{"line":193,"column":11},"end":{"line":196,"column":3}},"33":{"start":{"line":194,"column":4},"end":{"line":194,"column":82}},"34":{"start":{"line":195,"column":4},"end":{"line":195,"column":21}},"35":{"start":{"line":198,"column":12},"end":{"line":212,"column":3}},"36":{"start":{"line":199,"column":4},"end":{"line":211,"column":7}},"37":{"start":{"line":214,"column":13},"end":{"line":218,"column":3}},"38":{"start":{"line":215,"column":4},"end":{"line":217,"column":6}},"39":{"start":{"line":220,"column":15},"end":{"line":240,"column":3}},"40":{"start":{"line":222,"column":15},"end":{"line":222,"column":30}},"41":{"start":{"line":224,"column":4},"end":{"line":239,"column":6}},"42":{"start":{"line":244,"column":4},"end":{"line":244,"column":57}},"43":{"start":{"line":246,"column":17},"end":{"line":246,"column":43}},"44":{"start":{"line":247,"column":24},"end":{"line":247,"column":86}},"45":{"start":{"line":247,"column":45},"end":{"line":247,"column":69}},"46":{"start":{"line":249,"column":4},"end":{"line":256,"column":5}},"47":{"start":{"line":250,"column":6},"end":{"line":255,"column":7}},"48":{"start":{"line":251,"column":8},"end":{"line":251,"column":85}},"49":{"start":{"line":251,"column":45},"end":{"line":251,"column":68}},"50":{"start":{"line":254,"column":8},"end":{"line":254,"column":93}},"51":{"start":{"line":254,"column":45},"end":{"line":254,"column":76}},"52":{"start":{"line":259,"column":30},"end":{"line":259,"column":105}},"53":{"start":{"line":261,"column":4},"end":{"line":316,"column":5}},"54":{"start":{"line":272,"column":61},"end":{"line":272,"column":149}},"55":{"start":{"line":273,"column":61},"end":{"line":273,"column":150}},"56":{"start":{"line":274,"column":61},"end":{"line":274,"column":153}},"57":{"start":{"line":279,"column":109},"end":{"line":279,"column":158}},"58":{"start":{"line":283,"column":114},"end":{"line":283,"column":195}},"59":{"start":{"line":284,"column":105},"end":{"line":284,"column":165}},"60":{"start":{"line":320,"column":10},"end":{"line":348,"column":3}},"61":{"start":{"line":321,"column":4},"end":{"line":323,"column":5}},"62":{"start":{"line":322,"column":6},"end":{"line":322,"column":12}},"63":{"start":{"line":324,"column":4},"end":{"line":347,"column":7}},"64":{"start":{"line":327,"column":8},"end":{"line":327,"column":25}},"65":{"start":{"line":328,"column":8},"end":{"line":333,"column":30}},"66":{"start":{"line":329,"column":12},"end":{"line":329,"column":34}},"67":{"start":{"line":330,"column":12},"end":{"line":330,"column":40}},"68":{"start":{"line":333,"column":12},"end":{"line":333,"column":30}},"69":{"start":{"line":337,"column":8},"end":{"line":343,"column":9}},"70":{"start":{"line":339,"column":12},"end":{"line":339,"column":46}},"71":{"start":{"line":341,"column":12},"end":{"line":341,"column":29}},"72":{"start":{"line":342,"column":12},"end":{"line":342,"column":30}}},"fnMap":{"0":{"name":"(anonymous_0)","decl":{"start":{"line":105,"column":2},"end":{"line":105,"column":3}},"loc":{"start":{"line":105,"column":26},"end":{"line":116,"column":3}},"line":105},"1":{"name":"(anonymous_1)","decl":{"start":{"line":119,"column":2},"end":{"line":119,"column":3}},"loc":{"start":{"line":119,"column":23},"end":{"line":128,"column":3}},"line":119},"2":{"name":"(anonymous_2)","decl":{"start":{"line":131,"column":2},"end":{"line":131,"column":3}},"loc":{"start":{"line":131,"column":22},"end":{"line":132,"column":3}},"line":131},"3":{"name":"(anonymous_3)","decl":{"start":{"line":134,"column":2},"end":{"line":134,"column":3}},"loc":{"start":{"line":134,"column":24},"end":{"line":137,"column":3}},"line":134},"4":{"name":"(anonymous_4)","decl":{"start":{"line":139,"column":2},"end":{"line":139,"column":3}},"loc":{"start":{"line":139,"column":34},"end":{"line":147,"column":3}},"line":139},"5":{"name":"(anonymous_5)","decl":{"start":{"line":146,"column":15},"end":{"line":146,"column":16}},"loc":{"start":{"line":146,"column":21},"end":{"line":146,"column":60}},"line":146},"6":{"name":"(anonymous_6)","decl":{"start":{"line":149,"column":2},"end":{"line":149,"column":3}},"loc":{"start":{"line":149,"column":24},"end":{"line":176,"column":3}},"line":149},"7":{"name":"(anonymous_7)","decl":{"start":{"line":152,"column":18},"end":{"line":152,"column":19}},"loc":{"start":{"line":152,"column":31},"end":{"line":164,"column":5}},"line":152},"8":{"name":"(anonymous_8)","decl":{"start":{"line":166,"column":18},"end":{"line":166,"column":19}},"loc":{"start":{"line":166,"column":31},"end":{"line":175,"column":5}},"line":166},"9":{"name":"(anonymous_9)","decl":{"start":{"line":178,"column":17},"end":{"line":178,"column":18}},"loc":{"start":{"line":178,"column":33},"end":{"line":191,"column":3}},"line":178},"10":{"name":"(anonymous_10)","decl":{"start":{"line":193,"column":11},"end":{"line":193,"column":12}},"loc":{"start":{"line":193,"column":17},"end":{"line":196,"column":3}},"line":193},"11":{"name":"(anonymous_11)","decl":{"start":{"line":198,"column":12},"end":{"line":198,"column":13}},"loc":{"start":{"line":198,"column":25},"end":{"line":212,"column":3}},"line":198},"12":{"name":"(anonymous_12)","decl":{"start":{"line":214,"column":13},"end":{"line":214,"column":14}},"loc":{"start":{"line":214,"column":19},"end":{"line":218,"column":3}},"line":214},"13":{"name":"(anonymous_13)","decl":{"start":{"line":220,"column":15},"end":{"line":220,"column":16}},"loc":{"start":{"line":220,"column":93},"end":{"line":240,"column":3}},"line":220},"14":{"name":"(anonymous_14)","decl":{"start":{"line":243,"column":2},"end":{"line":243,"column":3}},"loc":{"start":{"line":243,"column":11},"end":{"line":317,"column":3}},"line":243},"15":{"name":"(anonymous_15)","decl":{"start":{"line":247,"column":39},"end":{"line":247,"column":40}},"loc":{"start":{"line":247,"column":45},"end":{"line":247,"column":69}},"line":247},"16":{"name":"(anonymous_16)","decl":{"start":{"line":251,"column":39},"end":{"line":251,"column":40}},"loc":{"start":{"line":251,"column":45},"end":{"line":251,"column":68}},"line":251},"17":{"name":"(anonymous_17)","decl":{"start":{"line":254,"column":39},"end":{"line":254,"column":40}},"loc":{"start":{"line":254,"column":45},"end":{"line":254,"column":76}},"line":254},"18":{"name":"(anonymous_18)","decl":{"start":{"line":272,"column":50},"end":{"line":272,"column":51}},"loc":{"start":{"line":272,"column":61},"end":{"line":272,"column":149}},"line":272},"19":{"name":"(anonymous_19)","decl":{"start":{"line":273,"column":50},"end":{"line":273,"column":51}},"loc":{"start":{"line":273,"column":61},"end":{"line":273,"column":150}},"line":273},"20":{"name":"(anonymous_20)","decl":{"start":{"line":274,"column":50},"end":{"line":274,"column":51}},"loc":{"start":{"line":274,"column":61},"end":{"line":274,"column":153}},"line":274},"21":{"name":"(anonymous_21)","decl":{"start":{"line":279,"column":98},"end":{"line":279,"column":99}},"loc":{"start":{"line":279,"column":109},"end":{"line":279,"column":158}},"line":279},"22":{"name":"(anonymous_22)","decl":{"start":{"line":283,"column":103},"end":{"line":283,"column":104}},"loc":{"start":{"line":283,"column":114},"end":{"line":283,"column":195}},"line":283},"23":{"name":"(anonymous_23)","decl":{"start":{"line":284,"column":94},"end":{"line":284,"column":95}},"loc":{"start":{"line":284,"column":105},"end":{"line":284,"column":165}},"line":284},"24":{"name":"(anonymous_24)","decl":{"start":{"line":320,"column":10},"end":{"line":320,"column":11}},"loc":{"start":{"line":320,"column":43},"end":{"line":348,"column":3}},"line":320},"25":{"name":"(anonymous_25)","decl":{"start":{"line":325,"column":14},"end":{"line":325,"column":15}},"loc":{"start":{"line":325,"column":41},"end":{"line":334,"column":9}},"line":325},"26":{"name":"(anonymous_26)","decl":{"start":{"line":335,"column":15},"end":{"line":335,"column":16}},"loc":{"start":{"line":335,"column":30},"end":{"line":344,"column":7}},"line":335},"27":{"name":"(anonymous_27)","decl":{"start":{"line":345,"column":12},"end":{"line":345,"column":13}},"loc":{"start":{"line":345,"column":24},"end":{"line":347,"column":5}},"line":345}},"branchMap":{"0":{"loc":{"start":{"line":153,"column":6},"end":{"line":163,"column":7}},"type":"if","locations":[{"start":{"line":153,"column":6},"end":{"line":163,"column":7}},{"start":{"line":153,"column":6},"end":{"line":163,"column":7}}],"line":153},"1":{"loc":{"start":{"line":167,"column":6},"end":{"line":174,"column":7}},"type":"if","locations":[{"start":{"line":167,"column":6},"end":{"line":174,"column":7}},{"start":{"line":167,"column":6},"end":{"line":174,"column":7}}],"line":167},"2":{"loc":{"start":{"line":179,"column":4},"end":{"line":186,"column":5}},"type":"if","locations":[{"start":{"line":179,"column":4},"end":{"line":186,"column":5}},{"start":{"line":179,"column":4},"end":{"line":186,"column":5}}],"line":179},"3":{"loc":{"start":{"line":249,"column":4},"end":{"line":256,"column":5}},"type":"if","locations":[{"start":{"line":249,"column":4},"end":{"line":256,"column":5}},{"start":{"line":249,"column":4},"end":{"line":256,"column":5}}],"line":249},"4":{"loc":{"start":{"line":250,"column":6},"end":{"line":255,"column":7}},"type":"if","locations":[{"start":{"line":250,"column":6},"end":{"line":255,"column":7}},{"start":{"line":250,"column":6},"end":{"line":255,"column":7}}],"line":250},"5":{"loc":{"start":{"line":265,"column":13},"end":{"line":266,"column":31}},"type":"binary-expr","locations":[{"start":{"line":265,"column":14},"end":{"line":265,"column":20}},{"start":{"line":265,"column":24},"end":{"line":265,"column":45}},{"start":{"line":266,"column":14},"end":{"line":266,"column":31}}],"line":265},"6":{"loc":{"start":{"line":272,"column":61},"end":{"line":272,"column":149}},"type":"cond-expr","locations":[{"start":{"line":272,"column":72},"end":{"line":272,"column":93}},{"start":{"line":272,"column":96},"end":{"line":272,"column":149}}],"line":272},"7":{"loc":{"start":{"line":273,"column":61},"end":{"line":273,"column":150}},"type":"cond-expr","locations":[{"start":{"line":273,"column":72},"end":{"line":273,"column":93}},{"start":{"line":273,"column":96},"end":{"line":273,"column":150}}],"line":273},"8":{"loc":{"start":{"line":274,"column":61},"end":{"line":274,"column":153}},"type":"cond-expr","locations":[{"start":{"line":274,"column":72},"end":{"line":274,"column":93}},{"start":{"line":274,"column":96},"end":{"line":274,"column":153}}],"line":274},"9":{"loc":{"start":{"line":288,"column":17},"end":{"line":308,"column":30}},"type":"cond-expr","locations":[{"start":{"line":289,"column":18},"end":{"line":306,"column":30}},{"start":{"line":308,"column":18},"end":{"line":308,"column":30}}],"line":288},"10":{"loc":{"start":{"line":321,"column":4},"end":{"line":323,"column":5}},"type":"if","locations":[{"start":{"line":321,"column":4},"end":{"line":323,"column":5}},{"start":{"line":321,"column":4},"end":{"line":323,"column":5}}],"line":321},"11":{"loc":{"start":{"line":328,"column":8},"end":{"line":333,"column":30}},"type":"if","locations":[{"start":{"line":328,"column":8},"end":{"line":333,"column":30}},{"start":{"line":328,"column":8},"end":{"line":333,"column":30}}],"line":328},"12":{"loc":{"start":{"line":337,"column":8},"end":{"line":343,"column":9}},"type":"if","locations":[{"start":{"line":337,"column":8},"end":{"line":343,"column":9}},{"start":{"line":337,"column":8},"end":{"line":343,"column":9}}],"line":337}},"s":{"0":1,"1":1,"2":1,"3":1,"4":1,"5":1,"6":1,"7":0,"8":0,"9":0,"10":0,"11":0,"12":0,"13":0,"14":0,"15":0,"16":0,"17":0,"18":0,"19":0,"20":0,"21":0,"22":0,"23":0,"24":1,"25":0,"26":0,"27":0,"28":0,"29":0,"30":0,"31":0,"32":1,"33":0,"34":0,"35":1,"36":0,"37":1,"38":0,"39":1,"40":0,"41":0,"42":1,"43":1,"44":1,"45":0,"46":1,"47":0,"48":0,"49":0,"50":0,"51":0,"52":1,"53":1,"54":0,"55":0,"56":0,"57":0,"58":0,"59":0,"60":1,"61":0,"62":0,"63":0,"64":0,"65":0,"66":0,"67":0,"68":0,"69":0,"70":0,"71":0,"72":0},"f":{"0":1,"1":1,"2":1,"3":1,"4":0,"5":0,"6":0,"7":0,"8":0,"9":0,"10":0,"11":0,"12":0,"13":0,"14":1,"15":0,"16":0,"17":0,"18":0,"19":0,"20":0,"21":0,"22":0,"23":0,"24":0,"25":0,"26":0,"27":0},"b":{"0":[0,0],"1":[0,0],"2":[0,0],"3":[0,1],"4":[0,0],"5":[1,0,0],"6":[0,0],"7":[0,0],"8":[0,0],"9":[0,1],"10":[0,0],"11":[0,0],"12":[0,0]},"_coverageSchema":"43e27e138ebf9cfc5966b082cf9a028302ed4184","hash":"0bba1c79690e79e8ff13f68fc0cdf540fe49323e"}
,"C:\\Users\\vance\\OneDrive\\Desktop\\College\\Fall 2020\\CSC 308\\Club-Hub\\client\\src\\ClubContext.tsx": {"path":"C:\\Users\\vance\\OneDrive\\Desktop\\College\\Fall 2020\\CSC 308\\Club-Hub\\client\\src\\ClubContext.tsx","statementMap":{"0":{"start":{"line":4,"column":27},"end":{"line":4,"column":88}}},"fnMap":{},"branchMap":{},"s":{"0":1},"f":{},"b":{},"_coverageSchema":"43e27e138ebf9cfc5966b082cf9a028302ed4184","hash":"afa06e4c97abd4a1ae70b4e687afde3aab5a8083"}
,"C:\\Users\\vance\\OneDrive\\Desktop\\College\\Fall 2020\\CSC 308\\Club-Hub\\client\\src\\DummyData.tsx": {"path":"C:\\Users\\vance\\OneDrive\\Desktop\\College\\Fall 2020\\CSC 308\\Club-Hub\\client\\src\\DummyData.tsx","statementMap":{"0":{"start":{"line":9,"column":27},"end":{"line":9,"column":50}},"1":{"start":{"line":12,"column":17},"end":{"line":12,"column":177}},"2":{"start":{"line":13,"column":0},"end":{"line":13,"column":191}},"3":{"start":{"line":15,"column":17},"end":{"line":15,"column":153}},"4":{"start":{"line":16,"column":0},"end":{"line":16,"column":158}},"5":{"start":{"line":18,"column":17},"end":{"line":18,"column":177}},"6":{"start":{"line":19,"column":0},"end":{"line":19,"column":160}},"7":{"start":{"line":20,"column":0},"end":{"line":20,"column":149}},"8":{"start":{"line":22,"column":17},"end":{"line":22,"column":187}},"9":{"start":{"line":24,"column":0},"end":{"line":24,"column":36}},"10":{"start":{"line":25,"column":0},"end":{"line":25,"column":36}},"11":{"start":{"line":26,"column":0},"end":{"line":26,"column":36}},"12":{"start":{"line":27,"column":0},"end":{"line":27,"column":36}},"13":{"start":{"line":29,"column":29},"end":{"line":29,"column":101}}},"fnMap":{},"branchMap":{},"s":{"0":1,"1":1,"2":1,"3":1,"4":1,"5":1,"6":1,"7":1,"8":1,"9":1,"10":1,"11":1,"12":1,"13":1},"f":{},"b":{},"_coverageSchema":"43e27e138ebf9cfc5966b082cf9a028302ed4184","hash":"e0b9ae50da087320bed3f0b744c7e8950591aaec"}
,"C:\\Users\\vance\\OneDrive\\Desktop\\College\\Fall 2020\\CSC 308\\Club-Hub\\client\\src\\UserContext.tsx": {"path":"C:\\Users\\vance\\OneDrive\\Desktop\\College\\Fall 2020\\CSC 308\\Club-Hub\\client\\src\\UserContext.tsx","statementMap":{"0":{"start":{"line":19,"column":27},"end":{"line":19,"column":78}}},"fnMap":{},"branchMap":{},"s":{"0":1},"f":{},"b":{},"_coverageSchema":"43e27e138ebf9cfc5966b082cf9a028302ed4184","hash":"9652b37b6254c198858bc43d0d93f73ec35a936a"}
,"C:\\Users\\vance\\OneDrive\\Desktop\\College\\Fall 2020\\CSC 308\\Club-Hub\\client\\src\\constants.js": {"path":"C:\\Users\\vance\\OneDrive\\Desktop\\College\\Fall 2020\\CSC 308\\Club-Hub\\client\\src\\constants.js","statementMap":{"0":{"start":{"line":2,"column":13},"end":{"line":2,"column":47}},"1":{"start":{"line":4,"column":12},"end":{"line":4,"column":35}},"2":{"start":{"line":6,"column":27},"end":{"line":6,"column":78}}},"fnMap":{},"branchMap":{"0":{"loc":{"start":{"line":6,"column":27},"end":{"line":6,"column":78}},"type":"cond-expr","locations":[{"start":{"line":6,"column":68},"end":{"line":6,"column":71}},{"start":{"line":6,"column":74},"end":{"line":6,"column":78}}],"line":6}},"s":{"0":1,"1":1,"2":1},"f":{},"b":{"0":[0,1]},"_coverageSchema":"43e27e138ebf9cfc5966b082cf9a028302ed4184","hash":"aff050d07dabe4c2d50adbc0fe17d03176cec85b"}
,"C:\\Users\\vance\\OneDrive\\Desktop\\College\\Fall 2020\\CSC 308\\Club-Hub\\client\\src\\history.tsx": {"path":"C:\\Users\\vance\\OneDrive\\Desktop\\College\\Fall 2020\\CSC 308\\Club-Hub\\client\\src\\history.tsx","statementMap":{},"fnMap":{},"branchMap":{},"s":{},"f":{},"b":{},"_coverageSchema":"43e27e138ebf9cfc5966b082cf9a028302ed4184","hash":"1cad1c5be3135504712130b79593db7e416b1256"}
,"C:\\Users\\vance\\OneDrive\\Desktop\\College\\Fall 2020\\CSC 308\\Club-Hub\\client\\src\\index.tsx": {"path":"C:\\Users\\vance\\OneDrive\\Desktop\\College\\Fall 2020\\CSC 308\\Club-Hub\\client\\src\\index.tsx","statementMap":{"0":{"start":{"line":9,"column":0},"end":{"line":9,"column":29}},"1":{"start":{"line":11,"column":0},"end":{"line":11,"column":58}},"2":{"start":{"line":16,"column":0},"end":{"line":16,"column":27}}},"fnMap":{},"branchMap":{},"s":{"0":0,"1":0,"2":0},"f":{},"b":{},"hash":"f179b506f51852c934aadcc73167eed974061c40"}
,"C:\\Users\\vance\\OneDrive\\Desktop\\College\\Fall 2020\\CSC 308\\Club-Hub\\client\\src\\serviceWorker.ts": {"path":"C:\\Users\\vance\\OneDrive\\Desktop\\College\\Fall 2020\\CSC 308\\Club-Hub\\client\\src\\serviceWorker.ts","statementMap":{"0":{"start":{"line":13,"column":20},"end":{"line":21,"column":1}},"1":{"start":{"line":29,"column":2},"end":{"line":62,"column":3}},"2":{"start":{"line":31,"column":22},"end":{"line":34,"column":5}},"3":{"start":{"line":35,"column":4},"end":{"line":40,"column":5}},"4":{"start":{"line":39,"column":6},"end":{"line":39,"column":13}},"5":{"start":{"line":42,"column":4},"end":{"line":61,"column":7}},"6":{"start":{"line":43,"column":20},"end":{"line":43,"column":65}},"7":{"start":{"line":45,"column":6},"end":{"line":60,"column":7}},"8":{"start":{"line":47,"column":8},"end":{"line":47,"column":47}},"9":{"start":{"line":51,"column":8},"end":{"line":56,"column":11}},"10":{"start":{"line":52,"column":10},"end":{"line":55,"column":12}},"11":{"start":{"line":59,"column":8},"end":{"line":59,"column":39}},"12":{"start":{"line":66,"column":2},"end":{"line":106,"column":7}},"13":{"start":{"line":69,"column":6},"end":{"line":102,"column":8}},"14":{"start":{"line":70,"column":33},"end":{"line":70,"column":56}},"15":{"start":{"line":71,"column":8},"end":{"line":73,"column":9}},"16":{"start":{"line":72,"column":10},"end":{"line":72,"column":17}},"17":{"start":{"line":74,"column":8},"end":{"line":101,"column":10}},"18":{"start":{"line":75,"column":10},"end":{"line":100,"column":11}},"19":{"start":{"line":76,"column":12},"end":{"line":99,"column":13}},"20":{"start":{"line":80,"column":14},"end":{"line":83,"column":16}},"21":{"start":{"line":86,"column":14},"end":{"line":88,"column":15}},"22":{"start":{"line":87,"column":16},"end":{"line":87,"column":46}},"23":{"start":{"line":93,"column":14},"end":{"line":93,"column":64}},"24":{"start":{"line":96,"column":14},"end":{"line":98,"column":15}},"25":{"start":{"line":97,"column":16},"end":{"line":97,"column":47}},"26":{"start":{"line":105,"column":6},"end":{"line":105,"column":72}},"27":{"start":{"line":111,"column":2},"end":{"line":136,"column":7}},"28":{"start":{"line":116,"column":26},"end":{"line":116,"column":62}},"29":{"start":{"line":117,"column":6},"end":{"line":130,"column":7}},"30":{"start":{"line":122,"column":8},"end":{"line":126,"column":11}},"31":{"start":{"line":123,"column":10},"end":{"line":125,"column":13}},"32":{"start":{"line":124,"column":12},"end":{"line":124,"column":37}},"33":{"start":{"line":129,"column":8},"end":{"line":129,"column":39}},"34":{"start":{"line":133,"column":6},"end":{"line":135,"column":8}},"35":{"start":{"line":140,"column":2},"end":{"line":144,"column":3}},"36":{"start":{"line":141,"column":4},"end":{"line":143,"column":7}},"37":{"start":{"line":142,"column":6},"end":{"line":142,"column":32}}},"fnMap":{"0":{"name":"register","decl":{"start":{"line":28,"column":16},"end":{"line":28,"column":24}},"loc":{"start":{"line":28,"column":42},"end":{"line":63,"column":1}},"line":28},"1":{"name":"(anonymous_1)","decl":{"start":{"line":42,"column":36},"end":{"line":42,"column":37}},"loc":{"start":{"line":42,"column":42},"end":{"line":61,"column":5}},"line":42},"2":{"name":"(anonymous_2)","decl":{"start":{"line":51,"column":43},"end":{"line":51,"column":44}},"loc":{"start":{"line":51,"column":49},"end":{"line":56,"column":9}},"line":51},"3":{"name":"registerValidSW","decl":{"start":{"line":65,"column":9},"end":{"line":65,"column":24}},"loc":{"start":{"line":65,"column":57},"end":{"line":107,"column":1}},"line":65},"4":{"name":"(anonymous_4)","decl":{"start":{"line":68,"column":10},"end":{"line":68,"column":11}},"loc":{"start":{"line":68,"column":26},"end":{"line":103,"column":5}},"line":68},"5":{"name":"(anonymous_5)","decl":{"start":{"line":69,"column":35},"end":{"line":69,"column":36}},"loc":{"start":{"line":69,"column":41},"end":{"line":102,"column":7}},"line":69},"6":{"name":"(anonymous_6)","decl":{"start":{"line":74,"column":41},"end":{"line":74,"column":42}},"loc":{"start":{"line":74,"column":47},"end":{"line":101,"column":9}},"line":74},"7":{"name":"(anonymous_7)","decl":{"start":{"line":104,"column":11},"end":{"line":104,"column":12}},"loc":{"start":{"line":104,"column":20},"end":{"line":106,"column":5}},"line":104},"8":{"name":"checkValidServiceWorker","decl":{"start":{"line":109,"column":9},"end":{"line":109,"column":32}},"loc":{"start":{"line":109,"column":65},"end":{"line":137,"column":1}},"line":109},"9":{"name":"(anonymous_9)","decl":{"start":{"line":114,"column":10},"end":{"line":114,"column":11}},"loc":{"start":{"line":114,"column":22},"end":{"line":131,"column":5}},"line":114},"10":{"name":"(anonymous_10)","decl":{"start":{"line":122,"column":43},"end":{"line":122,"column":44}},"loc":{"start":{"line":122,"column":59},"end":{"line":126,"column":9}},"line":122},"11":{"name":"(anonymous_11)","decl":{"start":{"line":123,"column":41},"end":{"line":123,"column":42}},"loc":{"start":{"line":123,"column":47},"end":{"line":125,"column":11}},"line":123},"12":{"name":"(anonymous_12)","decl":{"start":{"line":132,"column":11},"end":{"line":132,"column":12}},"loc":{"start":{"line":132,"column":17},"end":{"line":136,"column":5}},"line":132},"13":{"name":"unregister","decl":{"start":{"line":139,"column":16},"end":{"line":139,"column":26}},"loc":{"start":{"line":139,"column":29},"end":{"line":145,"column":1}},"line":139},"14":{"name":"(anonymous_14)","decl":{"start":{"line":141,"column":39},"end":{"line":141,"column":40}},"loc":{"start":{"line":141,"column":55},"end":{"line":143,"column":5}},"line":141}},"branchMap":{"0":{"loc":{"start":{"line":14,"column":2},"end":{"line":20,"column":5}},"type":"binary-expr","locations":[{"start":{"line":14,"column":2},"end":{"line":14,"column":42}},{"start":{"line":16,"column":4},"end":{"line":16,"column":40}},{"start":{"line":18,"column":4},"end":{"line":20,"column":5}}],"line":14},"1":{"loc":{"start":{"line":29,"column":2},"end":{"line":62,"column":3}},"type":"if","locations":[{"start":{"line":29,"column":2},"end":{"line":62,"column":3}},{"start":{"line":29,"column":2},"end":{"line":62,"column":3}}],"line":29},"2":{"loc":{"start":{"line":29,"column":6},"end":{"line":29,"column":75}},"type":"binary-expr","locations":[{"start":{"line":29,"column":6},"end":{"line":29,"column":43}},{"start":{"line":29,"column":47},"end":{"line":29,"column":75}}],"line":29},"3":{"loc":{"start":{"line":35,"column":4},"end":{"line":40,"column":5}},"type":"if","locations":[{"start":{"line":35,"column":4},"end":{"line":40,"column":5}},{"start":{"line":35,"column":4},"end":{"line":40,"column":5}}],"line":35},"4":{"loc":{"start":{"line":45,"column":6},"end":{"line":60,"column":7}},"type":"if","locations":[{"start":{"line":45,"column":6},"end":{"line":60,"column":7}},{"start":{"line":45,"column":6},"end":{"line":60,"column":7}}],"line":45},"5":{"loc":{"start":{"line":71,"column":8},"end":{"line":73,"column":9}},"type":"if","locations":[{"start":{"line":71,"column":8},"end":{"line":73,"column":9}},{"start":{"line":71,"column":8},"end":{"line":73,"column":9}}],"line":71},"6":{"loc":{"start":{"line":75,"column":10},"end":{"line":100,"column":11}},"type":"if","locations":[{"start":{"line":75,"column":10},"end":{"line":100,"column":11}},{"start":{"line":75,"column":10},"end":{"line":100,"column":11}}],"line":75},"7":{"loc":{"start":{"line":76,"column":12},"end":{"line":99,"column":13}},"type":"if","locations":[{"start":{"line":76,"column":12},"end":{"line":99,"column":13}},{"start":{"line":76,"column":12},"end":{"line":99,"column":13}}],"line":76},"8":{"loc":{"start":{"line":86,"column":14},"end":{"line":88,"column":15}},"type":"if","locations":[{"start":{"line":86,"column":14},"end":{"line":88,"column":15}},{"start":{"line":86,"column":14},"end":{"line":88,"column":15}}],"line":86},"9":{"loc":{"start":{"line":86,"column":18},"end":{"line":86,"column":43}},"type":"binary-expr","locations":[{"start":{"line":86,"column":18},"end":{"line":86,"column":24}},{"start":{"line":86,"column":28},"end":{"line":86,"column":43}}],"line":86},"10":{"loc":{"start":{"line":96,"column":14},"end":{"line":98,"column":15}},"type":"if","locations":[{"start":{"line":96,"column":14},"end":{"line":98,"column":15}},{"start":{"line":96,"column":14},"end":{"line":98,"column":15}}],"line":96},"11":{"loc":{"start":{"line":96,"column":18},"end":{"line":96,"column":44}},"type":"binary-expr","locations":[{"start":{"line":96,"column":18},"end":{"line":96,"column":24}},{"start":{"line":96,"column":28},"end":{"line":96,"column":44}}],"line":96},"12":{"loc":{"start":{"line":117,"column":6},"end":{"line":130,"column":7}},"type":"if","locations":[{"start":{"line":117,"column":6},"end":{"line":130,"column":7}},{"start":{"line":117,"column":6},"end":{"line":130,"column":7}}],"line":117},"13":{"loc":{"start":{"line":118,"column":8},"end":{"line":119,"column":73}},"type":"binary-expr","locations":[{"start":{"line":118,"column":8},"end":{"line":118,"column":31}},{"start":{"line":119,"column":9},"end":{"line":119,"column":28}},{"start":{"line":119,"column":32},"end":{"line":119,"column":72}}],"line":118},"14":{"loc":{"start":{"line":140,"column":2},"end":{"line":144,"column":3}},"type":"if","locations":[{"start":{"line":140,"column":2},"end":{"line":144,"column":3}},{"start":{"line":140,"column":2},"end":{"line":144,"column":3}}],"line":140}},"s":{"0":0,"1":0,"2":0,"3":0,"4":0,"5":0,"6":0,"7":0,"8":0,"9":0,"10":0,"11":0,"12":0,"13":0,"14":0,"15":0,"16":0,"17":0,"18":0,"19":0,"20":0,"21":0,"22":0,"23":0,"24":0,"25":0,"26":0,"27":0,"28":0,"29":0,"30":0,"31":0,"32":0,"33":0,"34":0,"35":0,"36":0,"37":0},"f":{"0":0,"1":0,"2":0,"3":0,"4":0,"5":0,"6":0,"7":0,"8":0,"9":0,"10":0,"11":0,"12":0,"13":0,"14":0},"b":{"0":[0,0,0],"1":[0,0],"2":[0,0],"3":[0,0],"4":[0,0],"5":[0,0],"6":[0,0],"7":[0,0],"8":[0,0],"9":[0,0],"10":[0,0],"11":[0,0],"12":[0,0],"13":[0,0,0],"14":[0,0]},"hash":"d181e6305d8f96846d7dc365c617c8fe3500ce34"}
,"C:\\Users\\vance\\OneDrive\\Desktop\\College\\Fall 2020\\CSC 308\\Club-Hub\\client\\src\\components\\Club.tsx": {"path":"C:\\Users\\vance\\OneDrive\\Desktop\\College\\Fall 2020\\CSC 308\\Club-Hub\\client\\src\\components\\Club.tsx","statementMap":{"0":{"start":{"line":20,"column":4},"end":{"line":20,"column":21}},"1":{"start":{"line":21,"column":4},"end":{"line":21,"column":17}},"2":{"start":{"line":22,"column":4},"end":{"line":22,"column":35}},"3":{"start":{"line":23,"column":4},"end":{"line":23,"column":37}},"4":{"start":{"line":24,"column":4},"end":{"line":24,"column":35}},"5":{"start":{"line":25,"column":4},"end":{"line":25,"column":35}},"6":{"start":{"line":26,"column":4},"end":{"line":26,"column":25}},"7":{"start":{"line":27,"column":4},"end":{"line":27,"column":21}},"8":{"start":{"line":28,"column":4},"end":{"line":28,"column":29}},"9":{"start":{"line":29,"column":4},"end":{"line":29,"column":35}},"10":{"start":{"line":30,"column":4},"end":{"line":30,"column":25}},"11":{"start":{"line":36,"column":4},"end":{"line":36,"column":19}},"12":{"start":{"line":41,"column":12},"end":{"line":41,"column":96}},"13":{"start":{"line":42,"column":4},"end":{"line":42,"column":24}}},"fnMap":{"0":{"name":"(anonymous_0)","decl":{"start":{"line":18,"column":2},"end":{"line":18,"column":3}},"loc":{"start":{"line":19,"column":127},"end":{"line":32,"column":3}},"line":19},"1":{"name":"(anonymous_1)","decl":{"start":{"line":35,"column":2},"end":{"line":35,"column":3}},"loc":{"start":{"line":35,"column":10},"end":{"line":37,"column":3}},"line":35},"2":{"name":"(anonymous_2)","decl":{"start":{"line":39,"column":2},"end":{"line":39,"column":3}},"loc":{"start":{"line":40,"column":75},"end":{"line":43,"column":3}},"line":40}},"branchMap":{},"s":{"0":4,"1":4,"2":4,"3":4,"4":4,"5":4,"6":4,"7":4,"8":4,"9":4,"10":4,"11":0,"12":4,"13":4},"f":{"0":4,"1":0,"2":4},"b":{},"_coverageSchema":"43e27e138ebf9cfc5966b082cf9a028302ed4184","hash":"8244e8d13d049d2f78732415584fa7e372bfeddd"}
,"C:\\Users\\vance\\OneDrive\\Desktop\\College\\Fall 2020\\CSC 308\\Club-Hub\\client\\src\\components\\Event.tsx": {"path":"C:\\Users\\vance\\OneDrive\\Desktop\\College\\Fall 2020\\CSC 308\\Club-Hub\\client\\src\\components\\Event.tsx","statementMap":{"0":{"start":{"line":10,"column":16},"end":{"line":10,"column":74}},"1":{"start":{"line":12,"column":17},"end":{"line":12,"column":35}},"2":{"start":{"line":14,"column":2},"end":{"line":16,"column":3}},"3":{"start":{"line":15,"column":4},"end":{"line":15,"column":47}},"4":{"start":{"line":17,"column":2},"end":{"line":17,"column":31}},"5":{"start":{"line":18,"column":2},"end":{"line":20,"column":3}},"6":{"start":{"line":19,"column":4},"end":{"line":19,"column":48}},"7":{"start":{"line":21,"column":2},"end":{"line":21,"column":29}},"8":{"start":{"line":22,"column":2},"end":{"line":24,"column":3}},"9":{"start":{"line":23,"column":4},"end":{"line":23,"column":46}},"10":{"start":{"line":25,"column":2},"end":{"line":25,"column":28}},"11":{"start":{"line":26,"column":2},"end":{"line":28,"column":3}},"12":{"start":{"line":27,"column":4},"end":{"line":27,"column":47}},"13":{"start":{"line":29,"column":2},"end":{"line":29,"column":26}},"14":{"start":{"line":30,"column":2},"end":{"line":32,"column":3}},"15":{"start":{"line":31,"column":4},"end":{"line":31,"column":49}},"16":{"start":{"line":33,"column":2},"end":{"line":33,"column":46}},"17":{"start":{"line":38,"column":4},"end":{"line":38,"column":16}},"18":{"start":{"line":39,"column":4},"end":{"line":41,"column":5}},"19":{"start":{"line":47,"column":12},"end":{"line":47,"column":24}},"20":{"start":{"line":49,"column":4},"end":{"line":89,"column":5}},"21":{"start":{"line":52,"column":57},"end":{"line":52,"column":76}},"22":{"start":{"line":76,"column":130},"end":{"line":76,"column":171}},"23":{"start":{"line":98,"column":19},"end":{"line":98,"column":24}},"24":{"start":{"line":102,"column":4},"end":{"line":102,"column":46}},"25":{"start":{"line":103,"column":4},"end":{"line":103,"column":23}},"26":{"start":{"line":104,"column":4},"end":{"line":104,"column":31}},"27":{"start":{"line":105,"column":4},"end":{"line":105,"column":31}},"28":{"start":{"line":106,"column":4},"end":{"line":106,"column":29}},"29":{"start":{"line":110,"column":4},"end":{"line":112,"column":5}}},"fnMap":{"0":{"name":"timeSince","decl":{"start":{"line":8,"column":9},"end":{"line":8,"column":18}},"loc":{"start":{"line":8,"column":32},"end":{"line":34,"column":1}},"line":8},"1":{"name":"(anonymous_1)","decl":{"start":{"line":37,"column":2},"end":{"line":37,"column":3}},"loc":{"start":{"line":37,"column":26},"end":{"line":42,"column":3}},"line":37},"2":{"name":"(anonymous_2)","decl":{"start":{"line":46,"column":2},"end":{"line":46,"column":3}},"loc":{"start":{"line":46,"column":11},"end":{"line":90,"column":3}},"line":46},"3":{"name":"(anonymous_3)","decl":{"start":{"line":52,"column":51},"end":{"line":52,"column":52}},"loc":{"start":{"line":52,"column":57},"end":{"line":52,"column":76}},"line":52},"4":{"name":"(anonymous_4)","decl":{"start":{"line":76,"column":124},"end":{"line":76,"column":125}},"loc":{"start":{"line":76,"column":130},"end":{"line":76,"column":171}},"line":76},"5":{"name":"(anonymous_5)","decl":{"start":{"line":100,"column":2},"end":{"line":100,"column":3}},"loc":{"start":{"line":101,"column":75},"end":{"line":107,"column":3}},"line":101},"6":{"name":"(anonymous_6)","decl":{"start":{"line":109,"column":2},"end":{"line":109,"column":3}},"loc":{"start":{"line":109,"column":63},"end":{"line":113,"column":3}},"line":109}},"branchMap":{"0":{"loc":{"start":{"line":14,"column":2},"end":{"line":16,"column":3}},"type":"if","locations":[{"start":{"line":14,"column":2},"end":{"line":16,"column":3}},{"start":{"line":14,"column":2},"end":{"line":16,"column":3}}],"line":14},"1":{"loc":{"start":{"line":18,"column":2},"end":{"line":20,"column":3}},"type":"if","locations":[{"start":{"line":18,"column":2},"end":{"line":20,"column":3}},{"start":{"line":18,"column":2},"end":{"line":20,"column":3}}],"line":18},"2":{"loc":{"start":{"line":22,"column":2},"end":{"line":24,"column":3}},"type":"if","locations":[{"start":{"line":22,"column":2},"end":{"line":24,"column":3}},{"start":{"line":22,"column":2},"end":{"line":24,"column":3}}],"line":22},"3":{"loc":{"start":{"line":26,"column":2},"end":{"line":28,"column":3}},"type":"if","locations":[{"start":{"line":26,"column":2},"end":{"line":28,"column":3}},{"start":{"line":26,"column":2},"end":{"line":28,"column":3}}],"line":26},"4":{"loc":{"start":{"line":30,"column":2},"end":{"line":32,"column":3}},"type":"if","locations":[{"start":{"line":30,"column":2},"end":{"line":32,"column":3}},{"start":{"line":30,"column":2},"end":{"line":32,"column":3}}],"line":30},"5":{"loc":{"start":{"line":51,"column":9},"end":{"line":57,"column":19}},"type":"binary-expr","locations":[{"start":{"line":51,"column":9},"end":{"line":51,"column":29}},{"start":{"line":52,"column":10},"end":{"line":57,"column":19}}],"line":51},"6":{"loc":{"start":{"line":76,"column":32},"end":{"line":76,"column":65}},"type":"cond-expr","locations":[{"start":{"line":76,"column":53},"end":{"line":76,"column":60}},{"start":{"line":76,"column":63},"end":{"line":76,"column":65}}],"line":76},"7":{"loc":{"start":{"line":76,"column":72},"end":{"line":76,"column":113}},"type":"cond-expr","locations":[{"start":{"line":76,"column":93},"end":{"line":76,"column":98}},{"start":{"line":76,"column":101},"end":{"line":76,"column":113}}],"line":76}},"s":{"0":5,"1":5,"2":5,"3":0,"4":5,"5":5,"6":0,"7":5,"8":5,"9":0,"10":5,"11":5,"12":0,"13":5,"14":5,"15":0,"16":5,"17":5,"18":5,"19":5,"20":5,"21":0,"22":0,"23":4,"24":4,"25":4,"26":4,"27":4,"28":4,"29":5},"f":{"0":5,"1":5,"2":5,"3":0,"4":0,"5":4,"6":5},"b":{"0":[0,5],"1":[0,5],"2":[0,5],"3":[0,5],"4":[0,5],"5":[5,4],"6":[0,5],"7":[0,5]},"_coverageSchema":"43e27e138ebf9cfc5966b082cf9a028302ed4184","hash":"3ebde064ead63dd58d0a9366a260f7de335ea504"}
,"C:\\Users\\vance\\OneDrive\\Desktop\\College\\Fall 2020\\CSC 308\\Club-Hub\\client\\src\\components\\ExploreContainer.tsx": {"path":"C:\\Users\\vance\\OneDrive\\Desktop\\College\\Fall 2020\\CSC 308\\Club-Hub\\client\\src\\components\\ExploreContainer.tsx","statementMap":{"0":{"start":{"line":8,"column":51},"end":{"line":15,"column":1}},"1":{"start":{"line":9,"column":2},"end":{"line":14,"column":4}}},"fnMap":{"0":{"name":"(anonymous_0)","decl":{"start":{"line":8,"column":51},"end":{"line":8,"column":52}},"loc":{"start":{"line":8,"column":65},"end":{"line":15,"column":1}},"line":8}},"branchMap":{},"s":{"0":0,"1":0},"f":{"0":0},"b":{},"hash":"f4c1b23300688fc7b10302f3425df44569036c86"}
,"C:\\Users\\vance\\OneDrive\\Desktop\\College\\Fall 2020\\CSC 308\\Club-Hub\\client\\src\\components\\Post.tsx": {"path":"C:\\Users\\vance\\OneDrive\\Desktop\\College\\Fall 2020\\CSC 308\\Club-Hub\\client\\src\\components\\Post.tsx","statementMap":{"0":{"start":{"line":16,"column":4},"end":{"line":16,"column":21}},"1":{"start":{"line":17,"column":4},"end":{"line":17,"column":17}},"2":{"start":{"line":18,"column":4},"end":{"line":18,"column":35}},"3":{"start":{"line":19,"column":4},"end":{"line":19,"column":21}},"4":{"start":{"line":20,"column":4},"end":{"line":20,"column":23}},"5":{"start":{"line":24,"column":4},"end":{"line":44,"column":5}}},"fnMap":{"0":{"name":"(anonymous_0)","decl":{"start":{"line":15,"column":2},"end":{"line":15,"column":3}},"loc":{"start":{"line":15,"column":87},"end":{"line":21,"column":3}},"line":15},"1":{"name":"(anonymous_1)","decl":{"start":{"line":23,"column":2},"end":{"line":23,"column":3}},"loc":{"start":{"line":23,"column":63},"end":{"line":45,"column":3}},"line":23}},"branchMap":{},"s":{"0":4,"1":4,"2":4,"3":4,"4":4,"5":0},"f":{"0":4,"1":0},"b":{},"_coverageSchema":"43e27e138ebf9cfc5966b082cf9a028302ed4184","hash":"b03f297c3038659e4f11f17a39b00241d41dd7c9"}
,"C:\\Users\\vance\\OneDrive\\Desktop\\College\\Fall 2020\\CSC 308\\Club-Hub\\client\\src\\components\\ProtectedRoute.tsx": {"path":"C:\\Users\\vance\\OneDrive\\Desktop\\College\\Fall 2020\\CSC 308\\Club-Hub\\client\\src\\components\\ProtectedRoute.tsx","statementMap":{"0":{"start":{"line":11,"column":61},"end":{"line":24,"column":1}},"1":{"start":{"line":12,"column":21},"end":{"line":12,"column":23}},"2":{"start":{"line":13,"column":2},"end":{"line":15,"column":3}},"3":{"start":{"line":14,"column":4},"end":{"line":14,"column":44}},"4":{"start":{"line":17,"column":2},"end":{"line":23,"column":3}},"5":{"start":{"line":18,"column":28},"end":{"line":18,"column":78}},"6":{"start":{"line":18,"column":34},"end":{"line":18,"column":78}},"7":{"start":{"line":19,"column":4},"end":{"line":19,"column":79}},"8":{"start":{"line":22,"column":4},"end":{"line":22,"column":32}}},"fnMap":{"0":{"name":"(anonymous_0)","decl":{"start":{"line":11,"column":61},"end":{"line":11,"column":62}},"loc":{"start":{"line":11,"column":70},"end":{"line":24,"column":1}},"line":11},"1":{"name":"(anonymous_1)","decl":{"start":{"line":18,"column":28},"end":{"line":18,"column":29}},"loc":{"start":{"line":18,"column":34},"end":{"line":18,"column":78}},"line":18}},"branchMap":{"0":{"loc":{"start":{"line":13,"column":2},"end":{"line":15,"column":3}},"type":"if","locations":[{"start":{"line":13,"column":2},"end":{"line":15,"column":3}},{"start":{"line":13,"column":2},"end":{"line":15,"column":3}}],"line":13},"1":{"loc":{"start":{"line":17,"column":2},"end":{"line":23,"column":3}},"type":"if","locations":[{"start":{"line":17,"column":2},"end":{"line":23,"column":3}},{"start":{"line":17,"column":2},"end":{"line":23,"column":3}}],"line":17}},"s":{"0":1,"1":0,"2":0,"3":0,"4":0,"5":0,"6":0,"7":0,"8":0},"f":{"0":0,"1":0},"b":{"0":[0,0],"1":[0,0]},"_coverageSchema":"43e27e138ebf9cfc5966b082cf9a028302ed4184","hash":"ec5c888999961e3db7419c3a1e210a038561b086"}
,"C:\\Users\\vance\\OneDrive\\Desktop\\College\\Fall 2020\\CSC 308\\Club-Hub\\client\\src\\components\\Student.tsx": {"path":"C:\\Users\\vance\\OneDrive\\Desktop\\College\\Fall 2020\\CSC 308\\Club-Hub\\client\\src\\components\\Student.tsx","statementMap":{"0":{"start":{"line":16,"column":4},"end":{"line":16,"column":17}},"1":{"start":{"line":17,"column":4},"end":{"line":17,"column":17}},"2":{"start":{"line":18,"column":4},"end":{"line":18,"column":17}},"3":{"start":{"line":19,"column":4},"end":{"line":19,"column":25}},"4":{"start":{"line":20,"column":4},"end":{"line":20,"column":23}},"5":{"start":{"line":21,"column":4},"end":{"line":21,"column":31}},"6":{"start":{"line":22,"column":4},"end":{"line":22,"column":30}},"7":{"start":{"line":23,"column":4},"end":{"line":23,"column":33}},"8":{"start":{"line":24,"column":4},"end":{"line":24,"column":23}},"9":{"start":{"line":25,"column":4},"end":{"line":25,"column":31}},"10":{"start":{"line":26,"column":4},"end":{"line":26,"column":45}},"11":{"start":{"line":31,"column":4},"end":{"line":31,"column":19}},"12":{"start":{"line":35,"column":4},"end":{"line":35,"column":32}}},"fnMap":{"0":{"name":"(anonymous_0)","decl":{"start":{"line":14,"column":2},"end":{"line":14,"column":3}},"loc":{"start":{"line":15,"column":94},"end":{"line":27,"column":3}},"line":15},"1":{"name":"(anonymous_1)","decl":{"start":{"line":30,"column":2},"end":{"line":30,"column":3}},"loc":{"start":{"line":30,"column":10},"end":{"line":32,"column":3}},"line":30},"2":{"name":"(anonymous_2)","decl":{"start":{"line":34,"column":2},"end":{"line":34,"column":3}},"loc":{"start":{"line":34,"column":30},"end":{"line":36,"column":3}},"line":34}},"branchMap":{},"s":{"0":2,"1":2,"2":2,"3":2,"4":2,"5":2,"6":2,"7":2,"8":2,"9":2,"10":2,"11":0,"12":0},"f":{"0":2,"1":0,"2":0},"b":{},"_coverageSchema":"43e27e138ebf9cfc5966b082cf9a028302ed4184","hash":"dc9a3a4bee11492c8a7e8c2f890b6f2e437b4086"}
,"C:\\Users\\vance\\OneDrive\\Desktop\\College\\Fall 2020\\CSC 308\\Club-Hub\\client\\src\\components\\backendDataConversion.tsx": {"path":"C:\\Users\\vance\\OneDrive\\Desktop\\College\\Fall 2020\\CSC 308\\Club-Hub\\client\\src\\components\\backendDataConversion.tsx","statementMap":{"0":{"start":{"line":6,"column":21},"end":{"line":6,"column":35}},"1":{"start":{"line":7,"column":2},"end":{"line":9,"column":3}},"2":{"start":{"line":8,"column":4},"end":{"line":8,"column":55}},"3":{"start":{"line":8,"column":49},"end":{"line":8,"column":54}},"4":{"start":{"line":10,"column":19},"end":{"line":10,"column":31}},"5":{"start":{"line":11,"column":2},"end":{"line":13,"column":3}},"6":{"start":{"line":12,"column":4},"end":{"line":12,"column":51}},"7":{"start":{"line":12,"column":45},"end":{"line":12,"column":50}},"8":{"start":{"line":15,"column":2},"end":{"line":27,"column":3}},"9":{"start":{"line":32,"column":13},"end":{"line":44,"column":3}},"10":{"start":{"line":46,"column":2},"end":{"line":50,"column":3}},"11":{"start":{"line":47,"column":4},"end":{"line":49,"column":5}},"12":{"start":{"line":48,"column":6},"end":{"line":48,"column":34}},"13":{"start":{"line":51,"column":2},"end":{"line":51,"column":13}},"14":{"start":{"line":56,"column":2},"end":{"line":65,"column":3}}},"fnMap":{"0":{"name":"backendToStudent","decl":{"start":{"line":5,"column":16},"end":{"line":5,"column":32}},"loc":{"start":{"line":5,"column":52},"end":{"line":28,"column":1}},"line":5},"1":{"name":"(anonymous_1)","decl":{"start":{"line":8,"column":36},"end":{"line":8,"column":37}},"loc":{"start":{"line":8,"column":49},"end":{"line":8,"column":54}},"line":8},"2":{"name":"(anonymous_2)","decl":{"start":{"line":12,"column":32},"end":{"line":12,"column":33}},"loc":{"start":{"line":12,"column":45},"end":{"line":12,"column":50}},"line":12},"3":{"name":"backendToClub","decl":{"start":{"line":31,"column":16},"end":{"line":31,"column":29}},"loc":{"start":{"line":31,"column":47},"end":{"line":52,"column":1}},"line":31},"4":{"name":"backendAddEvent","decl":{"start":{"line":55,"column":16},"end":{"line":55,"column":31}},"loc":{"start":{"line":55,"column":55},"end":{"line":66,"column":1}},"line":55}},"branchMap":{"0":{"loc":{"start":{"line":7,"column":2},"end":{"line":9,"column":3}},"type":"if","locations":[{"start":{"line":7,"column":2},"end":{"line":9,"column":3}},{"start":{"line":7,"column":2},"end":{"line":9,"column":3}}],"line":7},"1":{"loc":{"start":{"line":7,"column":6},"end":{"line":7,"column":65}},"type":"binary-expr","locations":[{"start":{"line":7,"column":6},"end":{"line":7,"column":25}},{"start":{"line":7,"column":29},"end":{"line":7,"column":65}}],"line":7},"2":{"loc":{"start":{"line":11,"column":2},"end":{"line":13,"column":3}},"type":"if","locations":[{"start":{"line":11,"column":2},"end":{"line":13,"column":3}},{"start":{"line":11,"column":2},"end":{"line":13,"column":3}}],"line":11},"3":{"loc":{"start":{"line":11,"column":6},"end":{"line":11,"column":61}},"type":"binary-expr","locations":[{"start":{"line":11,"column":6},"end":{"line":11,"column":23}},{"start":{"line":11,"column":27},"end":{"line":11,"column":61}}],"line":11},"4":{"loc":{"start":{"line":46,"column":2},"end":{"line":50,"column":3}},"type":"if","locations":[{"start":{"line":46,"column":2},"end":{"line":50,"column":3}},{"start":{"line":46,"column":2},"end":{"line":50,"column":3}}],"line":46}},"s":{"0":0,"1":0,"2":0,"3":0,"4":0,"5":0,"6":0,"7":0,"8":0,"9":0,"10":0,"11":0,"12":0,"13":0,"14":0},"f":{"0":0,"1":0,"2":0,"3":0,"4":0},"b":{"0":[0,0],"1":[0,0],"2":[0,0],"3":[0,0],"4":[0,0]},"_coverageSchema":"43e27e138ebf9cfc5966b082cf9a028302ed4184","hash":"c97ef8542aa37411b191de96607e3d501611df0a"}
,"C:\\Users\\vance\\OneDrive\\Desktop\\College\\Fall 2020\\CSC 308\\Club-Hub\\client\\src\\components\\Loader\\loader.js": {"path":"C:\\Users\\vance\\OneDrive\\Desktop\\College\\Fall 2020\\CSC 308\\Club-Hub\\client\\src\\components\\Loader\\loader.js","statementMap":{"0":{"start":{"line":7,"column":8},"end":{"line":7,"column":21}},"1":{"start":{"line":11,"column":8},"end":{"line":15,"column":9}}},"fnMap":{"0":{"name":"(anonymous_0)","decl":{"start":{"line":6,"column":4},"end":{"line":6,"column":5}},"loc":{"start":{"line":6,"column":23},"end":{"line":8,"column":5}},"line":6},"1":{"name":"(anonymous_1)","decl":{"start":{"line":10,"column":4},"end":{"line":10,"column":5}},"loc":{"start":{"line":10,"column":13},"end":{"line":16,"column":5}},"line":10}},"branchMap":{},"s":{"0":0,"1":0},"f":{"0":0,"1":0},"b":{},"_coverageSchema":"43e27e138ebf9cfc5966b082cf9a028302ed4184","hash":"9e917e0cc41a12493652ad999c2ee4418d13327f"}
,"C:\\Users\\vance\\OneDrive\\Desktop\\College\\Fall 2020\\CSC 308\\Club-Hub\\client\\src\\pages\\AddEvent.tsx": {"path":"C:\\Users\\vance\\OneDrive\\Desktop\\College\\Fall 2020\\CSC 308\\Club-Hub\\client\\src\\pages\\AddEvent.tsx","statementMap":{"0":{"start":{"line":13,"column":42},"end":{"line":132,"column":1}},"1":{"start":{"line":14,"column":38},"end":{"line":14,"column":53}},"2":{"start":{"line":16,"column":46},"end":{"line":16,"column":69}},"3":{"start":{"line":17,"column":4},"end":{"line":19,"column":5}},"4":{"start":{"line":18,"column":6},"end":{"line":18,"column":47}},"5":{"start":{"line":22,"column":19},"end":{"line":82,"column":3}},"6":{"start":{"line":23,"column":15},"end":{"line":23,"column":89}},"7":{"start":{"line":24,"column":15},"end":{"line":24,"column":89}},"8":{"start":{"line":25,"column":14},"end":{"line":25,"column":87}},"9":{"start":{"line":26,"column":15},"end":{"line":26,"column":89}},"10":{"start":{"line":27,"column":16},"end":{"line":27,"column":91}},"11":{"start":{"line":30,"column":4},"end":{"line":41,"column":5}},"12":{"start":{"line":31,"column":6},"end":{"line":31,"column":25}},"13":{"start":{"line":32,"column":6},"end":{"line":40,"column":9}},"14":{"start":{"line":35,"column":28},"end":{"line":35,"column":48}},"15":{"start":{"line":45,"column":13},"end":{"line":45,"column":34}},"16":{"start":{"line":46,"column":22},"end":{"line":46,"column":36}},"17":{"start":{"line":47,"column":4},"end":{"line":49,"column":5}},"18":{"start":{"line":48,"column":6},"end":{"line":48,"column":60}},"19":{"start":{"line":55,"column":14},"end":{"line":55,"column":22}},"20":{"start":{"line":56,"column":4},"end":{"line":56,"column":128}},"21":{"start":{"line":59,"column":4},"end":{"line":59,"column":32}},"22":{"start":{"line":62,"column":4},"end":{"line":62,"column":27}},"23":{"start":{"line":63,"column":20},"end":{"line":63,"column":62}},"24":{"start":{"line":64,"column":19},"end":{"line":64,"column":33}},"25":{"start":{"line":65,"column":16},"end":{"line":65,"column":53}},"26":{"start":{"line":66,"column":34},"end":{"line":75,"column":5}},"27":{"start":{"line":77,"column":4},"end":{"line":79,"column":35}},"28":{"start":{"line":78,"column":17},"end":{"line":78,"column":33}},"29":{"start":{"line":79,"column":18},"end":{"line":79,"column":34}},"30":{"start":{"line":81,"column":4},"end":{"line":81,"column":27}},"31":{"start":{"line":84,"column":4},"end":{"line":131,"column":6}},"32":{"start":{"line":88,"column":30},"end":{"line":88,"column":50}},"33":{"start":{"line":127,"column":42},"end":{"line":127,"column":52}},"34":{"start":{"line":128,"column":56},"end":{"line":128,"column":78}}},"fnMap":{"0":{"name":"(anonymous_0)","decl":{"start":{"line":13,"column":42},"end":{"line":13,"column":43}},"loc":{"start":{"line":13,"column":53},"end":{"line":132,"column":1}},"line":13},"1":{"name":"(anonymous_1)","decl":{"start":{"line":22,"column":19},"end":{"line":22,"column":20}},"loc":{"start":{"line":22,"column":25},"end":{"line":82,"column":3}},"line":22},"2":{"name":"(anonymous_2)","decl":{"start":{"line":35,"column":22},"end":{"line":35,"column":23}},"loc":{"start":{"line":35,"column":28},"end":{"line":35,"column":48}},"line":35},"3":{"name":"(anonymous_3)","decl":{"start":{"line":78,"column":10},"end":{"line":78,"column":11}},"loc":{"start":{"line":78,"column":17},"end":{"line":78,"column":33}},"line":78},"4":{"name":"(anonymous_4)","decl":{"start":{"line":79,"column":11},"end":{"line":79,"column":12}},"loc":{"start":{"line":79,"column":18},"end":{"line":79,"column":34}},"line":79},"5":{"name":"(anonymous_5)","decl":{"start":{"line":88,"column":24},"end":{"line":88,"column":25}},"loc":{"start":{"line":88,"column":30},"end":{"line":88,"column":50}},"line":88},"6":{"name":"(anonymous_6)","decl":{"start":{"line":127,"column":36},"end":{"line":127,"column":37}},"loc":{"start":{"line":127,"column":42},"end":{"line":127,"column":52}},"line":127},"7":{"name":"(anonymous_7)","decl":{"start":{"line":128,"column":50},"end":{"line":128,"column":51}},"loc":{"start":{"line":128,"column":56},"end":{"line":128,"column":78}},"line":128}},"branchMap":{"0":{"loc":{"start":{"line":17,"column":4},"end":{"line":19,"column":5}},"type":"if","locations":[{"start":{"line":17,"column":4},"end":{"line":19,"column":5}},{"start":{"line":17,"column":4},"end":{"line":19,"column":5}}],"line":17},"1":{"loc":{"start":{"line":30,"column":4},"end":{"line":41,"column":5}},"type":"if","locations":[{"start":{"line":30,"column":4},"end":{"line":41,"column":5}},{"start":{"line":30,"column":4},"end":{"line":41,"column":5}}],"line":30},"2":{"loc":{"start":{"line":30,"column":7},"end":{"line":30,"column":58}},"type":"binary-expr","locations":[{"start":{"line":30,"column":7},"end":{"line":30,"column":17}},{"start":{"line":30,"column":21},"end":{"line":30,"column":31}},{"start":{"line":30,"column":35},"end":{"line":30,"column":44}},{"start":{"line":30,"column":48},"end":{"line":30,"column":58}}],"line":30},"3":{"loc":{"start":{"line":47,"column":4},"end":{"line":49,"column":5}},"type":"if","locations":[{"start":{"line":47,"column":4},"end":{"line":49,"column":5}},{"start":{"line":47,"column":4},"end":{"line":49,"column":5}}],"line":47}},"s":{"0":1,"1":1,"2":1,"3":1,"4":0,"5":1,"6":0,"7":0,"8":0,"9":0,"10":0,"11":0,"12":0,"13":0,"14":0,"15":0,"16":0,"17":0,"18":0,"19":0,"20":0,"21":0,"22":0,"23":0,"24":0,"25":0,"26":0,"27":0,"28":0,"29":0,"30":0,"31":1,"32":0,"33":0,"34":0},"f":{"0":1,"1":0,"2":0,"3":0,"4":0,"5":0,"6":0,"7":0},"b":{"0":[0,1],"1":[0,0],"2":[0,0,0,0],"3":[0,0]},"_coverageSchema":"43e27e138ebf9cfc5966b082cf9a028302ed4184","hash":"9f79ce3cc5fdffc35dd3622d36e420695357aad1"}
,"C:\\Users\\vance\\OneDrive\\Desktop\\College\\Fall 2020\\CSC 308\\Club-Hub\\client\\src\\pages\\ClubProfile.tsx": {"path":"C:\\Users\\vance\\OneDrive\\Desktop\\College\\Fall 2020\\CSC 308\\Club-Hub\\client\\src\\pages\\ClubProfile.tsx","statementMap":{"0":{"start":{"line":20,"column":23},"end":{"line":20,"column":44}},"1":{"start":{"line":21,"column":2},"end":{"line":27,"column":3}},"2":{"start":{"line":22,"column":16},"end":{"line":22,"column":80}},"3":{"start":{"line":23,"column":4},"end":{"line":23,"column":21}},"4":{"start":{"line":26,"column":4},"end":{"line":26,"column":21}},"5":{"start":{"line":31,"column":23},"end":{"line":31,"column":44}},"6":{"start":{"line":32,"column":2},"end":{"line":38,"column":3}},"7":{"start":{"line":33,"column":16},"end":{"line":33,"column":81}},"8":{"start":{"line":34,"column":4},"end":{"line":34,"column":21}},"9":{"start":{"line":37,"column":4},"end":{"line":37,"column":21}},"10":{"start":{"line":41,"column":66},"end":{"line":149,"column":1}},"11":{"start":{"line":44,"column":4},"end":{"line":56,"column":5}},"12":{"start":{"line":45,"column":6},"end":{"line":55,"column":7}},"13":{"start":{"line":46,"column":8},"end":{"line":46,"column":45}},"14":{"start":{"line":47,"column":8},"end":{"line":47,"column":98}},"15":{"start":{"line":47,"column":69},"end":{"line":47,"column":97}},"16":{"start":{"line":48,"column":8},"end":{"line":48,"column":27}},"17":{"start":{"line":52,"column":8},"end":{"line":52,"column":44}},"18":{"start":{"line":53,"column":8},"end":{"line":53,"column":42}},"19":{"start":{"line":54,"column":8},"end":{"line":54,"column":26}},"20":{"start":{"line":59,"column":34},"end":{"line":59,"column":57}},"21":{"start":{"line":60,"column":2},"end":{"line":62,"column":3}},"22":{"start":{"line":61,"column":4},"end":{"line":61,"column":44}},"23":{"start":{"line":63,"column":46},"end":{"line":63,"column":69}},"24":{"start":{"line":64,"column":2},"end":{"line":66,"column":3}},"25":{"start":{"line":65,"column":4},"end":{"line":65,"column":45}},"26":{"start":{"line":68,"column":11},"end":{"line":68,"column":32}},"27":{"start":{"line":69,"column":13},"end":{"line":69,"column":26}},"28":{"start":{"line":70,"column":2},"end":{"line":72,"column":3}},"29":{"start":{"line":71,"column":4},"end":{"line":71,"column":58}},"30":{"start":{"line":74,"column":16},"end":{"line":74,"column":49}},"31":{"start":{"line":75,"column":15},"end":{"line":75,"column":50}},"32":{"start":{"line":76,"column":36},"end":{"line":76,"column":52}},"33":{"start":{"line":79,"column":13},"end":{"line":79,"column":76}},"34":{"start":{"line":79,"column":44},"end":{"line":79,"column":75}},"35":{"start":{"line":81,"column":13},"end":{"line":81,"column":84}},"36":{"start":{"line":81,"column":32},"end":{"line":81,"column":83}},"37":{"start":{"line":83,"column":2},"end":{"line":148,"column":3}},"38":{"start":{"line":93,"column":58},"end":{"line":93,"column":97}},"39":{"start":{"line":117,"column":66},"end":{"line":117,"column":89}}},"fnMap":{"0":{"name":"joinClubBackend","decl":{"start":{"line":19,"column":15},"end":{"line":19,"column":30}},"loc":{"start":{"line":19,"column":66},"end":{"line":28,"column":1}},"line":19},"1":{"name":"leaveClubBackend","decl":{"start":{"line":30,"column":15},"end":{"line":30,"column":31}},"loc":{"start":{"line":30,"column":67},"end":{"line":39,"column":1}},"line":30},"2":{"name":"(anonymous_2)","decl":{"start":{"line":41,"column":66},"end":{"line":41,"column":67}},"loc":{"start":{"line":41,"column":77},"end":{"line":149,"column":1}},"line":41},"3":{"name":"joinButton","decl":{"start":{"line":43,"column":11},"end":{"line":43,"column":21}},"loc":{"start":{"line":43,"column":75},"end":{"line":57,"column":3}},"line":43},"4":{"name":"(anonymous_4)","decl":{"start":{"line":47,"column":59},"end":{"line":47,"column":60}},"loc":{"start":{"line":47,"column":69},"end":{"line":47,"column":97}},"line":47},"5":{"name":"(anonymous_5)","decl":{"start":{"line":79,"column":29},"end":{"line":79,"column":30}},"loc":{"start":{"line":79,"column":44},"end":{"line":79,"column":75}},"line":79},"6":{"name":"(anonymous_6)","decl":{"start":{"line":81,"column":27},"end":{"line":81,"column":28}},"loc":{"start":{"line":81,"column":32},"end":{"line":81,"column":83}},"line":81},"7":{"name":"(anonymous_7)","decl":{"start":{"line":93,"column":52},"end":{"line":93,"column":53}},"loc":{"start":{"line":93,"column":58},"end":{"line":93,"column":97}},"line":93},"8":{"name":"(anonymous_8)","decl":{"start":{"line":117,"column":61},"end":{"line":117,"column":62}},"loc":{"start":{"line":117,"column":66},"end":{"line":117,"column":89}},"line":117}},"branchMap":{"0":{"loc":{"start":{"line":44,"column":4},"end":{"line":56,"column":5}},"type":"if","locations":[{"start":{"line":44,"column":4},"end":{"line":56,"column":5}},{"start":{"line":44,"column":4},"end":{"line":56,"column":5}}],"line":44},"1":{"loc":{"start":{"line":44,"column":7},"end":{"line":44,"column":47}},"type":"binary-expr","locations":[{"start":{"line":44,"column":7},"end":{"line":44,"column":27}},{"start":{"line":44,"column":31},"end":{"line":44,"column":47}}],"line":44},"2":{"loc":{"start":{"line":45,"column":6},"end":{"line":55,"column":7}},"type":"if","locations":[{"start":{"line":45,"column":6},"end":{"line":55,"column":7}},{"start":{"line":45,"column":6},"end":{"line":55,"column":7}}],"line":45},"3":{"loc":{"start":{"line":47,"column":69},"end":{"line":47,"column":97}},"type":"cond-expr","locations":[{"start":{"line":47,"column":86},"end":{"line":47,"column":90}},{"start":{"line":47,"column":93},"end":{"line":47,"column":97}}],"line":47},"4":{"loc":{"start":{"line":60,"column":2},"end":{"line":62,"column":3}},"type":"if","locations":[{"start":{"line":60,"column":2},"end":{"line":62,"column":3}},{"start":{"line":60,"column":2},"end":{"line":62,"column":3}}],"line":60},"5":{"loc":{"start":{"line":64,"column":2},"end":{"line":66,"column":3}},"type":"if","locations":[{"start":{"line":64,"column":2},"end":{"line":66,"column":3}},{"start":{"line":64,"column":2},"end":{"line":66,"column":3}}],"line":64},"6":{"loc":{"start":{"line":70,"column":2},"end":{"line":72,"column":3}},"type":"if","locations":[{"start":{"line":70,"column":2},"end":{"line":72,"column":3}},{"start":{"line":70,"column":2},"end":{"line":72,"column":3}}],"line":70},"7":{"loc":{"start":{"line":92,"column":14},"end":{"line":96,"column":26}},"type":"binary-expr","locations":[{"start":{"line":92,"column":15},"end":{"line":92,"column":48}},{"start":{"line":93,"column":14},"end":{"line":96,"column":26}}],"line":92},"8":{"loc":{"start":{"line":117,"column":11},"end":{"line":118,"column":60}},"type":"cond-expr","locations":[{"start":{"line":117,"column":22},"end":{"line":117,"column":135}},{"start":{"line":118,"column":14},"end":{"line":118,"column":60}}],"line":117},"9":{"loc":{"start":{"line":117,"column":93},"end":{"line":117,"column":124}},"type":"cond-expr","locations":[{"start":{"line":117,"column":104},"end":{"line":117,"column":115}},{"start":{"line":117,"column":118},"end":{"line":117,"column":124}}],"line":117}},"s":{"0":0,"1":0,"2":0,"3":0,"4":0,"5":0,"6":0,"7":0,"8":0,"9":0,"10":1,"11":0,"12":0,"13":0,"14":0,"15":0,"16":0,"17":0,"18":0,"19":0,"20":1,"21":1,"22":0,"23":1,"24":1,"25":0,"26":1,"27":1,"28":1,"29":0,"30":1,"31":1,"32":1,"33":1,"34":1,"35":1,"36":2,"37":1,"38":1,"39":0},"f":{"0":0,"1":0,"2":1,"3":0,"4":0,"5":1,"6":2,"7":1,"8":0},"b":{"0":[0,0],"1":[0,0],"2":[0,0],"3":[0,0],"4":[0,1],"5":[0,1],"6":[0,1],"7":[1,1],"8":[0,1],"9":[0,0]},"_coverageSchema":"43e27e138ebf9cfc5966b082cf9a028302ed4184","hash":"8907eb849524722f85cd181b5eb54c3240907ec0"}
,"C:\\Users\\vance\\OneDrive\\Desktop\\College\\Fall 2020\\CSC 308\\Club-Hub\\client\\src\\pages\\Explore.tsx": {"path":"C:\\Users\\vance\\OneDrive\\Desktop\\College\\Fall 2020\\CSC 308\\Club-Hub\\client\\src\\pages\\Explore.tsx","statementMap":{"0":{"start":{"line":15,"column":42},"end":{"line":27,"column":1}},"1":{"start":{"line":17,"column":13},"end":{"line":17,"column":103}},"2":{"start":{"line":17,"column":38},"end":{"line":17,"column":102}},"3":{"start":{"line":18,"column":2},"end":{"line":26,"column":3}},"4":{"start":{"line":19,"column":55},"end":{"line":19,"column":98}},"5":{"start":{"line":29,"column":47},"end":{"line":108,"column":1}},"6":{"start":{"line":30,"column":34},"end":{"line":30,"column":57}},"7":{"start":{"line":31,"column":2},"end":{"line":33,"column":3}},"8":{"start":{"line":32,"column":4},"end":{"line":32,"column":44}},"9":{"start":{"line":34,"column":46},"end":{"line":34,"column":69}},"10":{"start":{"line":35,"column":2},"end":{"line":37,"column":3}},"11":{"start":{"line":36,"column":4},"end":{"line":36,"column":45}},"12":{"start":{"line":38,"column":18},"end":{"line":38,"column":118}},"13":{"start":{"line":38,"column":49},"end":{"line":38,"column":117}},"14":{"start":{"line":41,"column":19},"end":{"line":41,"column":100}},"15":{"start":{"line":41,"column":55},"end":{"line":41,"column":99}},"16":{"start":{"line":43,"column":30},"end":{"line":43,"column":48}},"17":{"start":{"line":44,"column":28},"end":{"line":44,"column":46}},"18":{"start":{"line":46,"column":19},"end":{"line":49,"column":3}},"19":{"start":{"line":47,"column":4},"end":{"line":47,"column":21}},"20":{"start":{"line":48,"column":4},"end":{"line":48,"column":20}},"21":{"start":{"line":51,"column":22},"end":{"line":63,"column":3}},"22":{"start":{"line":52,"column":4},"end":{"line":62,"column":5}},"23":{"start":{"line":65,"column":23},"end":{"line":77,"column":3}},"24":{"start":{"line":67,"column":4},"end":{"line":76,"column":5}},"25":{"start":{"line":68,"column":43},"end":{"line":68,"column":86}},"26":{"start":{"line":79,"column":21},"end":{"line":90,"column":3}},"27":{"start":{"line":80,"column":20},"end":{"line":80,"column":47}},"28":{"start":{"line":81,"column":4},"end":{"line":81,"column":94}},"29":{"start":{"line":81,"column":38},"end":{"line":81,"column":93}},"30":{"start":{"line":83,"column":19},"end":{"line":83,"column":92}},"31":{"start":{"line":83,"column":40},"end":{"line":83,"column":91}},"32":{"start":{"line":85,"column":4},"end":{"line":89,"column":5}},"33":{"start":{"line":91,"column":16},"end":{"line":91,"column":101}},"34":{"start":{"line":91,"column":24},"end":{"line":91,"column":99}},"35":{"start":{"line":93,"column":2},"end":{"line":107,"column":4}},"36":{"start":{"line":102,"column":98},"end":{"line":102,"column":123}}},"fnMap":{"0":{"name":"(anonymous_0)","decl":{"start":{"line":15,"column":42},"end":{"line":15,"column":43}},"loc":{"start":{"line":15,"column":53},"end":{"line":27,"column":1}},"line":15},"1":{"name":"(anonymous_1)","decl":{"start":{"line":17,"column":33},"end":{"line":17,"column":34}},"loc":{"start":{"line":17,"column":38},"end":{"line":17,"column":102}},"line":17},"2":{"name":"(anonymous_2)","decl":{"start":{"line":19,"column":49},"end":{"line":19,"column":50}},"loc":{"start":{"line":19,"column":55},"end":{"line":19,"column":98}},"line":19},"3":{"name":"(anonymous_3)","decl":{"start":{"line":29,"column":47},"end":{"line":29,"column":48}},"loc":{"start":{"line":29,"column":58},"end":{"line":108,"column":1}},"line":29},"4":{"name":"(anonymous_4)","decl":{"start":{"line":38,"column":37},"end":{"line":38,"column":38}},"loc":{"start":{"line":38,"column":49},"end":{"line":38,"column":117}},"line":38},"5":{"name":"(anonymous_5)","decl":{"start":{"line":41,"column":50},"end":{"line":41,"column":51}},"loc":{"start":{"line":41,"column":55},"end":{"line":41,"column":99}},"line":41},"6":{"name":"(anonymous_6)","decl":{"start":{"line":46,"column":19},"end":{"line":46,"column":20}},"loc":{"start":{"line":46,"column":38},"end":{"line":49,"column":3}},"line":46},"7":{"name":"(anonymous_7)","decl":{"start":{"line":51,"column":22},"end":{"line":51,"column":23}},"loc":{"start":{"line":51,"column":28},"end":{"line":63,"column":3}},"line":51},"8":{"name":"(anonymous_8)","decl":{"start":{"line":65,"column":23},"end":{"line":65,"column":24}},"loc":{"start":{"line":65,"column":50},"end":{"line":77,"column":3}},"line":65},"9":{"name":"(anonymous_9)","decl":{"start":{"line":68,"column":37},"end":{"line":68,"column":38}},"loc":{"start":{"line":68,"column":43},"end":{"line":68,"column":86}},"line":68},"10":{"name":"(anonymous_10)","decl":{"start":{"line":79,"column":21},"end":{"line":79,"column":22}},"loc":{"start":{"line":79,"column":27},"end":{"line":90,"column":3}},"line":79},"11":{"name":"(anonymous_11)","decl":{"start":{"line":81,"column":33},"end":{"line":81,"column":34}},"loc":{"start":{"line":81,"column":38},"end":{"line":81,"column":93}},"line":81},"12":{"name":"(anonymous_12)","decl":{"start":{"line":83,"column":33},"end":{"line":83,"column":34}},"loc":{"start":{"line":83,"column":40},"end":{"line":83,"column":91}},"line":83},"13":{"name":"(anonymous_13)","decl":{"start":{"line":91,"column":16},"end":{"line":91,"column":17}},"loc":{"start":{"line":91,"column":22},"end":{"line":91,"column":101}},"line":91},"14":{"name":"(anonymous_14)","decl":{"start":{"line":102,"column":93},"end":{"line":102,"column":94}},"loc":{"start":{"line":102,"column":98},"end":{"line":102,"column":123}},"line":102}},"branchMap":{"0":{"loc":{"start":{"line":31,"column":2},"end":{"line":33,"column":3}},"type":"if","locations":[{"start":{"line":31,"column":2},"end":{"line":33,"column":3}},{"start":{"line":31,"column":2},"end":{"line":33,"column":3}}],"line":31},"1":{"loc":{"start":{"line":35,"column":2},"end":{"line":37,"column":3}},"type":"if","locations":[{"start":{"line":35,"column":2},"end":{"line":37,"column":3}},{"start":{"line":35,"column":2},"end":{"line":37,"column":3}}],"line":35},"2":{"loc":{"start":{"line":91,"column":31},"end":{"line":91,"column":99}},"type":"cond-expr","locations":[{"start":{"line":91,"column":69},"end":{"line":91,"column":83}},{"start":{"line":91,"column":86},"end":{"line":91,"column":99}}],"line":91},"3":{"loc":{"start":{"line":91,"column":32},"end":{"line":91,"column":65}},"type":"binary-expr","locations":[{"start":{"line":91,"column":32},"end":{"line":91,"column":50}},{"start":{"line":91,"column":54},"end":{"line":91,"column":65}}],"line":91}},"s":{"0":1,"1":0,"2":0,"3":0,"4":0,"5":1,"6":0,"7":0,"8":0,"9":0,"10":0,"11":0,"12":0,"13":0,"14":0,"15":0,"16":0,"17":0,"18":0,"19":0,"20":0,"21":0,"22":0,"23":0,"24":0,"25":0,"26":0,"27":0,"28":0,"29":0,"30":0,"31":0,"32":0,"33":0,"34":0,"35":0,"36":0},"f":{"0":0,"1":0,"2":0,"3":0,"4":0,"5":0,"6":0,"7":0,"8":0,"9":0,"10":0,"11":0,"12":0,"13":0,"14":0},"b":{"0":[0,0],"1":[0,0],"2":[0,0],"3":[0,0]},"_coverageSchema":"43e27e138ebf9cfc5966b082cf9a028302ed4184","hash":"a428e462c4b9a22a907b5fd4db06988bfc0e643b"}
,"C:\\Users\\vance\\OneDrive\\Desktop\\College\\Fall 2020\\CSC 308\\Club-Hub\\client\\src\\pages\\Feed.tsx": {"path":"C:\\Users\\vance\\OneDrive\\Desktop\\College\\Fall 2020\\CSC 308\\Club-Hub\\client\\src\\pages\\Feed.tsx","statementMap":{"0":{"start":{"line":13,"column":44},"end":{"line":76,"column":1}},"1":{"start":{"line":15,"column":34},"end":{"line":15,"column":57}},"2":{"start":{"line":16,"column":2},"end":{"line":18,"column":3}},"3":{"start":{"line":17,"column":4},"end":{"line":17,"column":44}},"4":{"start":{"line":19,"column":46},"end":{"line":19,"column":69}},"5":{"start":{"line":20,"column":2},"end":{"line":22,"column":3}},"6":{"start":{"line":21,"column":4},"end":{"line":21,"column":45}},"7":{"start":{"line":26,"column":31},"end":{"line":26,"column":33}},"8":{"start":{"line":28,"column":4},"end":{"line":29,"column":13}},"9":{"start":{"line":29,"column":6},"end":{"line":29,"column":13}},"10":{"start":{"line":32,"column":4},"end":{"line":40,"column":5}},"11":{"start":{"line":33,"column":17},"end":{"line":33,"column":30}},"12":{"start":{"line":34,"column":6},"end":{"line":39,"column":7}},"13":{"start":{"line":35,"column":8},"end":{"line":35,"column":68}},"14":{"start":{"line":38,"column":8},"end":{"line":38,"column":57}},"15":{"start":{"line":38,"column":43},"end":{"line":38,"column":56}},"16":{"start":{"line":42,"column":4},"end":{"line":50,"column":5}},"17":{"start":{"line":43,"column":17},"end":{"line":43,"column":30}},"18":{"start":{"line":44,"column":6},"end":{"line":49,"column":7}},"19":{"start":{"line":45,"column":8},"end":{"line":45,"column":68}},"20":{"start":{"line":48,"column":8},"end":{"line":48,"column":57}},"21":{"start":{"line":48,"column":43},"end":{"line":48,"column":56}},"22":{"start":{"line":52,"column":36},"end":{"line":52,"column":38}},"23":{"start":{"line":53,"column":4},"end":{"line":55,"column":5}},"24":{"start":{"line":54,"column":6},"end":{"line":54,"column":89}},"25":{"start":{"line":54,"column":45},"end":{"line":54,"column":87}},"26":{"start":{"line":56,"column":4},"end":{"line":56,"column":16}},"27":{"start":{"line":59,"column":2},"end":{"line":75,"column":4}}},"fnMap":{"0":{"name":"(anonymous_0)","decl":{"start":{"line":13,"column":44},"end":{"line":13,"column":45}},"loc":{"start":{"line":13,"column":55},"end":{"line":76,"column":1}},"line":13},"1":{"name":"fetch_posts","decl":{"start":{"line":24,"column":11},"end":{"line":24,"column":22}},"loc":{"start":{"line":24,"column":25},"end":{"line":57,"column":3}},"line":24},"2":{"name":"(anonymous_2)","decl":{"start":{"line":38,"column":28},"end":{"line":38,"column":29}},"loc":{"start":{"line":38,"column":43},"end":{"line":38,"column":56}},"line":38},"3":{"name":"(anonymous_3)","decl":{"start":{"line":48,"column":28},"end":{"line":48,"column":29}},"loc":{"start":{"line":48,"column":43},"end":{"line":48,"column":56}},"line":48},"4":{"name":"(anonymous_4)","decl":{"start":{"line":53,"column":18},"end":{"line":53,"column":19}},"loc":{"start":{"line":54,"column":6},"end":{"line":54,"column":89}},"line":54},"5":{"name":"(anonymous_5)","decl":{"start":{"line":54,"column":39},"end":{"line":54,"column":40}},"loc":{"start":{"line":54,"column":45},"end":{"line":54,"column":87}},"line":54}},"branchMap":{"0":{"loc":{"start":{"line":16,"column":2},"end":{"line":18,"column":3}},"type":"if","locations":[{"start":{"line":16,"column":2},"end":{"line":18,"column":3}},{"start":{"line":16,"column":2},"end":{"line":18,"column":3}}],"line":16},"1":{"loc":{"start":{"line":20,"column":2},"end":{"line":22,"column":3}},"type":"if","locations":[{"start":{"line":20,"column":2},"end":{"line":22,"column":3}},{"start":{"line":20,"column":2},"end":{"line":22,"column":3}}],"line":20},"2":{"loc":{"start":{"line":28,"column":4},"end":{"line":29,"column":13}},"type":"if","locations":[{"start":{"line":28,"column":4},"end":{"line":29,"column":13}},{"start":{"line":28,"column":4},"end":{"line":29,"column":13}}],"line":28},"3":{"loc":{"start":{"line":28,"column":8},"end":{"line":28,"column":23}},"type":"binary-expr","locations":[{"start":{"line":28,"column":8},"end":{"line":28,"column":13}},{"start":{"line":28,"column":17},"end":{"line":28,"column":23}}],"line":28},"4":{"loc":{"start":{"line":34,"column":6},"end":{"line":39,"column":7}},"type":"if","locations":[{"start":{"line":34,"column":6},"end":{"line":39,"column":7}},{"start":{"line":34,"column":6},"end":{"line":39,"column":7}}],"line":34},"5":{"loc":{"start":{"line":44,"column":6},"end":{"line":49,"column":7}},"type":"if","locations":[{"start":{"line":44,"column":6},"end":{"line":49,"column":7}},{"start":{"line":44,"column":6},"end":{"line":49,"column":7}}],"line":44}},"s":{"0":1,"1":1,"2":1,"3":0,"4":1,"5":1,"6":0,"7":1,"8":1,"9":0,"10":1,"11":2,"12":2,"13":0,"14":2,"15":2,"16":1,"17":2,"18":2,"19":0,"20":2,"21":2,"22":1,"23":1,"24":4,"25":0,"26":1,"27":1},"f":{"0":1,"1":1,"2":2,"3":2,"4":4,"5":0},"b":{"0":[0,1],"1":[0,1],"2":[0,1],"3":[1,1],"4":[0,2],"5":[0,2]},"_coverageSchema":"43e27e138ebf9cfc5966b082cf9a028302ed4184","hash":"5e06744092b5f56f34ae936fcedf744370faaa0a"}
,"C:\\Users\\vance\\OneDrive\\Desktop\\College\\Fall 2020\\CSC 308\\Club-Hub\\client\\src\\pages\\MyClubs.tsx": {"path":"C:\\Users\\vance\\OneDrive\\Desktop\\College\\Fall 2020\\CSC 308\\Club-Hub\\client\\src\\pages\\MyClubs.tsx","statementMap":{"0":{"start":{"line":14,"column":18},"end":{"line":25,"column":1}},"1":{"start":{"line":15,"column":2},"end":{"line":24,"column":3}},"2":{"start":{"line":16,"column":48},"end":{"line":16,"column":86}},"3":{"start":{"line":28,"column":47},"end":{"line":115,"column":1}},"4":{"start":{"line":30,"column":34},"end":{"line":30,"column":57}},"5":{"start":{"line":31,"column":2},"end":{"line":33,"column":3}},"6":{"start":{"line":32,"column":4},"end":{"line":32,"column":44}},"7":{"start":{"line":34,"column":46},"end":{"line":34,"column":69}},"8":{"start":{"line":35,"column":2},"end":{"line":37,"column":3}},"9":{"start":{"line":36,"column":4},"end":{"line":36,"column":45}},"10":{"start":{"line":39,"column":21},"end":{"line":41,"column":3}},"11":{"start":{"line":40,"column":4},"end":{"line":40,"column":42}},"12":{"start":{"line":43,"column":19},"end":{"line":54,"column":3}},"13":{"start":{"line":44,"column":4},"end":{"line":53,"column":5}},"14":{"start":{"line":45,"column":51},"end":{"line":45,"column":93}},"15":{"start":{"line":56,"column":45},"end":{"line":56,"column":47}},"16":{"start":{"line":57,"column":40},"end":{"line":57,"column":42}},"17":{"start":{"line":60,"column":2},"end":{"line":68,"column":3}},"18":{"start":{"line":61,"column":15},"end":{"line":61,"column":28}},"19":{"start":{"line":62,"column":4},"end":{"line":67,"column":5}},"20":{"start":{"line":63,"column":6},"end":{"line":63,"column":66}},"21":{"start":{"line":66,"column":6},"end":{"line":66,"column":62}},"22":{"start":{"line":71,"column":2},"end":{"line":79,"column":3}},"23":{"start":{"line":72,"column":15},"end":{"line":72,"column":28}},"24":{"start":{"line":73,"column":4},"end":{"line":78,"column":5}},"25":{"start":{"line":74,"column":6},"end":{"line":74,"column":71}},"26":{"start":{"line":77,"column":6},"end":{"line":77,"column":67}},"27":{"start":{"line":84,"column":2},"end":{"line":114,"column":4}}},"fnMap":{"0":{"name":"(anonymous_0)","decl":{"start":{"line":14,"column":18},"end":{"line":14,"column":19}},"loc":{"start":{"line":14,"column":50},"end":{"line":25,"column":1}},"line":14},"1":{"name":"(anonymous_1)","decl":{"start":{"line":16,"column":42},"end":{"line":16,"column":43}},"loc":{"start":{"line":16,"column":48},"end":{"line":16,"column":86}},"line":16},"2":{"name":"(anonymous_2)","decl":{"start":{"line":28,"column":47},"end":{"line":28,"column":48}},"loc":{"start":{"line":28,"column":58},"end":{"line":115,"column":1}},"line":28},"3":{"name":"(anonymous_3)","decl":{"start":{"line":39,"column":21},"end":{"line":39,"column":22}},"loc":{"start":{"line":39,"column":40},"end":{"line":41,"column":3}},"line":39},"4":{"name":"(anonymous_4)","decl":{"start":{"line":43,"column":19},"end":{"line":43,"column":20}},"loc":{"start":{"line":43,"column":44},"end":{"line":54,"column":3}},"line":43},"5":{"name":"(anonymous_5)","decl":{"start":{"line":45,"column":44},"end":{"line":45,"column":45}},"loc":{"start":{"line":45,"column":50},"end":{"line":45,"column":95}},"line":45}},"branchMap":{"0":{"loc":{"start":{"line":31,"column":2},"end":{"line":33,"column":3}},"type":"if","locations":[{"start":{"line":31,"column":2},"end":{"line":33,"column":3}},{"start":{"line":31,"column":2},"end":{"line":33,"column":3}}],"line":31},"1":{"loc":{"start":{"line":35,"column":2},"end":{"line":37,"column":3}},"type":"if","locations":[{"start":{"line":35,"column":2},"end":{"line":37,"column":3}},{"start":{"line":35,"column":2},"end":{"line":37,"column":3}}],"line":35},"2":{"loc":{"start":{"line":62,"column":4},"end":{"line":67,"column":5}},"type":"if","locations":[{"start":{"line":62,"column":4},"end":{"line":67,"column":5}},{"start":{"line":62,"column":4},"end":{"line":67,"column":5}}],"line":62},"3":{"loc":{"start":{"line":73,"column":4},"end":{"line":78,"column":5}},"type":"if","locations":[{"start":{"line":73,"column":4},"end":{"line":78,"column":5}},{"start":{"line":73,"column":4},"end":{"line":78,"column":5}}],"line":73},"4":{"loc":{"start":{"line":99,"column":12},"end":{"line":99,"column":47}},"type":"binary-expr","locations":[{"start":{"line":99,"column":12},"end":{"line":99,"column":19}},{"start":{"line":99,"column":23},"end":{"line":99,"column":47}}],"line":99}},"s":{"0":1,"1":0,"2":0,"3":1,"4":1,"5":1,"6":0,"7":1,"8":1,"9":0,"10":1,"11":0,"12":1,"13":4,"14":0,"15":1,"16":1,"17":1,"18":2,"19":2,"20":0,"21":2,"22":1,"23":2,"24":2,"25":0,"26":2,"27":1},"f":{"0":0,"1":0,"2":1,"3":0,"4":4,"5":0},"b":{"0":[0,1],"1":[0,1],"2":[0,2],"3":[0,2],"4":[1,0]},"_coverageSchema":"43e27e138ebf9cfc5966b082cf9a028302ed4184","hash":"d325868216b19bca3bdc652bba351f68cf015ec4"}
,"C:\\Users\\vance\\OneDrive\\Desktop\\College\\Fall 2020\\CSC 308\\Club-Hub\\client\\src\\pages\\UserProfile.tsx": {"path":"C:\\Users\\vance\\OneDrive\\Desktop\\College\\Fall 2020\\CSC 308\\Club-Hub\\client\\src\\pages\\UserProfile.tsx","statementMap":{"0":{"start":{"line":13,"column":46},"end":{"line":88,"column":1}},"1":{"start":{"line":14,"column":34},"end":{"line":14,"column":57}},"2":{"start":{"line":15,"column":2},"end":{"line":17,"column":3}},"3":{"start":{"line":16,"column":4},"end":{"line":16,"column":44}},"4":{"start":{"line":19,"column":18},"end":{"line":19,"column":110}},"5":{"start":{"line":19,"column":49},"end":{"line":19,"column":109}},"6":{"start":{"line":21,"column":2},"end":{"line":87,"column":4}},"7":{"start":{"line":58,"column":40},"end":{"line":58,"column":54}},"8":{"start":{"line":79,"column":38},"end":{"line":79,"column":73}}},"fnMap":{"0":{"name":"(anonymous_0)","decl":{"start":{"line":13,"column":46},"end":{"line":13,"column":47}},"loc":{"start":{"line":13,"column":57},"end":{"line":88,"column":1}},"line":13},"1":{"name":"(anonymous_1)","decl":{"start":{"line":19,"column":37},"end":{"line":19,"column":38}},"loc":{"start":{"line":19,"column":49},"end":{"line":19,"column":109}},"line":19},"2":{"name":"(anonymous_2)","decl":{"start":{"line":58,"column":34},"end":{"line":58,"column":35}},"loc":{"start":{"line":58,"column":40},"end":{"line":58,"column":54}},"line":58},"3":{"name":"(anonymous_3)","decl":{"start":{"line":79,"column":32},"end":{"line":79,"column":33}},"loc":{"start":{"line":79,"column":38},"end":{"line":79,"column":73}},"line":79}},"branchMap":{"0":{"loc":{"start":{"line":15,"column":2},"end":{"line":17,"column":3}},"type":"if","locations":[{"start":{"line":15,"column":2},"end":{"line":17,"column":3}},{"start":{"line":15,"column":2},"end":{"line":17,"column":3}}],"line":15}},"s":{"0":1,"1":1,"2":1,"3":0,"4":1,"5":2,"6":1,"7":0,"8":0},"f":{"0":1,"1":2,"2":0,"3":0},"b":{"0":[0,1]},"_coverageSchema":"43e27e138ebf9cfc5966b082cf9a028302ed4184","hash":"3895651fd75eb59797a5a70dfb0232ba2b8ca93e"}
[...]
,"C:\\Users\\vance\\OneDrive\\Desktop\\College\\Fall 2020\\CSC 308\\Club-Hub\\client\\src\\pages\\interest-quiz\\InterestQuiz.tsx": {"path":"C:\\Users\\vance\\OneDrive\\Desktop\\College\\Fall 2020\\CSC 308\\Club-Hub\\client\\src\\pages\\interest-quiz\\InterestQuiz.tsx","statementMap":{"0":{"start":{"line":35,"column":37},"end":{"line":35,"column":39}},"1":{"start":{"line":36,"column":8},"end":{"line":42,"column":11}},"2":{"start":{"line":45,"column":17},"end":{"line":82,"column":5}},"3":{"start":{"line":46,"column":19},"end":{"line":46,"column":31}},"4":{"start":{"line":47,"column":8},"end":{"line":51,"column":9}},"5":{"start":{"line":48,"column":12},"end":{"line":48,"column":115}},"6":{"start":{"line":49,"column":12},"end":{"line":49,"column":45}},"7":{"start":{"line":50,"column":12},"end":{"line":50,"column":18}},"8":{"start":{"line":53,"column":8},"end":{"line":80,"column":11}},"9":{"start":{"line":60,"column":12},"end":{"line":60,"column":29}},"10":{"start":{"line":61,"column":12},"end":{"line":66,"column":13}},"11":{"start":{"line":62,"column":16},"end":{"line":62,"column":119}},"12":{"start":{"line":65,"column":16},"end":{"line":65,"column":61}},"13":{"start":{"line":67,"column":12},"end":{"line":67,"column":45}},"14":{"start":{"line":71,"column":12},"end":{"line":76,"column":13}},"15":{"start":{"line":73,"column":16},"end":{"line":73,"column":50}},"16":{"start":{"line":75,"column":16},"end":{"line":75,"column":33}},"17":{"start":{"line":84,"column":23},"end":{"line":90,"column":5}},"18":{"start":{"line":85,"column":8},"end":{"line":88,"column":10}},"19":{"start":{"line":89,"column":8},"end":{"line":89,"column":51}},"20":{"start":{"line":92,"column":18},"end":{"line":113,"column":5}},"21":{"start":{"line":93,"column":8},"end":{"line":105,"column":9}},"22":{"start":{"line":94,"column":12},"end":{"line":96,"column":14}},"23":{"start":{"line":99,"column":23},"end":{"line":99,"column":48}},"24":{"start":{"line":100,"column":24},"end":{"line":100,"column":46}},"25":{"start":{"line":101,"column":12},"end":{"line":104,"column":15}},"26":{"start":{"line":102,"column":16},"end":{"line":102,"column":38}},"27":{"start":{"line":103,"column":16},"end":{"line":103,"column":49}},"28":{"start":{"line":107,"column":8},"end":{"line":107,"column":52}},"29":{"start":{"line":108,"column":8},"end":{"line":110,"column":11}},"30":{"start":{"line":109,"column":12},"end":{"line":109,"column":50}},"31":{"start":{"line":115,"column":15},"end":{"line":123,"column":5}},"32":{"start":{"line":116,"column":8},"end":{"line":122,"column":10}},"33":{"start":{"line":117,"column":12},"end":{"line":117,"column":30}},"34":{"start":{"line":120,"column":8},"end":{"line":122,"column":10}},"35":{"start":{"line":125,"column":11},"end":{"line":128,"column":5}},"36":{"start":{"line":126,"column":8},"end":{"line":126,"column":30}},"37":{"start":{"line":127,"column":8},"end":{"line":127,"column":41}},"38":{"start":{"line":131,"column":8},"end":{"line":159,"column":8}},"39":{"start":{"line":133,"column":16},"end":{"line":135,"column":17}},"40":{"start":{"line":136,"column":16},"end":{"line":136,"column":22}},"41":{"start":{"line":139,"column":16},"end":{"line":141,"column":17}},"42":{"start":{"line":142,"column":16},"end":{"line":142,"column":22}},"43":{"start":{"line":144,"column":16},"end":{"line":146,"column":17}},"44":{"start":{"line":147,"column":16},"end":{"line":147,"column":22}},"45":{"start":{"line":149,"column":16},"end":{"line":151,"column":17}},"46":{"start":{"line":152,"column":16},"end":{"line":152,"column":22}},"47":{"start":{"line":154,"column":16},"end":{"line":156,"column":17}},"48":{"start":{"line":157,"column":16},"end":{"line":157,"column":22}}},"fnMap":{"0":{"name":"(anonymous_0)","decl":{"start":{"line":34,"column":4},"end":{"line":34,"column":5}},"loc":{"start":{"line":34,"column":25},"end":{"line":43,"column":5}},"line":34},"1":{"name":"(anonymous_1)","decl":{"start":{"line":45,"column":17},"end":{"line":45,"column":18}},"loc":{"start":{"line":45,"column":23},"end":{"line":82,"column":5}},"line":45},"2":{"name":"(anonymous_2)","decl":{"start":{"line":58,"column":16},"end":{"line":58,"column":17}},"loc":{"start":{"line":58,"column":41},"end":{"line":68,"column":13}},"line":58},"3":{"name":"(anonymous_3)","decl":{"start":{"line":69,"column":19},"end":{"line":69,"column":20}},"loc":{"start":{"line":69,"column":34},"end":{"line":77,"column":11}},"line":69},"4":{"name":"(anonymous_4)","decl":{"start":{"line":78,"column":16},"end":{"line":78,"column":17}},"loc":{"start":{"line":78,"column":28},"end":{"line":80,"column":9}},"line":78},"5":{"name":"(anonymous_5)","decl":{"start":{"line":84,"column":23},"end":{"line":84,"column":24}},"loc":{"start":{"line":84,"column":47},"end":{"line":90,"column":5}},"line":84},"6":{"name":"(anonymous_6)","decl":{"start":{"line":92,"column":18},"end":{"line":92,"column":19}},"loc":{"start":{"line":92,"column":57},"end":{"line":113,"column":5}},"line":92},"7":{"name":"(anonymous_7)","decl":{"start":{"line":108,"column":37},"end":{"line":108,"column":38}},"loc":{"start":{"line":108,"column":49},"end":{"line":110,"column":9}},"line":108},"8":{"name":"(anonymous_8)","decl":{"start":{"line":115,"column":15},"end":{"line":115,"column":16}},"loc":{"start":{"line":115,"column":21},"end":{"line":123,"column":5}},"line":115},"9":{"name":"(anonymous_9)","decl":{"start":{"line":125,"column":11},"end":{"line":125,"column":12}},"loc":{"start":{"line":125,"column":17},"end":{"line":128,"column":5}},"line":125},"10":{"name":"(anonymous_10)","decl":{"start":{"line":130,"column":4},"end":{"line":130,"column":5}},"loc":{"start":{"line":130,"column":13},"end":{"line":160,"column":5}},"line":130}},"branchMap":{"0":{"loc":{"start":{"line":47,"column":8},"end":{"line":51,"column":9}},"type":"if","locations":[{"start":{"line":47,"column":8},"end":{"line":51,"column":9}},{"start":{"line":47,"column":8},"end":{"line":51,"column":9}}],"line":47},"1":{"loc":{"start":{"line":47,"column":12},"end":{"line":47,"column":29}},"type":"binary-expr","locations":[{"start":{"line":47,"column":12},"end":{"line":47,"column":17}},{"start":{"line":47,"column":21},"end":{"line":47,"column":29}}],"line":47},"2":{"loc":{"start":{"line":61,"column":12},"end":{"line":66,"column":13}},"type":"if","locations":[{"start":{"line":61,"column":12},"end":{"line":66,"column":13}},{"start":{"line":61,"column":12},"end":{"line":66,"column":13}}],"line":61},"3":{"loc":{"start":{"line":71,"column":12},"end":{"line":76,"column":13}},"type":"if","locations":[{"start":{"line":71,"column":12},"end":{"line":76,"column":13}},{"start":{"line":71,"column":12},"end":{"line":76,"column":13}}],"line":71},"4":{"loc":{"start":{"line":93,"column":8},"end":{"line":105,"column":9}},"type":"if","locations":[{"start":{"line":93,"column":8},"end":{"line":105,"column":9}},{"start":{"line":93,"column":8},"end":{"line":105,"column":9}}],"line":93},"5":{"loc":{"start":{"line":101,"column":12},"end":{"line":104,"column":15}},"type":"if","locations":[{"start":{"line":101,"column":12},"end":{"line":104,"column":15}},{"start":{"line":101,"column":12},"end":{"line":104,"column":15}}],"line":101},"6":{"loc":{"start":{"line":116,"column":8},"end":{"line":122,"column":10}},"type":"if","locations":[{"start":{"line":116,"column":8},"end":{"line":122,"column":10}},{"start":{"line":116,"column":8},"end":{"line":122,"column":10}}],"line":116},"7":{"loc":{"start":{"line":131,"column":8},"end":{"line":159,"column":8}},"type":"switch","locations":[{"start":{"line":132,"column":12},"end":{"line":136,"column":22}},{"start":{"line":137,"column":12},"end":{"line":142,"column":22}},{"start":{"line":143,"column":12},"end":{"line":147,"column":22}},{"start":{"line":148,"column":12},"end":{"line":152,"column":22}},{"start":{"line":153,"column":12},"end":{"line":157,"column":22}}],"line":131}},"s":{"0":1,"1":1,"2":1,"3":0,"4":0,"5":0,"6":0,"7":0,"8":0,"9":0,"10":0,"11":0,"12":0,"13":0,"14":0,"15":0,"16":0,"17":1,"18":0,"19":0,"20":1,"21":0,"22":0,"23":0,"24":0,"25":0,"26":0,"27":0,"28":0,"29":0,"30":0,"31":1,"32":0,"33":0,"34":0,"35":1,"36":1,"37":1,"38":1,"39":1,"40":0,"41":0,"42":0,"43":0,"44":0,"45":0,"46":0,"47":0,"48":0},"f":{"0":1,"1":0,"2":0,"3":0,"4":0,"5":0,"6":0,"7":0,"8":0,"9":1,"10":1},"b":{"0":[0,0],"1":[0,0],"2":[0,0],"3":[0,0],"4":[0,0],"5":[0,0],"6":[0,0],"7":[1,0,0,0,0]},"_coverageSchema":"43e27e138ebf9cfc5966b082cf9a028302ed4184","hash":"a1a913fddee7efe1f67c7d0f9075b4050c2f88c2"}
,"C:\\Users\\vance\\OneDrive\\Desktop\\College\\Fall 2020\\CSC 308\\Club-Hub\\client\\src\\pages\\interest-quiz\\InterestQuizIntro.tsx": {"path":"C:\\Users\\vance\\OneDrive\\Desktop\\College\\Fall 2020\\CSC 308\\Club-Hub\\client\\src\\pages\\interest-quiz\\InterestQuizIntro.tsx","statementMap":{"0":{"start":{"line":10,"column":26},"end":{"line":29,"column":3}},"1":{"start":{"line":14,"column":4},"end":{"line":28,"column":6}},"2":{"start":{"line":19,"column":90},"end":{"line":19,"column":106}},"3":{"start":{"line":22,"column":108},"end":{"line":22,"column":124}}},"fnMap":{"0":{"name":"(anonymous_0)","decl":{"start":{"line":10,"column":26},"end":{"line":10,"column":27}},"loc":{"start":{"line":10,"column":56},"end":{"line":29,"column":3}},"line":10},"1":{"name":"(anonymous_1)","decl":{"start":{"line":19,"column":84},"end":{"line":19,"column":85}},"loc":{"start":{"line":19,"column":90},"end":{"line":19,"column":106}},"line":19},"2":{"name":"(anonymous_2)","decl":{"start":{"line":22,"column":102},"end":{"line":22,"column":103}},"loc":{"start":{"line":22,"column":108},"end":{"line":22,"column":124}},"line":22}},"branchMap":{},"s":{"0":1,"1":1,"2":0,"3":1},"f":{"0":1,"1":0,"2":1},"b":{},"_coverageSchema":"43e27e138ebf9cfc5966b082cf9a028302ed4184","hash":"f71e9caf529df7489e7ef534f3b2f14eba025585"}
,"C:\\Users\\vance\\OneDrive\\Desktop\\College\\Fall 2020\\CSC 308\\Club-Hub\\client\\src\\pages\\interest-quiz\\InterestQuizPg1.tsx": {"path":"C:\\Users\\vance\\OneDrive\\Desktop\\College\\Fall 2020\\CSC 308\\Club-Hub\\client\\src\\pages\\interest-quiz\\InterestQuizPg1.tsx","statementMap":{"0":{"start":{"line":13,"column":19},"end":{"line":21,"column":1}},"1":{"start":{"line":14,"column":32},"end":{"line":14,"column":34}},"2":{"start":{"line":15,"column":12},"end":{"line":15,"column":13}},"3":{"start":{"line":16,"column":1},"end":{"line":19,"column":4}},"4":{"start":{"line":18,"column":8},"end":{"line":18,"column":85}},"5":{"start":{"line":20,"column":1},"end":{"line":20,"column":13}},"6":{"start":{"line":23,"column":24},"end":{"line":75,"column":1}},"7":{"start":{"line":24,"column":32},"end":{"line":24,"column":61}},"8":{"start":{"line":25,"column":28},"end":{"line":25,"column":57}},"9":{"start":{"line":27,"column":8},"end":{"line":29,"column":69}},"10":{"start":{"line":30,"column":19},"end":{"line":30,"column":28}},"11":{"start":{"line":32,"column":25},"end":{"line":32,"column":64}},"12":{"start":{"line":32,"column":44},"end":{"line":32,"column":62}},"13":{"start":{"line":33,"column":23},"end":{"line":33,"column":60}},"14":{"start":{"line":33,"column":40},"end":{"line":33,"column":58}},"15":{"start":{"line":37,"column":4},"end":{"line":74,"column":3}},"16":{"start":{"line":46,"column":71},"end":{"line":46,"column":90}},"17":{"start":{"line":52,"column":71},"end":{"line":52,"column":88}},"18":{"start":{"line":55,"column":139},"end":{"line":55,"column":165}},"19":{"start":{"line":69,"column":84},"end":{"line":69,"column":123}},"20":{"start":{"line":69,"column":124},"end":{"line":69,"column":141}}},"fnMap":{"0":{"name":"(anonymous_0)","decl":{"start":{"line":13,"column":19},"end":{"line":13,"column":20}},"loc":{"start":{"line":13,"column":46},"end":{"line":21,"column":1}},"line":13},"1":{"name":"(anonymous_1)","decl":{"start":{"line":16,"column":16},"end":{"line":16,"column":17}},"loc":{"start":{"line":16,"column":30},"end":{"line":19,"column":2}},"line":16},"2":{"name":"(anonymous_2)","decl":{"start":{"line":23,"column":24},"end":{"line":23,"column":25}},"loc":{"start":{"line":23,"column":69},"end":{"line":75,"column":1}},"line":23},"3":{"name":"(anonymous_3)","decl":{"start":{"line":32,"column":38},"end":{"line":32,"column":39}},"loc":{"start":{"line":32,"column":44},"end":{"line":32,"column":62}},"line":32},"4":{"name":"(anonymous_4)","decl":{"start":{"line":33,"column":34},"end":{"line":33,"column":35}},"loc":{"start":{"line":33,"column":40},"end":{"line":33,"column":58}},"line":33},"5":{"name":"(anonymous_5)","decl":{"start":{"line":46,"column":34},"end":{"line":46,"column":35}},"loc":{"start":{"line":46,"column":71},"end":{"line":46,"column":90}},"line":46},"6":{"name":"(anonymous_6)","decl":{"start":{"line":52,"column":34},"end":{"line":52,"column":35}},"loc":{"start":{"line":52,"column":71},"end":{"line":52,"column":88}},"line":52},"7":{"name":"(anonymous_7)","decl":{"start":{"line":55,"column":132},"end":{"line":55,"column":133}},"loc":{"start":{"line":55,"column":139},"end":{"line":55,"column":165}},"line":55},"8":{"name":"(anonymous_8)","decl":{"start":{"line":69,"column":77},"end":{"line":69,"column":78}},"loc":{"start":{"line":69,"column":83},"end":{"line":69,"column":142}},"line":69}},"branchMap":{},"s":{"0":1,"1":0,"2":0,"3":0,"4":0,"5":0,"6":1,"7":0,"8":0,"9":0,"10":0,"11":0,"12":0,"13":0,"14":0,"15":0,"16":0,"17":0,"18":0,"19":0,"20":0},"f":{"0":0,"1":0,"2":0,"3":0,"4":0,"5":0,"6":0,"7":0,"8":0},"b":{},"_coverageSchema":"43e27e138ebf9cfc5966b082cf9a028302ed4184","hash":"f4ba2f4c786b7f6db03a2f4ef2167cfe791ef20d"}
,"C:\\Users\\vance\\OneDrive\\Desktop\\College\\Fall 2020\\CSC 308\\Club-Hub\\client\\src\\pages\\interest-quiz\\InterestQuizPg2.tsx": {"path":"C:\\Users\\vance\\OneDrive\\Desktop\\College\\Fall 2020\\CSC 308\\Club-Hub\\client\\src\\pages\\interest-quiz\\InterestQuizPg2.tsx","statementMap":{"0":{"start":{"line":11,"column":24},"end":{"line":43,"column":3}},"1":{"start":{"line":12,"column":34},"end":{"line":12,"column":49}},"2":{"start":{"line":14,"column":4},"end":{"line":19,"column":56}},"3":{"start":{"line":22,"column":4},"end":{"line":42,"column":6}},"4":{"start":{"line":29,"column":24},"end":{"line":32,"column":34}},"5":{"start":{"line":31,"column":105},"end":{"line":31,"column":156}},"6":{"start":{"line":36,"column":95},"end":{"line":36,"column":111}}},"fnMap":{"0":{"name":"(anonymous_0)","decl":{"start":{"line":11,"column":24},"end":{"line":11,"column":25}},"loc":{"start":{"line":11,"column":54},"end":{"line":43,"column":3}},"line":11},"1":{"name":"(anonymous_1)","decl":{"start":{"line":28,"column":36},"end":{"line":28,"column":37}},"loc":{"start":{"line":29,"column":24},"end":{"line":32,"column":34}},"line":29},"2":{"name":"(anonymous_2)","decl":{"start":{"line":31,"column":100},"end":{"line":31,"column":101}},"loc":{"start":{"line":31,"column":105},"end":{"line":31,"column":156}},"line":31},"3":{"name":"(anonymous_3)","decl":{"start":{"line":36,"column":89},"end":{"line":36,"column":90}},"loc":{"start":{"line":36,"column":95},"end":{"line":36,"column":111}},"line":36}},"branchMap":{},"s":{"0":1,"1":0,"2":0,"3":0,"4":0,"5":0,"6":0},"f":{"0":0,"1":0,"2":0,"3":0},"b":{},"_coverageSchema":"43e27e138ebf9cfc5966b082cf9a028302ed4184","hash":"33b016190eb3f43de66bf8257ad4c52d9cd9955d"}
,"C:\\Users\\vance\\OneDrive\\Desktop\\College\\Fall 2020\\CSC 308\\Club-Hub\\client\\src\\pages\\interest-quiz\\InterestQuizPg3.tsx": {"path":"C:\\Users\\vance\\OneDrive\\Desktop\\College\\Fall 2020\\CSC 308\\Club-Hub\\client\\src\\pages\\interest-quiz\\InterestQuizPg3.tsx","statementMap":{"0":{"start":{"line":10,"column":24},"end":{"line":42,"column":3}},"1":{"start":{"line":11,"column":34},"end":{"line":11,"column":49}},"2":{"start":{"line":13,"column":4},"end":{"line":18,"column":67}},"3":{"start":{"line":21,"column":4},"end":{"line":41,"column":6}},"4":{"start":{"line":28,"column":24},"end":{"line":31,"column":34}},"5":{"start":{"line":30,"column":105},"end":{"line":30,"column":156}},"6":{"start":{"line":35,"column":95},"end":{"line":35,"column":111}}},"fnMap":{"0":{"name":"(anonymous_0)","decl":{"start":{"line":10,"column":24},"end":{"line":10,"column":25}},"loc":{"start":{"line":10,"column":54},"end":{"line":42,"column":3}},"line":10},"1":{"name":"(anonymous_1)","decl":{"start":{"line":27,"column":36},"end":{"line":27,"column":37}},"loc":{"start":{"line":28,"column":24},"end":{"line":31,"column":34}},"line":28},"2":{"name":"(anonymous_2)","decl":{"start":{"line":30,"column":100},"end":{"line":30,"column":101}},"loc":{"start":{"line":30,"column":105},"end":{"line":30,"column":156}},"line":30},"3":{"name":"(anonymous_3)","decl":{"start":{"line":35,"column":89},"end":{"line":35,"column":90}},"loc":{"start":{"line":35,"column":95},"end":{"line":35,"column":111}},"line":35}},"branchMap":{},"s":{"0":1,"1":0,"2":0,"3":0,"4":0,"5":0,"6":0},"f":{"0":0,"1":0,"2":0,"3":0},"b":{},"_coverageSchema":"43e27e138ebf9cfc5966b082cf9a028302ed4184","hash":"375b0dcf35d3561a2bacc8e952abc058495ceca2"}
,"C:\\Users\\vance\\OneDrive\\Desktop\\College\\Fall 2020\\CSC 308\\Club-Hub\\client\\src\\pages\\interest-quiz\\InterestQuizPg4.tsx": {"path":"C:\\Users\\vance\\OneDrive\\Desktop\\College\\Fall 2020\\CSC 308\\Club-Hub\\client\\src\\pages\\interest-quiz\\InterestQuizPg4.tsx","statementMap":{"0":{"start":{"line":10,"column":24},"end":{"line":40,"column":3}},"1":{"start":{"line":11,"column":34},"end":{"line":11,"column":49}},"2":{"start":{"line":13,"column":4},"end":{"line":17,"column":46}},"3":{"start":{"line":19,"column":4},"end":{"line":39,"column":6}},"4":{"start":{"line":26,"column":24},"end":{"line":29,"column":34}},"5":{"start":{"line":28,"column":105},"end":{"line":28,"column":156}},"6":{"start":{"line":33,"column":95},"end":{"line":33,"column":111}}},"fnMap":{"0":{"name":"(anonymous_0)","decl":{"start":{"line":10,"column":24},"end":{"line":10,"column":25}},"loc":{"start":{"line":10,"column":54},"end":{"line":40,"column":3}},"line":10},"1":{"name":"(anonymous_1)","decl":{"start":{"line":25,"column":36},"end":{"line":25,"column":37}},"loc":{"start":{"line":26,"column":24},"end":{"line":29,"column":34}},"line":26},"2":{"name":"(anonymous_2)","decl":{"start":{"line":28,"column":100},"end":{"line":28,"column":101}},"loc":{"start":{"line":28,"column":105},"end":{"line":28,"column":156}},"line":28},"3":{"name":"(anonymous_3)","decl":{"start":{"line":33,"column":89},"end":{"line":33,"column":90}},"loc":{"start":{"line":33,"column":95},"end":{"line":33,"column":111}},"line":33}},"branchMap":{},"s":{"0":1,"1":0,"2":0,"3":0,"4":0,"5":0,"6":0},"f":{"0":0,"1":0,"2":0,"3":0},"b":{},"_coverageSchema":"43e27e138ebf9cfc5966b082cf9a028302ed4184","hash":"fa1be9cc376a76b80936a3b779766bbe56b30c3a"}
,"C:\\Users\\vance\\OneDrive\\Desktop\\College\\Fall 2020\\CSC 308\\Club-Hub\\client\\src\\pages\\interest-quiz\\listOfMajors.tsx": {"path":"C:\\Users\\vance\\OneDrive\\Desktop\\College\\Fall 2020\\CSC 308\\Club-Hub\\client\\src\\pages\\interest-quiz\\listOfMajors.tsx","statementMap":{"0":{"start":{"line":1,"column":18},"end":{"line":57,"column":12}}},"fnMap":{},"branchMap":{},"s":{"0":1},"f":{},"b":{},"_coverageSchema":"43e27e138ebf9cfc5966b082cf9a028302ed4184","hash":"0cef889835fb082c9293072110a9ae7647707e98"}
}
