TN:
SF:C:\Users\vance\OneDrive\Desktop\College\Fall 2020\CSC 308\Club-Hub\client\src\App.tsx
FN:98,(anonymous_0)
FN:110,(anonymous_1)
FN:122,(anonymous_2)
FN:125,(anonymous_3)
FN:130,(anonymous_4)
FN:131,(anonymous_5)
FN:136,(anonymous_6)
FN:151,(anonymous_7)
FN:155,(anonymous_8)
FN:169,(anonymous_9)
FN:181,(anonymous_10)
FN:186,(anonymous_11)
FN:202,(anonymous_12)
FN:208,(anonymous_13)
FN:231,(anonymous_14)
FN:234,(anonymous_15)
FN:238,(anonymous_16)
FN:241,(anonymous_17)
FN:259,(anonymous_18)
FN:260,(anonymous_19)
FN:261,(anonymous_20)
FN:262,(anonymous_21)
FN:267,(anonymous_22)
FN:271,(anonymous_23)
FN:272,(anonymous_24)
FN:308,(anonymous_25)
FN:312,(anonymous_26)
FN:312,(anonymous_27)
FNF:28
FNH:5
FNDA:1,(anonymous_0)
FNDA:1,(anonymous_1)
FNDA:1,(anonymous_2)
FNDA:1,(anonymous_3)
FNDA:0,(anonymous_4)
FNDA:0,(anonymous_5)
FNDA:0,(anonymous_6)
FNDA:0,(anonymous_7)
FNDA:0,(anonymous_8)
FNDA:0,(anonymous_9)
FNDA:0,(anonymous_10)
FNDA:0,(anonymous_11)
FNDA:0,(anonymous_12)
FNDA:0,(anonymous_13)
FNDA:1,(anonymous_14)
FNDA:0,(anonymous_15)
FNDA:0,(anonymous_16)
FNDA:0,(anonymous_17)
FNDA:0,(anonymous_18)
FNDA:0,(anonymous_19)
FNDA:0,(anonymous_20)
FNDA:0,(anonymous_21)
FNDA:0,(anonymous_22)
FNDA:0,(anonymous_23)
FNDA:0,(anonymous_24)
FNDA:0,(anonymous_25)
FNDA:0,(anonymous_26)
FNDA:0,(anonymous_27)
DA:84,1
DA:99,1
DA:100,1
DA:111,1
DA:118,1
DA:127,1
DA:131,0
DA:132,0
DA:136,1
DA:137,0
DA:138,0
DA:139,0
DA:142,0
DA:143,0
DA:146,0
DA:148,0
DA:151,1
DA:152,0
DA:155,0
DA:156,0
DA:157,0
DA:162,0
DA:163,0
DA:169,0
DA:170,0
DA:171,0
DA:172,0
DA:173,0
DA:176,0
DA:181,1
DA:182,0
DA:183,0
DA:186,1
DA:187,0
DA:202,1
DA:203,0
DA:208,1
DA:210,0
DA:212,0
DA:233,1
DA:234,1
DA:236,1
DA:237,0
DA:238,0
DA:241,0
DA:246,1
DA:248,1
DA:259,0
DA:260,0
DA:261,0
DA:262,0
DA:267,0
DA:271,0
DA:272,0
DA:308,1
DA:309,0
DA:310,0
DA:312,0
LF:58
LH:18
BRDA:137,0,0,0
BRDA:137,0,1,0
BRDA:156,1,0,0
BRDA:156,1,1,0
BRDA:170,2,0,0
BRDA:170,2,1,0
BRDA:236,3,0,0
BRDA:236,3,1,1
BRDA:237,4,0,0
BRDA:237,4,1,0
BRDA:252,5,0,1
BRDA:252,5,1,0
BRDA:252,5,2,0
BRDA:259,6,0,0
BRDA:259,6,1,0
BRDA:260,7,0,0
BRDA:260,7,1,0
BRDA:261,8,0,0
BRDA:261,8,1,0
BRDA:262,9,0,0
BRDA:262,9,1,0
BRDA:276,10,0,0
BRDA:276,10,1,1
BRDA:309,11,0,0
BRDA:309,11,1,0
BRF:25
BRH:3
end_of_record
TN:
SF:C:\Users\vance\OneDrive\Desktop\College\Fall 2020\CSC 308\Club-Hub\client\src\ClubContext.tsx
FNF:0
FNH:0
DA:4,1
LF:1
LH:1
BRF:0
BRH:0
end_of_record
TN:
SF:C:\Users\vance\OneDrive\Desktop\College\Fall 2020\CSC 308\Club-Hub\client\src\DummyData.tsx
FNF:0
FNH:0
DA:9,1
DA:12,1
DA:13,1
DA:15,1
DA:16,1
DA:18,1
DA:19,1
DA:20,1
DA:22,1
DA:24,1
DA:25,1
DA:26,1
DA:27,1
DA:29,1
LF:14
LH:14
BRF:0
BRH:0
end_of_record
TN:
SF:C:\Users\vance\OneDrive\Desktop\College\Fall 2020\CSC 308\Club-Hub\client\src\UserContext.tsx
FNF:0
FNH:0
DA:19,1
LF:1
LH:1
BRF:0
BRH:0
end_of_record
TN:
SF:C:\Users\vance\OneDrive\Desktop\College\Fall 2020\CSC 308\Club-Hub\client\src\constants.js
FNF:0
FNH:0
DA:2,1
DA:4,1
DA:6,1
LF:3
LH:3
BRDA:6,0,0,0
BRDA:6,0,1,1
BRF:2
BRH:1
end_of_record
TN:
SF:C:\Users\vance\OneDrive\Desktop\College\Fall 2020\CSC 308\Club-Hub\client\src\history.tsx
FNF:0
FNH:0
LF:0
LH:0
BRF:0
BRH:0
end_of_record
TN:
SF:C:\Users\vance\OneDrive\Desktop\College\Fall 2020\CSC 308\Club-Hub\client\src\index.tsx
FNF:0
FNH:0
DA:9,0
DA:11,0
DA:16,0
LF:3
LH:0
BRF:0
BRH:0
end_of_record
TN:
SF:C:\Users\vance\OneDrive\Desktop\College\Fall 2020\CSC 308\Club-Hub\client\src\serviceWorker.ts
FN:28,register
FN:42,(anonymous_1)
FN:51,(anonymous_2)
FN:65,registerValidSW
FN:68,(anonymous_4)
FN:69,(anonymous_5)
FN:74,(anonymous_6)
FN:104,(anonymous_7)
FN:109,checkValidServiceWorker
FN:114,(anonymous_9)
FN:122,(anonymous_10)
FN:123,(anonymous_11)
FN:132,(anonymous_12)
FN:139,unregister
FN:141,(anonymous_14)
FNF:15
FNH:0
FNDA:0,register
FNDA:0,(anonymous_1)
FNDA:0,(anonymous_2)
FNDA:0,registerValidSW
FNDA:0,(anonymous_4)
FNDA:0,(anonymous_5)
FNDA:0,(anonymous_6)
FNDA:0,(anonymous_7)
FNDA:0,checkValidServiceWorker
FNDA:0,(anonymous_9)
FNDA:0,(anonymous_10)
FNDA:0,(anonymous_11)
FNDA:0,(anonymous_12)
FNDA:0,unregister
FNDA:0,(anonymous_14)
DA:13,0
DA:29,0
DA:31,0
DA:35,0
DA:39,0
DA:42,0
DA:43,0
DA:45,0
DA:47,0
DA:51,0
DA:52,0
DA:59,0
DA:66,0
DA:69,0
DA:70,0
DA:71,0
DA:72,0
DA:74,0
DA:75,0
DA:76,0
DA:80,0
DA:86,0
DA:87,0
DA:93,0
DA:96,0
DA:97,0
DA:105,0
DA:111,0
DA:116,0
DA:117,0
DA:122,0
DA:123,0
DA:124,0
DA:129,0
DA:133,0
DA:140,0
DA:141,0
DA:142,0
LF:38
LH:0
BRDA:14,0,0,0
BRDA:14,0,1,0
BRDA:14,0,2,0
BRDA:29,1,0,0
BRDA:29,1,1,0
BRDA:29,2,0,0
BRDA:29,2,1,0
BRDA:35,3,0,0
BRDA:35,3,1,0
BRDA:45,4,0,0
BRDA:45,4,1,0
BRDA:71,5,0,0
BRDA:71,5,1,0
BRDA:75,6,0,0
BRDA:75,6,1,0
BRDA:76,7,0,0
BRDA:76,7,1,0
BRDA:86,8,0,0
BRDA:86,8,1,0
BRDA:86,9,0,0
BRDA:86,9,1,0
BRDA:96,10,0,0
BRDA:96,10,1,0
BRDA:96,11,0,0
BRDA:96,11,1,0
BRDA:117,12,0,0
BRDA:117,12,1,0
BRDA:118,13,0,0
BRDA:118,13,1,0
BRDA:118,13,2,0
BRDA:140,14,0,0
BRDA:140,14,1,0
BRF:32
BRH:0
end_of_record
TN:
SF:C:\Users\vance\OneDrive\Desktop\College\Fall 2020\CSC 308\Club-Hub\client\src\components\Club.tsx
FN:18,(anonymous_0)
FN:35,(anonymous_1)
FN:39,(anonymous_2)
FNF:3
FNH:2
FNDA:4,(anonymous_0)
FNDA:0,(anonymous_1)
FNDA:4,(anonymous_2)
DA:20,4
DA:21,4
DA:22,4
DA:23,4
DA:24,4
DA:25,4
DA:26,4
DA:27,4
DA:28,4
DA:29,4
DA:30,4
DA:36,0
DA:41,4
DA:42,4
LF:14
LH:13
BRF:0
BRH:0
end_of_record
TN:
SF:C:\Users\vance\OneDrive\Desktop\College\Fall 2020\CSC 308\Club-Hub\client\src\components\Event.tsx
FN:8,timeSince
FN:37,(anonymous_1)
FN:46,(anonymous_2)
FN:52,(anonymous_3)
FN:76,(anonymous_4)
FN:100,(anonymous_5)
FN:109,(anonymous_6)
FNF:7
FNH:5
FNDA:5,timeSince
FNDA:5,(anonymous_1)
FNDA:5,(anonymous_2)
FNDA:0,(anonymous_3)
FNDA:0,(anonymous_4)
FNDA:4,(anonymous_5)
FNDA:5,(anonymous_6)
DA:10,5
DA:12,5
DA:14,5
DA:15,0
DA:17,5
DA:18,5
DA:19,0
DA:21,5
DA:22,5
DA:23,0
DA:25,5
DA:26,5
DA:27,0
DA:29,5
DA:30,5
DA:31,0
DA:33,5
DA:38,5
DA:39,5
DA:47,5
DA:49,5
DA:52,0
DA:76,0
DA:98,4
DA:102,4
DA:103,4
DA:104,4
DA:105,4
DA:106,4
DA:110,5
LF:30
LH:23
BRDA:14,0,0,0
BRDA:14,0,1,5
BRDA:18,1,0,0
BRDA:18,1,1,5
BRDA:22,2,0,0
BRDA:22,2,1,5
BRDA:26,3,0,0
BRDA:26,3,1,5
BRDA:30,4,0,0
BRDA:30,4,1,5
BRDA:51,5,0,5
BRDA:51,5,1,4
BRDA:76,6,0,0
BRDA:76,6,1,5
BRDA:76,7,0,0
BRDA:76,7,1,5
BRF:16
BRH:9
end_of_record
TN:
SF:C:\Users\vance\OneDrive\Desktop\College\Fall 2020\CSC 308\Club-Hub\client\src\components\ExploreContainer.tsx
FN:8,(anonymous_0)
FNF:1
FNH:0
FNDA:0,(anonymous_0)
DA:8,0
DA:9,0
LF:2
LH:0
BRF:0
BRH:0
end_of_record
TN:
SF:C:\Users\vance\OneDrive\Desktop\College\Fall 2020\CSC 308\Club-Hub\client\src\components\Post.tsx
FN:15,(anonymous_0)
FN:23,(anonymous_1)
FNF:2
FNH:1
FNDA:4,(anonymous_0)
FNDA:0,(anonymous_1)
DA:16,4
DA:17,4
DA:18,4
DA:19,4
DA:20,4
DA:24,0
LF:6
LH:5
BRF:0
BRH:0
end_of_record
TN:
SF:C:\Users\vance\OneDrive\Desktop\College\Fall 2020\CSC 308\Club-Hub\client\src\components\ProtectedRoute.tsx
FN:11,(anonymous_0)
FN:18,(anonymous_1)
FNF:2
FNH:0
FNDA:0,(anonymous_0)
FNDA:0,(anonymous_1)
DA:11,1
DA:12,0
DA:13,0
DA:14,0
DA:17,0
DA:18,0
DA:19,0
DA:22,0
LF:8
LH:1
BRDA:13,0,0,0
BRDA:13,0,1,0
BRDA:17,1,0,0
BRDA:17,1,1,0
BRF:4
BRH:0
end_of_record
TN:
SF:C:\Users\vance\OneDrive\Desktop\College\Fall 2020\CSC 308\Club-Hub\client\src\components\Student.tsx
FN:14,(anonymous_0)
FN:30,(anonymous_1)
FN:34,(anonymous_2)
FNF:3
FNH:1
FNDA:2,(anonymous_0)
FNDA:0,(anonymous_1)
FNDA:0,(anonymous_2)
DA:16,2
DA:17,2
DA:18,2
DA:19,2
DA:20,2
DA:21,2
DA:22,2
DA:23,2
DA:24,2
DA:25,2
DA:26,2
DA:31,0
DA:35,0
LF:13
LH:11
BRF:0
BRH:0
end_of_record
TN:
SF:C:\Users\vance\OneDrive\Desktop\College\Fall 2020\CSC 308\Club-Hub\client\src\components\backendDataConversion.tsx
FN:5,backendToStudent
FN:8,(anonymous_1)
FN:12,(anonymous_2)
FN:31,backendToClub
FN:55,backendAddEvent
FNF:5
FNH:0
FNDA:0,backendToStudent
FNDA:0,(anonymous_1)
FNDA:0,(anonymous_2)
FNDA:0,backendToClub
FNDA:0,backendAddEvent
DA:6,0
DA:7,0
DA:8,0
DA:10,0
DA:11,0
DA:12,0
DA:15,0
DA:32,0
DA:46,0
DA:47,0
DA:48,0
DA:51,0
DA:56,0
LF:13
LH:0
BRDA:7,0,0,0
BRDA:7,0,1,0
BRDA:7,1,0,0
BRDA:7,1,1,0
BRDA:11,2,0,0
BRDA:11,2,1,0
BRDA:11,3,0,0
BRDA:11,3,1,0
BRDA:46,4,0,0
BRDA:46,4,1,0
BRF:10
BRH:0
end_of_record
TN:
SF:C:\Users\vance\OneDrive\Desktop\College\Fall 2020\CSC 308\Club-Hub\client\src\components\Loader\loader.js
FN:6,(anonymous_0)
FN:10,(anonymous_1)
FNF:2
FNH:0
FNDA:0,(anonymous_0)
FNDA:0,(anonymous_1)
DA:7,0
DA:11,0
LF:2
LH:0
BRF:0
BRH:0
end_of_record
TN:
SF:C:\Users\vance\OneDrive\Desktop\College\Fall 2020\CSC 308\Club-Hub\client\src\pages\AddEvent.tsx
FN:13,(anonymous_0)
FN:22,(anonymous_1)
FN:40,(anonymous_2)
FN:72,(anonymous_3)
FN:72,(anonymous_4)
FN:79,(anonymous_5)
FN:118,(anonymous_6)
FN:119,(anonymous_7)
FNF:8
FNH:3
FNDA:3,(anonymous_0)
FNDA:1,(anonymous_1)
FNDA:0,(anonymous_2)
FNDA:0,(anonymous_3)
FNDA:0,(anonymous_4)
FNDA:0,(anonymous_5)
FNDA:1,(anonymous_6)
FNDA:0,(anonymous_7)
DA:13,1
DA:14,3
DA:16,3
DA:17,3
DA:18,0
DA:22,3
DA:23,1
DA:24,1
DA:25,1
DA:26,1
DA:27,1
DA:28,0
DA:30,1
DA:31,1
DA:32,0
DA:35,1
DA:36,1
DA:37,1
DA:40,0
DA:51,0
DA:52,0
DA:53,0
DA:54,0
DA:61,0
DA:62,0
DA:65,0
DA:67,0
DA:68,0
DA:69,0
DA:70,0
DA:72,0
DA:75,3
DA:79,0
DA:118,1
DA:119,0
LF:35
LH:17
BRDA:17,0,0,0
BRDA:17,0,1,3
BRDA:27,1,0,0
BRDA:27,1,1,1
BRDA:31,2,0,0
BRDA:31,2,1,1
BRDA:35,3,0,1
BRDA:35,3,1,0
BRDA:35,4,0,1
BRDA:35,4,1,1
BRDA:35,4,2,1
BRDA:35,4,3,1
BRDA:53,5,0,0
BRDA:53,5,1,0
BRF:14
BRH:8
end_of_record
TN:
SF:C:\Users\vance\OneDrive\Desktop\College\Fall 2020\CSC 308\Club-Hub\client\src\pages\ClubProfile.tsx
FN:13,(anonymous_0)
FN:34,joinButton
FN:38,(anonymous_2)
FN:50,(anonymous_3)
FN:51,(anonymous_4)
FN:63,(anonymous_5)
FN:87,(anonymous_6)
FNF:7
FNH:4
FNDA:1,(anonymous_0)
FNDA:0,joinButton
FNDA:0,(anonymous_2)
FNDA:1,(anonymous_3)
FNDA:2,(anonymous_4)
FNDA:1,(anonymous_5)
FNDA:0,(anonymous_6)
DA:13,1
DA:15,1
DA:16,1
DA:17,0
DA:19,1
DA:20,1
DA:21,0
DA:24,1
DA:25,1
DA:26,1
DA:27,0
DA:30,1
DA:31,1
DA:32,1
DA:35,0
DA:36,0
DA:37,0
DA:38,0
DA:39,0
DA:43,0
DA:44,0
DA:45,0
DA:50,1
DA:51,2
DA:53,1
DA:63,1
DA:87,0
LF:27
LH:15
BRDA:16,0,0,0
BRDA:16,0,1,1
BRDA:20,1,0,0
BRDA:20,1,1,1
BRDA:26,2,0,0
BRDA:26,2,1,1
BRDA:35,3,0,0
BRDA:35,3,1,0
BRDA:35,4,0,0
BRDA:35,4,1,0
BRDA:36,5,0,0
BRDA:36,5,1,0
BRDA:38,6,0,0
BRDA:38,6,1,0
BRDA:62,7,0,1
BRDA:62,7,1,1
BRDA:87,8,0,0
BRDA:87,8,1,1
BRDA:87,9,0,0
BRDA:87,9,1,0
BRF:20
BRH:6
end_of_record
TN:
SF:C:\Users\vance\OneDrive\Desktop\College\Fall 2020\CSC 308\Club-Hub\client\src\pages\Explore.tsx
FN:15,(anonymous_0)
FN:17,(anonymous_1)
FN:19,(anonymous_2)
FN:29,(anonymous_3)
FN:38,(anonymous_4)
FN:41,(anonymous_5)
FN:46,(anonymous_6)
FN:51,(anonymous_7)
FN:65,(anonymous_8)
FN:68,(anonymous_9)
FN:79,(anonymous_10)
FN:81,(anonymous_11)
FN:83,(anonymous_12)
FN:91,(anonymous_13)
FN:102,(anonymous_14)
FNF:15
FNH:6
FNDA:4,(anonymous_0)
FNDA:15,(anonymous_1)
FNDA:0,(anonymous_2)
FNDA:1,(anonymous_3)
FNDA:0,(anonymous_4)
FNDA:4,(anonymous_5)
FNDA:0,(anonymous_6)
FNDA:1,(anonymous_7)
FNDA:0,(anonymous_8)
FNDA:0,(anonymous_9)
FNDA:0,(anonymous_10)
FNDA:0,(anonymous_11)
FNDA:0,(anonymous_12)
FNDA:1,(anonymous_13)
FNDA:0,(anonymous_14)
DA:15,1
DA:17,15
DA:18,4
DA:19,0
DA:29,1
DA:30,1
DA:31,1
DA:32,0
DA:34,1
DA:35,1
DA:36,0
DA:38,1
DA:41,4
DA:43,1
DA:44,1
DA:46,1
DA:47,0
DA:48,0
DA:51,1
DA:52,1
DA:65,1
DA:67,0
DA:68,0
DA:79,1
DA:80,0
DA:81,0
DA:83,0
DA:85,0
DA:91,1
DA:93,1
DA:102,0
LF:31
LH:19
BRDA:31,0,0,0
BRDA:31,0,1,1
BRDA:35,1,0,0
BRDA:35,1,1,1
BRDA:91,2,0,1
BRDA:91,2,1,0
BRDA:91,3,0,1
BRDA:91,3,1,0
BRF:8
BRH:4
end_of_record
TN:
SF:C:\Users\vance\OneDrive\Desktop\College\Fall 2020\CSC 308\Club-Hub\client\src\pages\Feed.tsx
FN:13,(anonymous_0)
FN:24,fetch_posts
FN:37,(anonymous_2)
FN:47,(anonymous_3)
FN:52,(anonymous_4)
FN:53,(anonymous_5)
FNF:6
FNH:5
FNDA:1,(anonymous_0)
FNDA:1,fetch_posts
FNDA:2,(anonymous_2)
FNDA:2,(anonymous_3)
FNDA:4,(anonymous_4)
FNDA:0,(anonymous_5)
DA:13,1
DA:15,1
DA:16,1
DA:17,0
DA:19,1
DA:20,1
DA:21,0
DA:25,1
DA:27,1
DA:28,0
DA:31,1
DA:32,2
DA:33,2
DA:34,0
DA:37,2
DA:41,1
DA:42,2
DA:43,2
DA:44,0
DA:47,2
DA:51,1
DA:52,1
DA:53,4
DA:55,1
DA:58,1
LF:25
LH:20
BRDA:16,0,0,0
BRDA:16,0,1,1
BRDA:20,1,0,0
BRDA:20,1,1,1
BRDA:27,2,0,0
BRDA:27,2,1,1
BRDA:27,3,0,1
BRDA:27,3,1,1
BRDA:33,4,0,0
BRDA:33,4,1,2
BRDA:43,5,0,0
BRDA:43,5,1,2
BRF:12
BRH:7
end_of_record
TN:
SF:C:\Users\vance\OneDrive\Desktop\College\Fall 2020\CSC 308\Club-Hub\client\src\pages\MyClubs.tsx
FN:11,(anonymous_0)
FN:13,(anonymous_1)
FN:24,(anonymous_2)
FN:34,(anonymous_3)
FN:36,(anonymous_4)
FNF:5
FNH:4
FNDA:1,(anonymous_0)
FNDA:1,(anonymous_1)
FNDA:2,(anonymous_2)
FNDA:8,(anonymous_3)
FNDA:0,(anonymous_4)
DA:11,1
DA:12,1
DA:13,1
DA:24,1
DA:25,2
DA:26,2
DA:27,0
DA:29,2
DA:30,2
DA:31,0
DA:34,2
DA:35,8
DA:36,0
DA:47,2
DA:48,2
DA:51,2
DA:52,4
DA:53,4
DA:54,0
DA:57,4
DA:62,2
DA:63,4
DA:64,4
DA:65,0
DA:68,4
DA:72,2
LF:26
LH:21
BRDA:26,0,0,0
BRDA:26,0,1,2
BRDA:30,1,0,0
BRDA:30,1,1,2
BRDA:53,2,0,0
BRDA:53,2,1,4
BRDA:64,3,0,0
BRDA:64,3,1,4
BRDA:87,4,0,2
BRDA:87,4,1,1
BRF:10
BRH:6
end_of_record
TN:
SF:C:\Users\vance\OneDrive\Desktop\College\Fall 2020\CSC 308\Club-Hub\client\src\pages\UserProfile.tsx
FN:12,(anonymous_0)
FN:18,(anonymous_1)
FN:57,(anonymous_2)
FN:78,(anonymous_3)
FNF:4
FNH:2
FNDA:1,(anonymous_0)
FNDA:2,(anonymous_1)
FNDA:0,(anonymous_2)
FNDA:0,(anonymous_3)
DA:12,1
DA:13,1
DA:14,1
DA:15,0
DA:18,2
DA:20,1
DA:57,0
DA:78,0
LF:8
LH:5
BRDA:14,0,0,0
BRDA:14,0,1,1
BRF:2
BRH:1
end_of_record
TN:
SF:C:\Users\vance\OneDrive\Desktop\College\Fall 2020\CSC 308\Club-Hub\client\src\pages\club-registration\ClubColleges.tsx
FN:4,(anonymous_0)
FNF:1
FNH:0
FNDA:0,(anonymous_0)
DA:4,1
DA:5,0
LF:2
LH:1
BRF:0
BRH:0
end_of_record
TN:
SF:C:\Users\vance\OneDrive\Desktop\College\Fall 2020\CSC 308\Club-Hub\client\src\pages\club-registration\ClubRegistration.tsx
FN:24,(anonymous_0)
FN:29,(anonymous_1)
FN:67,handleSubmit
FN:85,(anonymous_3)
FN:85,(anonymous_4)
FN:90,(anonymous_5)
FN:113,(anonymous_6)
FN:117,(anonymous_7)
FN:121,(anonymous_8)
FN:133,(anonymous_9)
FN:174,(anonymous_10)
FN:178,(anonymous_11)
FNF:12
FNH:2
FNDA:1,(anonymous_0)
FNDA:0,(anonymous_1)
FNDA:0,handleSubmit
FNDA:0,(anonymous_3)
FNDA:0,(anonymous_4)
FNDA:3,(anonymous_5)
FNDA:0,(anonymous_6)
FNDA:0,(anonymous_7)
FNDA:0,(anonymous_8)
FNDA:0,(anonymous_9)
FNDA:0,(anonymous_10)
FNDA:0,(anonymous_11)
DA:24,1
DA:25,1
DA:26,1
DA:27,1
DA:29,1
DA:30,0
DA:36,0
DA:40,1
DA:41,1
DA:42,1
DA:43,1
DA:44,1
DA:45,1
DA:46,1
DA:49,1
DA:54,1
DA:58,1
DA:59,1
DA:60,1
DA:61,1
DA:62,1
DA:63,1
DA:64,1
DA:69,0
DA:70,0
DA:71,0
DA:74,0
DA:85,0
DA:90,3
DA:92,1
DA:113,0
DA:117,0
DA:121,0
DA:133,0
DA:174,0
DA:178,0
LF:36
LH:23
BRDA:69,0,0,0
BRDA:69,0,1,0
BRDA:102,1,0,0
BRDA:102,1,1,1
BRDA:113,2,0,0
BRDA:113,2,1,0
BRDA:117,3,0,0
BRDA:117,3,1,0
BRDA:175,4,0,1
BRDA:175,4,1,0
BRDA:179,5,0,1
BRDA:179,5,1,0
BRF:12
BRH:3
end_of_record
TN:
SF:C:\Users\vance\OneDrive\Desktop\College\Fall 2020\CSC 308\Club-Hub\client\src\pages\club-registration\ClubRegistrationManager.tsx
FN:11,(anonymous_0)
FN:28,addTag
FN:34,(anonymous_2)
FN:38,editMedia
FN:46,(anonymous_4)
FN:47,(anonymous_5)
FN:48,(anonymous_6)
FNF:7
FNH:2
FNDA:1,(anonymous_0)
FNDA:0,addTag
FNDA:0,(anonymous_2)
FNDA:0,editMedia
FNDA:0,(anonymous_4)
FNDA:0,(anonymous_5)
FNDA:1,(anonymous_6)
DA:11,1
DA:12,1
DA:13,1
DA:18,1
DA:19,1
DA:20,1
DA:21,1
DA:22,1
DA:24,1
DA:29,0
DA:30,0
DA:33,0
DA:34,0
DA:39,0
DA:40,0
DA:41,0
DA:44,1
DA:46,0
DA:47,0
DA:48,1
LF:20
LH:11
BRDA:29,0,0,0
BRDA:29,0,1,0
BRF:2
BRH:0
end_of_record
TN:
SF:C:\Users\vance\OneDrive\Desktop\College\Fall 2020\CSC 308\Club-Hub\client\src\pages\club-registration\ClubSocials.tsx
FN:11,(anonymous_0)
FN:18,(anonymous_1)
FN:23,(anonymous_2)
FNF:3
FNH:0
FNDA:0,(anonymous_0)
FNDA:0,(anonymous_1)
FNDA:0,(anonymous_2)
DA:11,1
DA:12,0
DA:18,0
DA:19,0
DA:23,0
DA:27,0
LF:6
LH:1
BRF:0
BRH:0
end_of_record
TN:
SF:C:\Users\vance\OneDrive\Desktop\College\Fall 2020\CSC 308\Club-Hub\client\src\pages\club-registration\ClubTypes.tsx
FN:10,(anonymous_0)
FN:30,(anonymous_1)
FN:33,(anonymous_2)
FNF:3
FNH:0
FNDA:0,(anonymous_0)
FNDA:0,(anonymous_1)
FNDA:0,(anonymous_2)
DA:10,1
DA:12,0
DA:30,0
DA:31,0
DA:33,0
DA:38,0
LF:6
LH:1
BRF:0
BRH:0
end_of_record
TN:
SF:C:\Users\vance\OneDrive\Desktop\College\Fall 2020\CSC 308\Club-Hub\client\src\pages\club-registration\DaysOfWeek.tsx
FN:5,(anonymous_0)
FNF:1
FNH:0
FNDA:0,(anonymous_0)
DA:5,1
DA:6,0
LF:2
LH:1
BRF:0
BRH:0
end_of_record
TN:
SF:C:\Users\vance\OneDrive\Desktop\College\Fall 2020\CSC 308\Club-Hub\client\src\pages\front-pages\FrontPage.tsx
FN:11,(anonymous_0)
FN:21,(anonymous_1)
FN:25,(anonymous_2)
FN:31,(anonymous_3)
FNF:4
FNH:3
FNDA:2,(anonymous_0)
FNDA:1,(anonymous_1)
FNDA:1,(anonymous_2)
FNDA:0,(anonymous_3)
DA:11,1
DA:12,2
DA:21,1
DA:25,1
DA:31,0
LF:5
LH:4
BRF:0
BRH:0
end_of_record
TN:
SF:C:\Users\vance\OneDrive\Desktop\College\Fall 2020\CSC 308\Club-Hub\client\src\pages\front-pages\SignIn.tsx
FN:20,(anonymous_0)
FN:23,(anonymous_1)
FN:24,(anonymous_2)
FN:24,(anonymous_3)
FN:43,(anonymous_4)
FN:55,(anonymous_5)
FN:64,(anonymous_6)
FNF:7
FNH:3
FNDA:2,(anonymous_0)
FNDA:0,(anonymous_1)
FNDA:0,(anonymous_2)
FNDA:0,(anonymous_3)
FNDA:2,(anonymous_4)
FNDA:2,(anonymous_5)
FNDA:0,(anonymous_6)
DA:20,1
DA:21,2
DA:23,2
DA:24,0
DA:27,2
DA:44,2
DA:56,2
DA:65,0
LF:8
LH:6
BRF:0
BRH:0
end_of_record
TN:
SF:C:\Users\vance\OneDrive\Desktop\College\Fall 2020\CSC 308\Club-Hub\client\src\pages\front-pages\SignUp.tsx
FN:24,(anonymous_0)
FN:27,(anonymous_1)
FN:29,(anonymous_2)
FN:29,(anonymous_3)
FN:47,(anonymous_4)
FN:58,(anonymous_5)
FN:69,(anonymous_6)
FN:80,(anonymous_7)
FN:89,(anonymous_8)
FNF:9
FNH:5
FNDA:1,(anonymous_0)
FNDA:0,(anonymous_1)
FNDA:0,(anonymous_2)
FNDA:0,(anonymous_3)
FNDA:1,(anonymous_4)
FNDA:1,(anonymous_5)
FNDA:1,(anonymous_6)
FNDA:1,(anonymous_7)
FNDA:0,(anonymous_8)
DA:24,1
DA:25,1
DA:27,1
DA:28,0
DA:29,0
DA:32,1
DA:48,1
DA:59,1
DA:70,1
DA:81,1
DA:90,0
LF:11
LH:8
BRF:0
BRH:0
end_of_record
TN:
SF:C:\Users\vance\OneDrive\Desktop\College\Fall 2020\CSC 308\Club-Hub\client\src\pages\interest-quiz\DataList.js
FN:7,(anonymous_0)
FN:10,(anonymous_1)
FN:13,(anonymous_2)
FNF:3
FNH:2
FNDA:2,(anonymous_0)
FNDA:0,(anonymous_1)
FNDA:2,(anonymous_2)
DA:8,2
DA:10,2
DA:11,0
DA:14,2
LF:4
LH:3
BRF:0
BRH:0
end_of_record
TN:
SF:C:\Users\vance\OneDrive\Desktop\College\Fall 2020\CSC 308\Club-Hub\client\src\pages\interest-quiz\InterestQuiz.tsx
FN:32,(anonymous_0)
FN:43,(anonymous_1)
FN:52,(anonymous_2)
FN:53,(anonymous_3)
FN:56,(anonymous_4)
FN:64,(anonymous_5)
FN:80,(anonymous_6)
FN:87,(anonymous_7)
FN:97,(anonymous_8)
FN:109,(anonymous_9)
FNF:10
FNH:6
FNDA:2,(anonymous_0)
FNDA:1,(anonymous_1)
FNDA:0,(anonymous_2)
FNDA:0,(anonymous_3)
FNDA:1,(anonymous_4)
FNDA:0,(anonymous_5)
FNDA:0,(anonymous_6)
FNDA:5,(anonymous_7)
FNDA:1,(anonymous_8)
FNDA:6,(anonymous_9)
DA:30,1
DA:33,2
DA:34,2
DA:43,2
DA:44,1
DA:45,1
DA:46,1
DA:47,1
DA:48,1
DA:49,1
DA:51,0
DA:52,0
DA:53,0
DA:56,2
DA:57,1
DA:61,1
DA:64,2
DA:65,0
DA:66,0
DA:71,0
DA:72,0
DA:73,0
DA:74,0
DA:75,0
DA:79,0
DA:80,0
DA:81,0
DA:87,2
DA:88,5
DA:89,1
DA:92,4
DA:97,2
DA:98,1
DA:99,1
DA:103,2
DA:110,6
LF:36
LH:23
BRDA:46,0,0,1
BRDA:46,0,1,0
BRDA:46,1,0,1
BRDA:46,1,1,1
BRDA:65,2,0,0
BRDA:65,2,1,0
BRDA:73,3,0,0
BRDA:73,3,1,0
BRDA:88,4,0,1
BRDA:88,4,1,4
BRF:10
BRH:5
end_of_record
TN:
SF:C:\Users\vance\OneDrive\Desktop\College\Fall 2020\CSC 308\Club-Hub\client\src\pages\interest-quiz\InterestQuizIntro.tsx
FN:10,(anonymous_0)
FN:19,(anonymous_1)
FN:22,(anonymous_2)
FNF:3
FNH:3
FNDA:2,(anonymous_0)
FNDA:1,(anonymous_1)
FNDA:1,(anonymous_2)
DA:10,1
DA:14,2
DA:19,1
DA:22,1
LF:4
LH:4
BRF:0
BRH:0
end_of_record
TN:
SF:C:\Users\vance\OneDrive\Desktop\College\Fall 2020\CSC 308\Club-Hub\client\src\pages\interest-quiz\InterestQuizPg1.tsx
FN:12,(anonymous_0)
FN:21,(anonymous_1)
FN:22,(anonymous_2)
FN:33,(anonymous_3)
FN:40,(anonymous_4)
FN:46,(anonymous_5)
FNF:6
FNH:4
FNDA:1,(anonymous_0)
FNDA:6,(anonymous_1)
FNDA:56,(anonymous_2)
FNDA:0,(anonymous_3)
FNDA:0,(anonymous_4)
FNDA:1,(anonymous_5)
DA:12,1
DA:13,1
DA:14,1
DA:16,1
DA:19,1
DA:21,6
DA:22,56
DA:24,1
DA:33,0
DA:40,0
DA:46,1
LF:11
LH:9
BRF:0
BRH:0
end_of_record
TN:
SF:C:\Users\vance\OneDrive\Desktop\College\Fall 2020\CSC 308\Club-Hub\client\src\pages\interest-quiz\InterestQuizPg2.tsx
FN:11,(anonymous_0)
FN:27,(anonymous_1)
FN:30,(anonymous_2)
FN:35,(anonymous_3)
FNF:4
FNH:3
FNDA:1,(anonymous_0)
FNDA:6,(anonymous_1)
FNDA:0,(anonymous_2)
FNDA:1,(anonymous_3)
DA:11,1
DA:13,1
DA:21,1
DA:28,6
DA:30,0
DA:35,1
LF:6
LH:5
BRF:0
BRH:0
end_of_record
TN:
SF:C:\Users\vance\OneDrive\Desktop\College\Fall 2020\CSC 308\Club-Hub\client\src\pages\interest-quiz\InterestQuizPg3.tsx
FN:10,(anonymous_0)
FN:26,(anonymous_1)
FN:29,(anonymous_2)
FN:34,(anonymous_3)
FNF:4
FNH:3
FNDA:1,(anonymous_0)
FNDA:6,(anonymous_1)
FNDA:0,(anonymous_2)
FNDA:1,(anonymous_3)
DA:10,1
DA:12,1
DA:20,1
DA:27,6
DA:29,0
DA:34,1
LF:6
LH:5
BRF:0
BRH:0
end_of_record
TN:
SF:C:\Users\vance\OneDrive\Desktop\College\Fall 2020\CSC 308\Club-Hub\client\src\pages\interest-quiz\InterestQuizPg4.tsx
FN:10,(anonymous_0)
FN:24,(anonymous_1)
FN:27,(anonymous_2)
FN:32,(anonymous_3)
FNF:4
FNH:3
FNDA:1,(anonymous_0)
FNDA:5,(anonymous_1)
FNDA:0,(anonymous_2)
FNDA:1,(anonymous_3)
DA:10,1
DA:12,1
DA:18,1
DA:25,5
DA:27,0
DA:32,1
LF:6
LH:5
BRF:0
BRH:0
end_of_record
TN:
SF:C:\Users\vance\OneDrive\Desktop\College\Fall 2020\CSC 308\Club-Hub\client\src\pages\interest-quiz\listOfMajors.tsx
FNF:0
FNH:0
DA:1,1
LF:1
LH:1
BRF:0
BRH:0
end_of_record
TN:
SF:C:\Users\vance\OneDrive\Desktop\College\Fall 2020\CSC 308\Club-Hub\client\src\services\VerificationPage.tsx
FN:4,(anonymous_0)
FNF:1
FNH:0
FNDA:0,(anonymous_0)
DA:4,0
DA:5,0
LF:2
LH:0
BRF:0
BRH:0
end_of_record
TN:
SF:C:\Users\vance\OneDrive\Desktop\College\Fall 2020\CSC 308\Club-Hub\client\src\services\api.tsx
FN:7,(anonymous_0)
FN:9,(anonymous_1)
FN:17,(anonymous_2)
FN:27,(anonymous_3)
FN:32,(anonymous_4)
FN:34,(anonymous_5)
FN:38,(anonymous_6)
FN:48,(anonymous_7)
FN:51,(anonymous_8)
FN:61,(anonymous_9)
FN:70,(anonymous_10)
FN:76,(anonymous_11)
FN:78,(anonymous_12)
FN:83,(anonymous_13)
FN:99,(anonymous_14)
FN:116,(anonymous_15)
FN:121,(anonymous_16)
FN:124,(anonymous_17)
FN:128,(anonymous_18)
FN:133,(anonymous_19)
FN:146,(anonymous_20)
FN:147,(anonymous_21)
FN:150,(anonymous_22)
FN:153,(anonymous_23)
FN:154,(anonymous_24)
FN:157,(anonymous_25)
FN:159,(anonymous_26)
FN:160,(anonymous_27)
FN:163,(anonymous_28)
FN:165,(anonymous_29)
FN:166,(anonymous_30)
FNF:31
FNH:0
FNDA:0,(anonymous_0)
FNDA:0,(anonymous_1)
FNDA:0,(anonymous_2)
FNDA:0,(anonymous_3)
FNDA:0,(anonymous_4)
FNDA:0,(anonymous_5)
FNDA:0,(anonymous_6)
FNDA:0,(anonymous_7)
FNDA:0,(anonymous_8)
FNDA:0,(anonymous_9)
FNDA:0,(anonymous_10)
FNDA:0,(anonymous_11)
FNDA:0,(anonymous_12)
FNDA:0,(anonymous_13)
FNDA:0,(anonymous_14)
FNDA:0,(anonymous_15)
FNDA:0,(anonymous_16)
FNDA:0,(anonymous_17)
FNDA:0,(anonymous_18)
FNDA:0,(anonymous_19)
FNDA:0,(anonymous_20)
FNDA:0,(anonymous_21)
FNDA:0,(anonymous_22)
FNDA:0,(anonymous_23)
FNDA:0,(anonymous_24)
FNDA:0,(anonymous_25)
FNDA:0,(anonymous_26)
FNDA:0,(anonymous_27)
FNDA:0,(anonymous_28)
FNDA:0,(anonymous_29)
FNDA:0,(anonymous_30)
DA:8,0
DA:11,0
DA:12,0
DA:15,0
DA:19,0
DA:21,0
DA:23,0
DA:24,0
DA:33,0
DA:36,0
DA:39,0
DA:41,0
DA:43,0
DA:49,0
DA:50,0
DA:53,0
DA:54,0
DA:55,0
DA:58,0
DA:63,0
DA:65,0
DA:67,0
DA:76,1
DA:77,0
DA:80,0
DA:83,0
DA:84,0
DA:85,0
DA:99,0
DA:100,0
DA:112,0
DA:114,0
DA:117,0
DA:121,1
DA:122,0
DA:123,0
DA:125,0
DA:126,0
DA:129,0
DA:134,0
DA:145,0
DA:146,0
DA:147,0
DA:151,0
DA:152,0
DA:153,0
DA:154,0
DA:158,0
DA:159,0
DA:160,0
DA:164,0
DA:165,0
DA:166,0
LF:53
LH:2
BRDA:11,0,0,0
BRDA:11,0,1,0
BRDA:19,1,0,0
BRDA:19,1,1,0
BRDA:39,2,0,0
BRDA:39,2,1,0
BRDA:54,3,0,0
BRDA:54,3,1,0
BRDA:63,4,0,0
BRDA:63,4,1,0
BRF:10
BRH:0
end_of_record
